<?xml version="1.0" encoding="UTF-8"?>
<testsuite xmlns:xsi="http://www.w3.org/2001/XMLSchema-instance" xsi:noNamespaceSchemaLocation="https://maven.apache.org/surefire/maven-surefire-plugin/xsd/surefire-test-report-3.0.xsd" version="3.0" name="Ejecutador.Runner" time="453.369" tests="50" errors="0" skipped="0" failures="0">
  <properties>
    <property name="java.specification.version" value="23"/>
    <property name="sun.cpu.isalist" value="amd64"/>
    <property name="sun.jnu.encoding" value="Cp1252"/>
    <property name="java.class.path" value="C:\Users\ignac\OneDrive\Documents\GitHub\PruebasTaskhub\target\test-classes;C:\Users\ignac\OneDrive\Documents\GitHub\PruebasTaskhub\target\classes;C:\Users\ignac\.m2\repository\junit\junit\4.13.2\junit-4.13.2.jar;C:\Users\ignac\.m2\repository\org\hamcrest\hamcrest-core\1.3\hamcrest-core-1.3.jar;C:\Users\ignac\.m2\repository\org\seleniumhq\selenium\selenium-java\4.26.0\selenium-java-4.26.0.jar;C:\Users\ignac\.m2\repository\org\seleniumhq\selenium\selenium-api\4.26.0\selenium-api-4.26.0.jar;C:\Users\ignac\.m2\repository\org\jspecify\jspecify\1.0.0\jspecify-1.0.0.jar;C:\Users\ignac\.m2\repository\org\seleniumhq\selenium\selenium-chrome-driver\4.26.0\selenium-chrome-driver-4.26.0.jar;C:\Users\ignac\.m2\repository\com\google\auto\service\auto-service-annotations\1.1.1\auto-service-annotations-1.1.1.jar;C:\Users\ignac\.m2\repository\org\seleniumhq\selenium\selenium-chromium-driver\4.26.0\selenium-chromium-driver-4.26.0.jar;C:\Users\ignac\.m2\repository\org\seleniumhq\selenium\selenium-json\4.26.0\selenium-json-4.26.0.jar;C:\Users\ignac\.m2\repository\org\seleniumhq\selenium\selenium-manager\4.26.0\selenium-manager-4.26.0.jar;C:\Users\ignac\.m2\repository\org\seleniumhq\selenium\selenium-devtools-v128\4.26.0\selenium-devtools-v128-4.26.0.jar;C:\Users\ignac\.m2\repository\org\seleniumhq\selenium\selenium-devtools-v129\4.26.0\selenium-devtools-v129-4.26.0.jar;C:\Users\ignac\.m2\repository\org\seleniumhq\selenium\selenium-devtools-v130\4.26.0\selenium-devtools-v130-4.26.0.jar;C:\Users\ignac\.m2\repository\org\seleniumhq\selenium\selenium-devtools-v85\4.26.0\selenium-devtools-v85-4.26.0.jar;C:\Users\ignac\.m2\repository\org\seleniumhq\selenium\selenium-edge-driver\4.26.0\selenium-edge-driver-4.26.0.jar;C:\Users\ignac\.m2\repository\org\seleniumhq\selenium\selenium-firefox-driver\4.26.0\selenium-firefox-driver-4.26.0.jar;C:\Users\ignac\.m2\repository\org\seleniumhq\selenium\selenium-http\4.26.0\selenium-http-4.26.0.jar;C:\Users\ignac\.m2\repository\dev\failsafe\failsafe\3.3.2\failsafe-3.3.2.jar;C:\Users\ignac\.m2\repository\org\seleniumhq\selenium\selenium-ie-driver\4.26.0\selenium-ie-driver-4.26.0.jar;C:\Users\ignac\.m2\repository\org\seleniumhq\selenium\selenium-remote-driver\4.26.0\selenium-remote-driver-4.26.0.jar;C:\Users\ignac\.m2\repository\com\google\guava\guava\33.3.1-jre\guava-33.3.1-jre.jar;C:\Users\ignac\.m2\repository\com\google\guava\failureaccess\1.0.2\failureaccess-1.0.2.jar;C:\Users\ignac\.m2\repository\com\google\guava\listenablefuture\9999.0-empty-to-avoid-conflict-with-guava\listenablefuture-9999.0-empty-to-avoid-conflict-with-guava.jar;C:\Users\ignac\.m2\repository\com\google\code\findbugs\jsr305\3.0.2\jsr305-3.0.2.jar;C:\Users\ignac\.m2\repository\org\checkerframework\checker-qual\3.43.0\checker-qual-3.43.0.jar;C:\Users\ignac\.m2\repository\com\google\errorprone\error_prone_annotations\2.28.0\error_prone_annotations-2.28.0.jar;C:\Users\ignac\.m2\repository\com\google\j2objc\j2objc-annotations\3.0.0\j2objc-annotations-3.0.0.jar;C:\Users\ignac\.m2\repository\io\opentelemetry\semconv\opentelemetry-semconv\1.25.0-alpha\opentelemetry-semconv-1.25.0-alpha.jar;C:\Users\ignac\.m2\repository\io\opentelemetry\opentelemetry-api\1.43.0\opentelemetry-api-1.43.0.jar;C:\Users\ignac\.m2\repository\io\opentelemetry\opentelemetry-context\1.43.0\opentelemetry-context-1.43.0.jar;C:\Users\ignac\.m2\repository\io\opentelemetry\opentelemetry-exporter-logging\1.43.0\opentelemetry-exporter-logging-1.43.0.jar;C:\Users\ignac\.m2\repository\io\opentelemetry\opentelemetry-sdk-common\1.43.0\opentelemetry-sdk-common-1.43.0.jar;C:\Users\ignac\.m2\repository\io\opentelemetry\opentelemetry-sdk-extension-autoconfigure-spi\1.43.0\opentelemetry-sdk-extension-autoconfigure-spi-1.43.0.jar;C:\Users\ignac\.m2\repository\io\opentelemetry\opentelemetry-sdk-extension-autoconfigure\1.43.0\opentelemetry-sdk-extension-autoconfigure-1.43.0.jar;C:\Users\ignac\.m2\repository\io\opentelemetry\opentelemetry-api-incubator\1.43.0-alpha\opentelemetry-api-incubator-1.43.0-alpha.jar;C:\Users\ignac\.m2\repository\io\opentelemetry\opentelemetry-sdk-trace\1.43.0\opentelemetry-sdk-trace-1.43.0.jar;C:\Users\ignac\.m2\repository\io\opentelemetry\opentelemetry-sdk\1.43.0\opentelemetry-sdk-1.43.0.jar;C:\Users\ignac\.m2\repository\io\opentelemetry\opentelemetry-sdk-metrics\1.43.0\opentelemetry-sdk-metrics-1.43.0.jar;C:\Users\ignac\.m2\repository\io\opentelemetry\opentelemetry-sdk-logs\1.43.0\opentelemetry-sdk-logs-1.43.0.jar;C:\Users\ignac\.m2\repository\net\bytebuddy\byte-buddy\1.15.7\byte-buddy-1.15.7.jar;C:\Users\ignac\.m2\repository\org\seleniumhq\selenium\selenium-os\4.26.0\selenium-os-4.26.0.jar;C:\Users\ignac\.m2\repository\org\apache\commons\commons-exec\1.4.0\commons-exec-1.4.0.jar;C:\Users\ignac\.m2\repository\org\seleniumhq\selenium\selenium-safari-driver\4.26.0\selenium-safari-driver-4.26.0.jar;C:\Users\ignac\.m2\repository\org\seleniumhq\selenium\selenium-support\4.26.0\selenium-support-4.26.0.jar;C:\Users\ignac\.m2\repository\io\cucumber\cucumber-java\7.20.0\cucumber-java-7.20.0.jar;C:\Users\ignac\.m2\repository\org\apiguardian\apiguardian-api\1.1.2\apiguardian-api-1.1.2.jar;C:\Users\ignac\.m2\repository\io\cucumber\cucumber-junit\7.20.0\cucumber-junit-7.20.0.jar;C:\Users\ignac\.m2\repository\io\cucumber\cucumber-picocontainer\7.20.0\cucumber-picocontainer-7.20.0.jar;C:\Users\ignac\.m2\repository\org\picocontainer\picocontainer\2.15\picocontainer-2.15.jar;C:\Users\ignac\.m2\repository\io\cucumber\cucumber-core\7.20.0\cucumber-core-7.20.0.jar;C:\Users\ignac\.m2\repository\io\cucumber\cucumber-gherkin\7.20.0\cucumber-gherkin-7.20.0.jar;C:\Users\ignac\.m2\repository\io\cucumber\cucumber-gherkin-messages\7.20.0\cucumber-gherkin-messages-7.20.0.jar;C:\Users\ignac\.m2\repository\io\cucumber\gherkin\28.0.0\gherkin-28.0.0.jar;C:\Users\ignac\.m2\repository\io\cucumber\messages\24.1.0\messages-24.1.0.jar;C:\Users\ignac\.m2\repository\io\cucumber\testng-xml-formatter\0.2.0\testng-xml-formatter-0.2.0.jar;C:\Users\ignac\.m2\repository\io\cucumber\query\12.2.0\query-12.2.0.jar;C:\Users\ignac\.m2\repository\io\cucumber\tag-expressions\6.1.0\tag-expressions-6.1.0.jar;C:\Users\ignac\.m2\repository\io\cucumber\cucumber-expressions\17.1.0\cucumber-expressions-17.1.0.jar;C:\Users\ignac\.m2\repository\io\cucumber\datatable\7.20.0\datatable-7.20.0.jar;C:\Users\ignac\.m2\repository\io\cucumber\cucumber-plugin\7.20.0\cucumber-plugin-7.20.0.jar;C:\Users\ignac\.m2\repository\io\cucumber\docstring\7.20.0\docstring-7.20.0.jar;C:\Users\ignac\.m2\repository\io\cucumber\html-formatter\21.7.0\html-formatter-21.7.0.jar;C:\Users\ignac\.m2\repository\io\cucumber\junit-xml-formatter\0.5.0\junit-xml-formatter-0.5.0.jar;C:\Users\ignac\.m2\repository\io\cucumber\ci-environment\10.0.1\ci-environment-10.0.1.jar;"/>
    <property name="java.vm.vendor" value="Eclipse Adoptium"/>
    <property name="sun.arch.data.model" value="64"/>
    <property name="user.variant" value=""/>
    <property name="java.vendor.url" value="https://adoptium.net/"/>
    <property name="user.timezone" value="America/Santiago"/>
    <property name="user.country.format" value="DE"/>
    <property name="os.name" value="Windows 11"/>
    <property name="java.vm.specification.version" value="23"/>
    <property name="sun.java.launcher" value="SUN_STANDARD"/>
    <property name="user.country" value="MX"/>
    <property name="sun.boot.library.path" value="C:\Users\ignac\.p2\pool\plugins\org.eclipse.justj.openjdk.hotspot.jre.full.win32.x86_64_23.0.1.v20241024-1700\jre\bin"/>
    <property name="sun.java.command" value="C:\Users\ignac\AppData\Local\Temp\surefire7014719464317329249\surefirebooter8958381580837854446.jar C:\Users\ignac\AppData\Local\Temp\surefire7014719464317329249 2024-11-23T10-15-30_027-jvmRun1 surefire11518698223058595790tmp surefire_06826268980728820230tmp"/>
    <property name="jdk.debug" value="release"/>
    <property name="surefire.test.class.path" value="C:\Users\ignac\OneDrive\Documents\GitHub\PruebasTaskhub\target\test-classes;C:\Users\ignac\OneDrive\Documents\GitHub\PruebasTaskhub\target\classes;C:\Users\ignac\.m2\repository\junit\junit\4.13.2\junit-4.13.2.jar;C:\Users\ignac\.m2\repository\org\hamcrest\hamcrest-core\1.3\hamcrest-core-1.3.jar;C:\Users\ignac\.m2\repository\org\seleniumhq\selenium\selenium-java\4.26.0\selenium-java-4.26.0.jar;C:\Users\ignac\.m2\repository\org\seleniumhq\selenium\selenium-api\4.26.0\selenium-api-4.26.0.jar;C:\Users\ignac\.m2\repository\org\jspecify\jspecify\1.0.0\jspecify-1.0.0.jar;C:\Users\ignac\.m2\repository\org\seleniumhq\selenium\selenium-chrome-driver\4.26.0\selenium-chrome-driver-4.26.0.jar;C:\Users\ignac\.m2\repository\com\google\auto\service\auto-service-annotations\1.1.1\auto-service-annotations-1.1.1.jar;C:\Users\ignac\.m2\repository\org\seleniumhq\selenium\selenium-chromium-driver\4.26.0\selenium-chromium-driver-4.26.0.jar;C:\Users\ignac\.m2\repository\org\seleniumhq\selenium\selenium-json\4.26.0\selenium-json-4.26.0.jar;C:\Users\ignac\.m2\repository\org\seleniumhq\selenium\selenium-manager\4.26.0\selenium-manager-4.26.0.jar;C:\Users\ignac\.m2\repository\org\seleniumhq\selenium\selenium-devtools-v128\4.26.0\selenium-devtools-v128-4.26.0.jar;C:\Users\ignac\.m2\repository\org\seleniumhq\selenium\selenium-devtools-v129\4.26.0\selenium-devtools-v129-4.26.0.jar;C:\Users\ignac\.m2\repository\org\seleniumhq\selenium\selenium-devtools-v130\4.26.0\selenium-devtools-v130-4.26.0.jar;C:\Users\ignac\.m2\repository\org\seleniumhq\selenium\selenium-devtools-v85\4.26.0\selenium-devtools-v85-4.26.0.jar;C:\Users\ignac\.m2\repository\org\seleniumhq\selenium\selenium-edge-driver\4.26.0\selenium-edge-driver-4.26.0.jar;C:\Users\ignac\.m2\repository\org\seleniumhq\selenium\selenium-firefox-driver\4.26.0\selenium-firefox-driver-4.26.0.jar;C:\Users\ignac\.m2\repository\org\seleniumhq\selenium\selenium-http\4.26.0\selenium-http-4.26.0.jar;C:\Users\ignac\.m2\repository\dev\failsafe\failsafe\3.3.2\failsafe-3.3.2.jar;C:\Users\ignac\.m2\repository\org\seleniumhq\selenium\selenium-ie-driver\4.26.0\selenium-ie-driver-4.26.0.jar;C:\Users\ignac\.m2\repository\org\seleniumhq\selenium\selenium-remote-driver\4.26.0\selenium-remote-driver-4.26.0.jar;C:\Users\ignac\.m2\repository\com\google\guava\guava\33.3.1-jre\guava-33.3.1-jre.jar;C:\Users\ignac\.m2\repository\com\google\guava\failureaccess\1.0.2\failureaccess-1.0.2.jar;C:\Users\ignac\.m2\repository\com\google\guava\listenablefuture\9999.0-empty-to-avoid-conflict-with-guava\listenablefuture-9999.0-empty-to-avoid-conflict-with-guava.jar;C:\Users\ignac\.m2\repository\com\google\code\findbugs\jsr305\3.0.2\jsr305-3.0.2.jar;C:\Users\ignac\.m2\repository\org\checkerframework\checker-qual\3.43.0\checker-qual-3.43.0.jar;C:\Users\ignac\.m2\repository\com\google\errorprone\error_prone_annotations\2.28.0\error_prone_annotations-2.28.0.jar;C:\Users\ignac\.m2\repository\com\google\j2objc\j2objc-annotations\3.0.0\j2objc-annotations-3.0.0.jar;C:\Users\ignac\.m2\repository\io\opentelemetry\semconv\opentelemetry-semconv\1.25.0-alpha\opentelemetry-semconv-1.25.0-alpha.jar;C:\Users\ignac\.m2\repository\io\opentelemetry\opentelemetry-api\1.43.0\opentelemetry-api-1.43.0.jar;C:\Users\ignac\.m2\repository\io\opentelemetry\opentelemetry-context\1.43.0\opentelemetry-context-1.43.0.jar;C:\Users\ignac\.m2\repository\io\opentelemetry\opentelemetry-exporter-logging\1.43.0\opentelemetry-exporter-logging-1.43.0.jar;C:\Users\ignac\.m2\repository\io\opentelemetry\opentelemetry-sdk-common\1.43.0\opentelemetry-sdk-common-1.43.0.jar;C:\Users\ignac\.m2\repository\io\opentelemetry\opentelemetry-sdk-extension-autoconfigure-spi\1.43.0\opentelemetry-sdk-extension-autoconfigure-spi-1.43.0.jar;C:\Users\ignac\.m2\repository\io\opentelemetry\opentelemetry-sdk-extension-autoconfigure\1.43.0\opentelemetry-sdk-extension-autoconfigure-1.43.0.jar;C:\Users\ignac\.m2\repository\io\opentelemetry\opentelemetry-api-incubator\1.43.0-alpha\opentelemetry-api-incubator-1.43.0-alpha.jar;C:\Users\ignac\.m2\repository\io\opentelemetry\opentelemetry-sdk-trace\1.43.0\opentelemetry-sdk-trace-1.43.0.jar;C:\Users\ignac\.m2\repository\io\opentelemetry\opentelemetry-sdk\1.43.0\opentelemetry-sdk-1.43.0.jar;C:\Users\ignac\.m2\repository\io\opentelemetry\opentelemetry-sdk-metrics\1.43.0\opentelemetry-sdk-metrics-1.43.0.jar;C:\Users\ignac\.m2\repository\io\opentelemetry\opentelemetry-sdk-logs\1.43.0\opentelemetry-sdk-logs-1.43.0.jar;C:\Users\ignac\.m2\repository\net\bytebuddy\byte-buddy\1.15.7\byte-buddy-1.15.7.jar;C:\Users\ignac\.m2\repository\org\seleniumhq\selenium\selenium-os\4.26.0\selenium-os-4.26.0.jar;C:\Users\ignac\.m2\repository\org\apache\commons\commons-exec\1.4.0\commons-exec-1.4.0.jar;C:\Users\ignac\.m2\repository\org\seleniumhq\selenium\selenium-safari-driver\4.26.0\selenium-safari-driver-4.26.0.jar;C:\Users\ignac\.m2\repository\org\seleniumhq\selenium\selenium-support\4.26.0\selenium-support-4.26.0.jar;C:\Users\ignac\.m2\repository\io\cucumber\cucumber-java\7.20.0\cucumber-java-7.20.0.jar;C:\Users\ignac\.m2\repository\org\apiguardian\apiguardian-api\1.1.2\apiguardian-api-1.1.2.jar;C:\Users\ignac\.m2\repository\io\cucumber\cucumber-junit\7.20.0\cucumber-junit-7.20.0.jar;C:\Users\ignac\.m2\repository\io\cucumber\cucumber-picocontainer\7.20.0\cucumber-picocontainer-7.20.0.jar;C:\Users\ignac\.m2\repository\org\picocontainer\picocontainer\2.15\picocontainer-2.15.jar;C:\Users\ignac\.m2\repository\io\cucumber\cucumber-core\7.20.0\cucumber-core-7.20.0.jar;C:\Users\ignac\.m2\repository\io\cucumber\cucumber-gherkin\7.20.0\cucumber-gherkin-7.20.0.jar;C:\Users\ignac\.m2\repository\io\cucumber\cucumber-gherkin-messages\7.20.0\cucumber-gherkin-messages-7.20.0.jar;C:\Users\ignac\.m2\repository\io\cucumber\gherkin\28.0.0\gherkin-28.0.0.jar;C:\Users\ignac\.m2\repository\io\cucumber\messages\24.1.0\messages-24.1.0.jar;C:\Users\ignac\.m2\repository\io\cucumber\testng-xml-formatter\0.2.0\testng-xml-formatter-0.2.0.jar;C:\Users\ignac\.m2\repository\io\cucumber\query\12.2.0\query-12.2.0.jar;C:\Users\ignac\.m2\repository\io\cucumber\tag-expressions\6.1.0\tag-expressions-6.1.0.jar;C:\Users\ignac\.m2\repository\io\cucumber\cucumber-expressions\17.1.0\cucumber-expressions-17.1.0.jar;C:\Users\ignac\.m2\repository\io\cucumber\datatable\7.20.0\datatable-7.20.0.jar;C:\Users\ignac\.m2\repository\io\cucumber\cucumber-plugin\7.20.0\cucumber-plugin-7.20.0.jar;C:\Users\ignac\.m2\repository\io\cucumber\docstring\7.20.0\docstring-7.20.0.jar;C:\Users\ignac\.m2\repository\io\cucumber\html-formatter\21.7.0\html-formatter-21.7.0.jar;C:\Users\ignac\.m2\repository\io\cucumber\junit-xml-formatter\0.5.0\junit-xml-formatter-0.5.0.jar;C:\Users\ignac\.m2\repository\io\cucumber\ci-environment\10.0.1\ci-environment-10.0.1.jar;"/>
    <property name="sun.cpu.endian" value="little"/>
    <property name="user.home" value="C:\Users\ignac"/>
    <property name="user.language" value="es"/>
    <property name="java.specification.vendor" value="Oracle Corporation"/>
    <property name="java.version.date" value="2024-10-15"/>
    <property name="java.home" value="C:\Users\ignac\.p2\pool\plugins\org.eclipse.justj.openjdk.hotspot.jre.full.win32.x86_64_23.0.1.v20241024-1700\jre"/>
    <property name="file.separator" value="\"/>
    <property name="basedir" value="C:\Users\ignac\OneDrive\Documents\GitHub\PruebasTaskhub"/>
    <property name="style.color" value="always"/>
    <property name="java.vm.compressedOopsMode" value="Zero based"/>
    <property name="line.separator" value="&#10;"/>
    <property name="java.vm.specification.vendor" value="Oracle Corporation"/>
    <property name="java.specification.name" value="Java Platform API Specification"/>
    <property name="surefire.real.class.path" value="C:\Users\ignac\AppData\Local\Temp\surefire7014719464317329249\surefirebooter8958381580837854446.jar"/>
    <property name="user.script" value=""/>
    <property name="sun.management.compiler" value="HotSpot 64-Bit Tiered Compilers"/>
    <property name="java.runtime.version" value="23.0.1+11"/>
    <property name="user.name" value="ignac"/>
    <property name="stdout.encoding" value="Cp1252"/>
    <property name="path.separator" value=";"/>
    <property name="os.version" value="10.0"/>
    <property name="java.runtime.name" value="OpenJDK Runtime Environment"/>
    <property name="file.encoding" value="UTF-8"/>
    <property name="java.vm.name" value="OpenJDK 64-Bit Server VM"/>
    <property name="java.vendor.version" value="Temurin-23.0.1+11"/>
    <property name="localRepository" value="C:\Users\ignac\.m2\repository"/>
    <property name="java.vendor.url.bug" value="https://github.com/adoptium/adoptium-support/issues"/>
    <property name="java.io.tmpdir" value="C:\Users\ignac\AppData\Local\Temp\"/>
    <property name="java.version" value="23.0.1"/>
    <property name="user.dir" value="C:\Users\ignac\OneDrive\Documents\GitHub\PruebasTaskhub"/>
    <property name="os.arch" value="amd64"/>
    <property name="java.vm.specification.name" value="Java Virtual Machine Specification"/>
    <property name="user.language.format" value="en"/>
    <property name="sun.os.patch.level" value=""/>
    <property name="native.encoding" value="Cp1252"/>
    <property name="java.library.path" value="C:\Users\ignac\.p2\pool\plugins\org.eclipse.justj.openjdk.hotspot.jre.full.win32.x86_64_23.0.1.v20241024-1700\jre\bin;C:\WINDOWS\Sun\Java\bin;C:\WINDOWS\system32;C:\WINDOWS;C:/Users/ignac/.p2/pool/plugins/org.eclipse.justj.openjdk.hotspot.jre.full.win32.x86_64_23.0.1.v20241024-1700/jre/bin/server;C:/Users/ignac/.p2/pool/plugins/org.eclipse.justj.openjdk.hotspot.jre.full.win32.x86_64_23.0.1.v20241024-1700/jre/bin;C:\Program Files (x86)\Common Files\Oracle\Java\java8path;C:\Program Files (x86)\Common Files\Oracle\Java\javapath;C:\Windows\system32;C:\Windows;C:\Windows\System32\Wbem;C:\Windows\System32\WindowsPowerShell\v1.0\;C:\Windows\System32\OpenSSH\;C:\Program Files (x86)\NVIDIA Corporation\PhysX\Common;C:\Program Files\nodejs\;C:\Program Files\Docker\Docker\resources\bin;C:\Program Files\dotnet\;C:\Program Files\Git\cmd;C:\WINDOWS\system32;C:\WINDOWS;C:\WINDOWS\System32\Wbem;C:\WINDOWS\System32\WindowsPowerShell\v1.0\;C:\WINDOWS\System32\OpenSSH\;C:\Program Files\PuTTY\;C:\Program Files\NVIDIA Corporation\NVIDIA app\NvDLISR;C:\Users\ignac\AppData\Local\Programs\Python\Python312\Scripts\;C:\Users\ignac\AppData\Local\Programs\Python\Python312\;C:\Users\ignac\AppData\Local\Microsoft\WindowsApps;C:\Users\ignac\AppData\Local\Programs\Microsoft VS Code\bin;C:\Users\ignac\AppData\Local\GitHubDesktop\bin;C:\Users\ignac\AppData\Local\Programs\oh-my-posh\bin;C:\Users\ignac\AppData\Roaming\npm;;C:\WINDOWS\system32;;."/>
    <property name="java.vm.info" value="mixed mode, sharing"/>
    <property name="stderr.encoding" value="Cp1252"/>
    <property name="java.vendor" value="Eclipse Adoptium"/>
    <property name="java.vm.version" value="23.0.1+11"/>
    <property name="sun.io.unicode.encoding" value="UnicodeLittle"/>
    <property name="java.class.version" value="67.0"/>
  </properties>
  <testcase name="Crear un nuevo proyecto" classname="Crear Proyecto" time="10.299">
    <system-out><![CDATA[
Scenario: Crear un nuevo proyecto                                                                        # src/test/resources/feature/EscenarioCrearProyecto.feature:10
  Given Navegar a la página principal "https://taskhub.cl/"                                              # DefinicionPasos.CrearProyecto.navegarPaginaPrincipal(java.lang.String)
  And Ingresar el usuario en el campo con id "email" con el texto "igna.veliz@duocuc.cl"                 # DefinicionPasos.CrearProyecto.ingresarUsuario(java.lang.String,java.lang.String)
  And Ingresar la contraseña en el campo con id "password" con el texto "123123123"                      # DefinicionPasos.CrearProyecto.ingresarContrasena(java.lang.String,java.lang.String)
  And Hacer clic en el botón con id "login_button"                                                       # DefinicionPasos.CrearProyecto.hacerClickBoton(java.lang.String)
  Then Verificar que estamos en la página de inicio "https://taskhub.cl/inicio"                          # DefinicionPasos.CrearProyecto.verificarPaginaInicio(java.lang.String)
  Then Verificar que estamos en la página de inicio "https://taskhub.cl/inicio"                          # DefinicionPasos.CrearProyecto.verificarPaginaInicio(java.lang.String)
  When Hacer clic en el botón de navegación con id "menu-proyectos"                                      # DefinicionPasos.CrearProyecto.hacerClickBotonNavegacion(java.lang.String)
  Then Verificar que ingresamos a la vista de proyectos "https://taskhub.cl/proyecto"                    # DefinicionPasos.CrearProyecto.verificarVistaProyectos(java.lang.String)
  When Hacer clic en el botón de nuevo proyecto con id "btn-nuevo-proyecto"                              # DefinicionPasos.CrearProyecto.hacerClickNuevoProyecto(java.lang.String)
  Then Verificar que ingresamos a la vista de creación de proyectos "https://taskhub.cl/proyecto/create" # DefinicionPasos.CrearProyecto.verificarVistaCreacionProyectos(java.lang.String)
  And Ingresar el nombre del nuevo proyecto con id "nombre" con el texto "Proyecto normal sin fase"      # DefinicionPasos.CrearProyecto.ingresarNombreNuevoProyecto(java.lang.String,java.lang.String)
  And Seleccionar el primer cliente del selector con id "cliente_id"                                     # DefinicionPasos.CrearProyecto.seleccionarPrimerCliente(java.lang.String)
  And Seleccionar el primer jefe de proyecto del selector con id "jefe_proyecto_id"                      # DefinicionPasos.CrearProyecto.seleccionarPrimerJefeProyecto(java.lang.String)
  And Seleccionar el primer tipo de proyecto del selector con id "tipo_proyecto_id"                      # DefinicionPasos.CrearProyecto.seleccionarPrimerTipoProyecto(java.lang.String)
  When Hacer clic en el botón de guardar con id "btn-guardar-proyecto"                                   # DefinicionPasos.CrearProyecto.hacerClickGuardar(java.lang.String)
  Then Verificar que llegamos a la vista del proyecto con la URL que contiene "show"                     # DefinicionPasos.CrearProyecto.verificarVistaProyectoShow(java.lang.String)
]]></system-out>
    <system-err><![CDATA[Nov 23, 2024 10:15:32 AM org.openqa.selenium.devtools.CdpVersionFinder findNearestMatch
ADVERTENCIA: Unable to find an exact match for CDP version 131, returning the closest version; found: 130; Please update to a Selenium version that supports CDP version 131
]]></system-err>
  </testcase>
  <testcase name="Crear un nuevo proyecto con una face inicial" classname="Crear Proyecto" time="10.285">
    <system-out><![CDATA[
Scenario: Crear un nuevo proyecto con una face inicial                                                   # src/test/resources/feature/EscenarioCrearProyecto.feature:23
  Given Navegar a la página principal "https://taskhub.cl/"                                              # DefinicionPasos.CrearProyecto.navegarPaginaPrincipal(java.lang.String)
  And Ingresar el usuario en el campo con id "email" con el texto "igna.veliz@duocuc.cl"                 # DefinicionPasos.CrearProyecto.ingresarUsuario(java.lang.String,java.lang.String)
  And Ingresar la contraseña en el campo con id "password" con el texto "123123123"                      # DefinicionPasos.CrearProyecto.ingresarContrasena(java.lang.String,java.lang.String)
  And Hacer clic en el botón con id "login_button"                                                       # DefinicionPasos.CrearProyecto.hacerClickBoton(java.lang.String)
  Then Verificar que estamos en la página de inicio "https://taskhub.cl/inicio"                          # DefinicionPasos.CrearProyecto.verificarPaginaInicio(java.lang.String)
  Then Verificar que estamos en la página de inicio "https://taskhub.cl/inicio"                          # DefinicionPasos.CrearProyecto.verificarPaginaInicio(java.lang.String)
  When Hacer clic en el botón de navegación con id "menu-proyectos"                                      # DefinicionPasos.CrearProyecto.hacerClickBotonNavegacion(java.lang.String)
  Then Verificar que ingresamos a la vista de proyectos "https://taskhub.cl/proyecto"                    # DefinicionPasos.CrearProyecto.verificarVistaProyectos(java.lang.String)
  When Hacer clic en el botón de nuevo proyecto con id "btn-nuevo-proyecto"                              # DefinicionPasos.CrearProyecto.hacerClickNuevoProyecto(java.lang.String)
  Then Verificar que ingresamos a la vista de creación de proyectos "https://taskhub.cl/proyecto/create" # DefinicionPasos.CrearProyecto.verificarVistaCreacionProyectos(java.lang.String)
  And Ingresar el nombre del nuevo proyecto con id "nombre" con el texto "Proyecto con fase inicial"     # DefinicionPasos.CrearProyecto.ingresarNombreNuevoProyecto(java.lang.String,java.lang.String)
  And Seleccionar el primer cliente del selector con id "cliente_id"                                     # DefinicionPasos.CrearProyecto.seleccionarPrimerCliente(java.lang.String)
  And Seleccionar el primer jefe de proyecto del selector con id "jefe_proyecto_id"                      # DefinicionPasos.CrearProyecto.seleccionarPrimerJefeProyecto(java.lang.String)
  And Seleccionar el primer tipo de proyecto del selector con id "tipo_proyecto_id"                      # DefinicionPasos.CrearProyecto.seleccionarPrimerTipoProyecto(java.lang.String)
  When Hacer clic en el botón agregar nueva fase con id "agregarNuevaFase"                               # DefinicionPasos.CrearProyecto.hacerClicEnElBotónAgregarNuevaFaceConId(java.lang.String)
  And Ingresar el nombre del nuevo proyecto con id "nombre_fase1" con el texto "Fase 1"                  # DefinicionPasos.CrearProyecto.ingresarNombreNuevoProyecto(java.lang.String,java.lang.String)
  And Ingresar la cantidad de horas en el campo con id "hora_asignada1" con el texto "25"                # DefinicionPasos.CrearProyecto.ingresarCantidadHorasNuevoProyecto(java.lang.String,java.lang.String)
  When Hacer clic en el botón de guardar con id "btn-guardar-proyecto"                                   # DefinicionPasos.CrearProyecto.hacerClickGuardar(java.lang.String)
  Then Verificar que llegamos a la vista del proyecto con la URL que contiene "show"                     # DefinicionPasos.CrearProyecto.verificarVistaProyectoShow(java.lang.String)
]]></system-out>
    <system-err><![CDATA[Nov 23, 2024 10:15:42 AM org.openqa.selenium.devtools.CdpVersionFinder findNearestMatch
ADVERTENCIA: Unable to find an exact match for CDP version 131, returning the closest version; found: 130; Please update to a Selenium version that supports CDP version 131
]]></system-err>
  </testcase>
  <testcase name="Crear un nuevo proyecto con una face inicial pero sin nombre de proyecto" classname="Crear Proyecto" time="9.367">
    <system-out><![CDATA[
Scenario: Crear un nuevo proyecto con una face inicial pero sin nombre de proyecto                       # src/test/resources/feature/EscenarioCrearProyecto.feature:39
  Given Navegar a la página principal "https://taskhub.cl/"                                              # DefinicionPasos.CrearProyecto.navegarPaginaPrincipal(java.lang.String)
  And Ingresar el usuario en el campo con id "email" con el texto "igna.veliz@duocuc.cl"                 # DefinicionPasos.CrearProyecto.ingresarUsuario(java.lang.String,java.lang.String)
  And Ingresar la contraseña en el campo con id "password" con el texto "123123123"                      # DefinicionPasos.CrearProyecto.ingresarContrasena(java.lang.String,java.lang.String)
  And Hacer clic en el botón con id "login_button"                                                       # DefinicionPasos.CrearProyecto.hacerClickBoton(java.lang.String)
  Then Verificar que estamos en la página de inicio "https://taskhub.cl/inicio"                          # DefinicionPasos.CrearProyecto.verificarPaginaInicio(java.lang.String)
  Then Verificar que estamos en la página de inicio "https://taskhub.cl/inicio"                          # DefinicionPasos.CrearProyecto.verificarPaginaInicio(java.lang.String)
  When Hacer clic en el botón de navegación con id "menu-proyectos"                                      # DefinicionPasos.CrearProyecto.hacerClickBotonNavegacion(java.lang.String)
  Then Verificar que ingresamos a la vista de proyectos "https://taskhub.cl/proyecto"                    # DefinicionPasos.CrearProyecto.verificarVistaProyectos(java.lang.String)
  When Hacer clic en el botón de nuevo proyecto con id "btn-nuevo-proyecto"                              # DefinicionPasos.CrearProyecto.hacerClickNuevoProyecto(java.lang.String)
  Then Verificar que ingresamos a la vista de creación de proyectos "https://taskhub.cl/proyecto/create" # DefinicionPasos.CrearProyecto.verificarVistaCreacionProyectos(java.lang.String)
  And Dejar el campo vacío con id "nombre"                                                               # DefinicionPasos.CrearProyecto.dejarCampoNombreVacio(java.lang.String)
  And Seleccionar el primer cliente del selector con id "cliente_id"                                     # DefinicionPasos.CrearProyecto.seleccionarPrimerCliente(java.lang.String)
  And Seleccionar el primer jefe de proyecto del selector con id "jefe_proyecto_id"                      # DefinicionPasos.CrearProyecto.seleccionarPrimerJefeProyecto(java.lang.String)
  And Seleccionar el primer tipo de proyecto del selector con id "tipo_proyecto_id"                      # DefinicionPasos.CrearProyecto.seleccionarPrimerTipoProyecto(java.lang.String)
  When Hacer clic en el botón agregar nueva fase con id "agregarNuevaFase"                               # DefinicionPasos.CrearProyecto.hacerClicEnElBotónAgregarNuevaFaceConId(java.lang.String)
  And Ingresar el nombre del nuevo proyecto con id "nombre_fase1" con el texto "Fase 1"                  # DefinicionPasos.CrearProyecto.ingresarNombreNuevoProyecto(java.lang.String,java.lang.String)
  And Ingresar la cantidad de horas en el campo con id "hora_asignada1" con el texto "25"                # DefinicionPasos.CrearProyecto.ingresarCantidadHorasNuevoProyecto(java.lang.String,java.lang.String)
  When Hacer clic en el botón de guardar con id "btn-guardar-proyecto"                                   # DefinicionPasos.CrearProyecto.hacerClickGuardar(java.lang.String)
  And Permanecer en la vista de creación de proyectos "https://taskhub.cl/proyecto/create"               # DefinicionPasos.CrearProyecto.permanecerEnVistaCreacion(java.lang.String)
]]></system-out>
    <system-err><![CDATA[Nov 23, 2024 10:15:52 AM org.openqa.selenium.devtools.CdpVersionFinder findNearestMatch
ADVERTENCIA: Unable to find an exact match for CDP version 131, returning the closest version; found: 130; Please update to a Selenium version that supports CDP version 131
]]></system-err>
  </testcase>
  <testcase name="Crear un nuevo proyecto con una face inicial sin nombre y sin nombre de proyecto" classname="Crear Proyecto" time="9.411">
    <system-out><![CDATA[
Scenario: Crear un nuevo proyecto con una face inicial sin nombre y sin nombre de proyecto               # src/test/resources/feature/EscenarioCrearProyecto.feature:55
  Given Navegar a la página principal "https://taskhub.cl/"                                              # DefinicionPasos.CrearProyecto.navegarPaginaPrincipal(java.lang.String)
  And Ingresar el usuario en el campo con id "email" con el texto "igna.veliz@duocuc.cl"                 # DefinicionPasos.CrearProyecto.ingresarUsuario(java.lang.String,java.lang.String)
  And Ingresar la contraseña en el campo con id "password" con el texto "123123123"                      # DefinicionPasos.CrearProyecto.ingresarContrasena(java.lang.String,java.lang.String)
  And Hacer clic en el botón con id "login_button"                                                       # DefinicionPasos.CrearProyecto.hacerClickBoton(java.lang.String)
  Then Verificar que estamos en la página de inicio "https://taskhub.cl/inicio"                          # DefinicionPasos.CrearProyecto.verificarPaginaInicio(java.lang.String)
  Then Verificar que estamos en la página de inicio "https://taskhub.cl/inicio"                          # DefinicionPasos.CrearProyecto.verificarPaginaInicio(java.lang.String)
  When Hacer clic en el botón de navegación con id "menu-proyectos"                                      # DefinicionPasos.CrearProyecto.hacerClickBotonNavegacion(java.lang.String)
  Then Verificar que ingresamos a la vista de proyectos "https://taskhub.cl/proyecto"                    # DefinicionPasos.CrearProyecto.verificarVistaProyectos(java.lang.String)
  When Hacer clic en el botón de nuevo proyecto con id "btn-nuevo-proyecto"                              # DefinicionPasos.CrearProyecto.hacerClickNuevoProyecto(java.lang.String)
  Then Verificar que ingresamos a la vista de creación de proyectos "https://taskhub.cl/proyecto/create" # DefinicionPasos.CrearProyecto.verificarVistaCreacionProyectos(java.lang.String)
  And Dejar el campo vacío con id "nombre"                                                               # DefinicionPasos.CrearProyecto.dejarCampoNombreVacio(java.lang.String)
  And Seleccionar el primer cliente del selector con id "cliente_id"                                     # DefinicionPasos.CrearProyecto.seleccionarPrimerCliente(java.lang.String)
  And Seleccionar el primer jefe de proyecto del selector con id "jefe_proyecto_id"                      # DefinicionPasos.CrearProyecto.seleccionarPrimerJefeProyecto(java.lang.String)
  And Seleccionar el primer tipo de proyecto del selector con id "tipo_proyecto_id"                      # DefinicionPasos.CrearProyecto.seleccionarPrimerTipoProyecto(java.lang.String)
  When Hacer clic en el botón agregar nueva fase con id "agregarNuevaFase"                               # DefinicionPasos.CrearProyecto.hacerClicEnElBotónAgregarNuevaFaceConId(java.lang.String)
  And Dejar el campo vacío con id "nombre_fase1"                                                         # DefinicionPasos.CrearProyecto.dejarCampoNombreVacio(java.lang.String)
  And Ingresar la cantidad de horas en el campo con id "hora_asignada1" con el texto "25"                # DefinicionPasos.CrearProyecto.ingresarCantidadHorasNuevoProyecto(java.lang.String,java.lang.String)
  When Hacer clic en el botón de guardar con id "btn-guardar-proyecto"                                   # DefinicionPasos.CrearProyecto.hacerClickGuardar(java.lang.String)
  And Permanecer en la vista de creación de proyectos "https://taskhub.cl/proyecto/create"               # DefinicionPasos.CrearProyecto.permanecerEnVistaCreacion(java.lang.String)
]]></system-out>
    <system-err><![CDATA[Nov 23, 2024 10:16:01 AM org.openqa.selenium.devtools.CdpVersionFinder findNearestMatch
ADVERTENCIA: Unable to find an exact match for CDP version 131, returning the closest version; found: 130; Please update to a Selenium version that supports CDP version 131
]]></system-err>
  </testcase>
  <testcase name="Crear un nuevo proyecto con una face inicial sin nombre y sin horas de fase" classname="Crear Proyecto" time="9.395">
    <system-out><![CDATA[
Scenario: Crear un nuevo proyecto con una face inicial sin nombre y sin horas de fase                    # src/test/resources/feature/EscenarioCrearProyecto.feature:71
  Given Navegar a la página principal "https://taskhub.cl/"                                              # DefinicionPasos.CrearProyecto.navegarPaginaPrincipal(java.lang.String)
  And Ingresar el usuario en el campo con id "email" con el texto "igna.veliz@duocuc.cl"                 # DefinicionPasos.CrearProyecto.ingresarUsuario(java.lang.String,java.lang.String)
  And Ingresar la contraseña en el campo con id "password" con el texto "123123123"                      # DefinicionPasos.CrearProyecto.ingresarContrasena(java.lang.String,java.lang.String)
  And Hacer clic en el botón con id "login_button"                                                       # DefinicionPasos.CrearProyecto.hacerClickBoton(java.lang.String)
  Then Verificar que estamos en la página de inicio "https://taskhub.cl/inicio"                          # DefinicionPasos.CrearProyecto.verificarPaginaInicio(java.lang.String)
  Then Verificar que estamos en la página de inicio "https://taskhub.cl/inicio"                          # DefinicionPasos.CrearProyecto.verificarPaginaInicio(java.lang.String)
  When Hacer clic en el botón de navegación con id "menu-proyectos"                                      # DefinicionPasos.CrearProyecto.hacerClickBotonNavegacion(java.lang.String)
  Then Verificar que ingresamos a la vista de proyectos "https://taskhub.cl/proyecto"                    # DefinicionPasos.CrearProyecto.verificarVistaProyectos(java.lang.String)
  When Hacer clic en el botón de nuevo proyecto con id "btn-nuevo-proyecto"                              # DefinicionPasos.CrearProyecto.hacerClickNuevoProyecto(java.lang.String)
  Then Verificar que ingresamos a la vista de creación de proyectos "https://taskhub.cl/proyecto/create" # DefinicionPasos.CrearProyecto.verificarVistaCreacionProyectos(java.lang.String)
  And Dejar el campo vacío con id "nombre"                                                               # DefinicionPasos.CrearProyecto.dejarCampoNombreVacio(java.lang.String)
  And Seleccionar el primer cliente del selector con id "cliente_id"                                     # DefinicionPasos.CrearProyecto.seleccionarPrimerCliente(java.lang.String)
  And Seleccionar el primer jefe de proyecto del selector con id "jefe_proyecto_id"                      # DefinicionPasos.CrearProyecto.seleccionarPrimerJefeProyecto(java.lang.String)
  And Seleccionar el primer tipo de proyecto del selector con id "tipo_proyecto_id"                      # DefinicionPasos.CrearProyecto.seleccionarPrimerTipoProyecto(java.lang.String)
  When Hacer clic en el botón agregar nueva fase con id "agregarNuevaFase"                               # DefinicionPasos.CrearProyecto.hacerClicEnElBotónAgregarNuevaFaceConId(java.lang.String)
  And Ingresar el nombre del nuevo proyecto con id "nombre_fase1" con el texto "Fase 1"                  # DefinicionPasos.CrearProyecto.ingresarNombreNuevoProyecto(java.lang.String,java.lang.String)
  And Dejar el campo vacío con id "hora_asignada1"                                                       # DefinicionPasos.CrearProyecto.dejarCampoNombreVacio(java.lang.String)
  When Hacer clic en el botón de guardar con id "btn-guardar-proyecto"                                   # DefinicionPasos.CrearProyecto.hacerClickGuardar(java.lang.String)
  And Permanecer en la vista de creación de proyectos "https://taskhub.cl/proyecto/create"               # DefinicionPasos.CrearProyecto.permanecerEnVistaCreacion(java.lang.String)
]]></system-out>
    <system-err><![CDATA[Nov 23, 2024 10:16:11 AM org.openqa.selenium.devtools.CdpVersionFinder findNearestMatch
ADVERTENCIA: Unable to find an exact match for CDP version 131, returning the closest version; found: 130; Please update to a Selenium version that supports CDP version 131
]]></system-err>
  </testcase>
  <testcase name="Crear un nuevo proyecto con una face inicial pero con nombre-fase y cantidad-horas vacios" classname="Crear Proyecto" time="9.423">
    <system-out><![CDATA[
Scenario: Crear un nuevo proyecto con una face inicial pero con nombre-fase y cantidad-horas vacios      # src/test/resources/feature/EscenarioCrearProyecto.feature:87
  Given Navegar a la página principal "https://taskhub.cl/"                                              # DefinicionPasos.CrearProyecto.navegarPaginaPrincipal(java.lang.String)
  And Ingresar el usuario en el campo con id "email" con el texto "igna.veliz@duocuc.cl"                 # DefinicionPasos.CrearProyecto.ingresarUsuario(java.lang.String,java.lang.String)
  And Ingresar la contraseña en el campo con id "password" con el texto "123123123"                      # DefinicionPasos.CrearProyecto.ingresarContrasena(java.lang.String,java.lang.String)
  And Hacer clic en el botón con id "login_button"                                                       # DefinicionPasos.CrearProyecto.hacerClickBoton(java.lang.String)
  Then Verificar que estamos en la página de inicio "https://taskhub.cl/inicio"                          # DefinicionPasos.CrearProyecto.verificarPaginaInicio(java.lang.String)
  Then Verificar que estamos en la página de inicio "https://taskhub.cl/inicio"                          # DefinicionPasos.CrearProyecto.verificarPaginaInicio(java.lang.String)
  When Hacer clic en el botón de navegación con id "menu-proyectos"                                      # DefinicionPasos.CrearProyecto.hacerClickBotonNavegacion(java.lang.String)
  Then Verificar que ingresamos a la vista de proyectos "https://taskhub.cl/proyecto"                    # DefinicionPasos.CrearProyecto.verificarVistaProyectos(java.lang.String)
  When Hacer clic en el botón de nuevo proyecto con id "btn-nuevo-proyecto"                              # DefinicionPasos.CrearProyecto.hacerClickNuevoProyecto(java.lang.String)
  Then Verificar que ingresamos a la vista de creación de proyectos "https://taskhub.cl/proyecto/create" # DefinicionPasos.CrearProyecto.verificarVistaCreacionProyectos(java.lang.String)
  And Ingresar el nombre del nuevo proyecto con id "nombre" con el texto "proyecto 1"                    # DefinicionPasos.CrearProyecto.ingresarNombreNuevoProyecto(java.lang.String,java.lang.String)
  And Seleccionar el primer cliente del selector con id "cliente_id"                                     # DefinicionPasos.CrearProyecto.seleccionarPrimerCliente(java.lang.String)
  And Seleccionar el primer jefe de proyecto del selector con id "jefe_proyecto_id"                      # DefinicionPasos.CrearProyecto.seleccionarPrimerJefeProyecto(java.lang.String)
  And Seleccionar el primer tipo de proyecto del selector con id "tipo_proyecto_id"                      # DefinicionPasos.CrearProyecto.seleccionarPrimerTipoProyecto(java.lang.String)
  When Hacer clic en el botón agregar nueva fase con id "agregarNuevaFase"                               # DefinicionPasos.CrearProyecto.hacerClicEnElBotónAgregarNuevaFaceConId(java.lang.String)
  And Dejar el campo vacío con id "nombre_fase1"                                                         # DefinicionPasos.CrearProyecto.dejarCampoNombreVacio(java.lang.String)
  And Dejar el campo vacío con id "hora_asignada1"                                                       # DefinicionPasos.CrearProyecto.dejarCampoNombreVacio(java.lang.String)
  When Hacer clic en el botón de guardar con id "btn-guardar-proyecto"                                   # DefinicionPasos.CrearProyecto.hacerClickGuardar(java.lang.String)
  And Permanecer en la vista de creación de proyectos "https://taskhub.cl/proyecto/create"               # DefinicionPasos.CrearProyecto.permanecerEnVistaCreacion(java.lang.String)
]]></system-out>
    <system-err><![CDATA[Nov 23, 2024 10:16:20 AM org.openqa.selenium.devtools.CdpVersionFinder findNearestMatch
ADVERTENCIA: Unable to find an exact match for CDP version 131, returning the closest version; found: 130; Please update to a Selenium version that supports CDP version 131
]]></system-err>
  </testcase>
  <testcase name="Crear un nuevo proyecto con una face inicial pero con nombre-fase y sin cantidad-horas" classname="Crear Proyecto" time="9.299">
    <system-out><![CDATA[
Scenario: Crear un nuevo proyecto con una face inicial pero con nombre-fase y sin cantidad-horas         # src/test/resources/feature/EscenarioCrearProyecto.feature:103
  Given Navegar a la página principal "https://taskhub.cl/"                                              # DefinicionPasos.CrearProyecto.navegarPaginaPrincipal(java.lang.String)
  And Ingresar el usuario en el campo con id "email" con el texto "igna.veliz@duocuc.cl"                 # DefinicionPasos.CrearProyecto.ingresarUsuario(java.lang.String,java.lang.String)
  And Ingresar la contraseña en el campo con id "password" con el texto "123123123"                      # DefinicionPasos.CrearProyecto.ingresarContrasena(java.lang.String,java.lang.String)
  And Hacer clic en el botón con id "login_button"                                                       # DefinicionPasos.CrearProyecto.hacerClickBoton(java.lang.String)
  Then Verificar que estamos en la página de inicio "https://taskhub.cl/inicio"                          # DefinicionPasos.CrearProyecto.verificarPaginaInicio(java.lang.String)
  Then Verificar que estamos en la página de inicio "https://taskhub.cl/inicio"                          # DefinicionPasos.CrearProyecto.verificarPaginaInicio(java.lang.String)
  When Hacer clic en el botón de navegación con id "menu-proyectos"                                      # DefinicionPasos.CrearProyecto.hacerClickBotonNavegacion(java.lang.String)
  Then Verificar que ingresamos a la vista de proyectos "https://taskhub.cl/proyecto"                    # DefinicionPasos.CrearProyecto.verificarVistaProyectos(java.lang.String)
  When Hacer clic en el botón de nuevo proyecto con id "btn-nuevo-proyecto"                              # DefinicionPasos.CrearProyecto.hacerClickNuevoProyecto(java.lang.String)
  Then Verificar que ingresamos a la vista de creación de proyectos "https://taskhub.cl/proyecto/create" # DefinicionPasos.CrearProyecto.verificarVistaCreacionProyectos(java.lang.String)
  And Ingresar el nombre del nuevo proyecto con id "nombre" con el texto "proyecto 1"                    # DefinicionPasos.CrearProyecto.ingresarNombreNuevoProyecto(java.lang.String,java.lang.String)
  And Seleccionar el primer cliente del selector con id "cliente_id"                                     # DefinicionPasos.CrearProyecto.seleccionarPrimerCliente(java.lang.String)
  And Seleccionar el primer jefe de proyecto del selector con id "jefe_proyecto_id"                      # DefinicionPasos.CrearProyecto.seleccionarPrimerJefeProyecto(java.lang.String)
  And Seleccionar el primer tipo de proyecto del selector con id "tipo_proyecto_id"                      # DefinicionPasos.CrearProyecto.seleccionarPrimerTipoProyecto(java.lang.String)
  When Hacer clic en el botón agregar nueva fase con id "agregarNuevaFase"                               # DefinicionPasos.CrearProyecto.hacerClicEnElBotónAgregarNuevaFaceConId(java.lang.String)
  And Ingresar el nombre del nuevo proyecto con id "nombre_fase1" con el texto "Fase 1"                  # DefinicionPasos.CrearProyecto.ingresarNombreNuevoProyecto(java.lang.String,java.lang.String)
  And Dejar el campo vacío con id "hora_asignada1"                                                       # DefinicionPasos.CrearProyecto.dejarCampoNombreVacio(java.lang.String)
  When Hacer clic en el botón de guardar con id "btn-guardar-proyecto"                                   # DefinicionPasos.CrearProyecto.hacerClickGuardar(java.lang.String)
  And Permanecer en la vista de creación de proyectos "https://taskhub.cl/proyecto/create"               # DefinicionPasos.CrearProyecto.permanecerEnVistaCreacion(java.lang.String)
]]></system-out>
    <system-err><![CDATA[Nov 23, 2024 10:16:30 AM org.openqa.selenium.devtools.CdpVersionFinder findNearestMatch
ADVERTENCIA: Unable to find an exact match for CDP version 131, returning the closest version; found: 130; Please update to a Selenium version that supports CDP version 131
]]></system-err>
  </testcase>
  <testcase name="Crear un nuevo proyecto con una face inicial pero sin nombre-fase pero con cantidad-horas" classname="Crear Proyecto" time="9.354">
    <system-out><![CDATA[
Scenario: Crear un nuevo proyecto con una face inicial pero sin nombre-fase pero con cantidad-horas      # src/test/resources/feature/EscenarioCrearProyecto.feature:119
  Given Navegar a la página principal "https://taskhub.cl/"                                              # DefinicionPasos.CrearProyecto.navegarPaginaPrincipal(java.lang.String)
  And Ingresar el usuario en el campo con id "email" con el texto "igna.veliz@duocuc.cl"                 # DefinicionPasos.CrearProyecto.ingresarUsuario(java.lang.String,java.lang.String)
  And Ingresar la contraseña en el campo con id "password" con el texto "123123123"                      # DefinicionPasos.CrearProyecto.ingresarContrasena(java.lang.String,java.lang.String)
  And Hacer clic en el botón con id "login_button"                                                       # DefinicionPasos.CrearProyecto.hacerClickBoton(java.lang.String)
  Then Verificar que estamos en la página de inicio "https://taskhub.cl/inicio"                          # DefinicionPasos.CrearProyecto.verificarPaginaInicio(java.lang.String)
  Then Verificar que estamos en la página de inicio "https://taskhub.cl/inicio"                          # DefinicionPasos.CrearProyecto.verificarPaginaInicio(java.lang.String)
  When Hacer clic en el botón de navegación con id "menu-proyectos"                                      # DefinicionPasos.CrearProyecto.hacerClickBotonNavegacion(java.lang.String)
  Then Verificar que ingresamos a la vista de proyectos "https://taskhub.cl/proyecto"                    # DefinicionPasos.CrearProyecto.verificarVistaProyectos(java.lang.String)
  When Hacer clic en el botón de nuevo proyecto con id "btn-nuevo-proyecto"                              # DefinicionPasos.CrearProyecto.hacerClickNuevoProyecto(java.lang.String)
  Then Verificar que ingresamos a la vista de creación de proyectos "https://taskhub.cl/proyecto/create" # DefinicionPasos.CrearProyecto.verificarVistaCreacionProyectos(java.lang.String)
  And Ingresar el nombre del nuevo proyecto con id "nombre" con el texto "proyecto 1"                    # DefinicionPasos.CrearProyecto.ingresarNombreNuevoProyecto(java.lang.String,java.lang.String)
  And Seleccionar el primer cliente del selector con id "cliente_id"                                     # DefinicionPasos.CrearProyecto.seleccionarPrimerCliente(java.lang.String)
  And Seleccionar el primer jefe de proyecto del selector con id "jefe_proyecto_id"                      # DefinicionPasos.CrearProyecto.seleccionarPrimerJefeProyecto(java.lang.String)
  And Seleccionar el primer tipo de proyecto del selector con id "tipo_proyecto_id"                      # DefinicionPasos.CrearProyecto.seleccionarPrimerTipoProyecto(java.lang.String)
  When Hacer clic en el botón agregar nueva fase con id "agregarNuevaFase"                               # DefinicionPasos.CrearProyecto.hacerClicEnElBotónAgregarNuevaFaceConId(java.lang.String)
  And Dejar el campo vacío con id "nombre_fase1"                                                         # DefinicionPasos.CrearProyecto.dejarCampoNombreVacio(java.lang.String)
  And Ingresar la cantidad de horas en el campo con id "hora_asignada1" con el texto "Fase 1"            # DefinicionPasos.CrearProyecto.ingresarCantidadHorasNuevoProyecto(java.lang.String,java.lang.String)
  When Hacer clic en el botón de guardar con id "btn-guardar-proyecto"                                   # DefinicionPasos.CrearProyecto.hacerClickGuardar(java.lang.String)
  And Permanecer en la vista de creación de proyectos "https://taskhub.cl/proyecto/create"               # DefinicionPasos.CrearProyecto.permanecerEnVistaCreacion(java.lang.String)
]]></system-out>
    <system-err><![CDATA[Nov 23, 2024 10:16:39 AM org.openqa.selenium.devtools.CdpVersionFinder findNearestMatch
ADVERTENCIA: Unable to find an exact match for CDP version 131, returning the closest version; found: 130; Please update to a Selenium version that supports CDP version 131
]]></system-err>
  </testcase>
  <testcase name="Crear un nuevo proyecto con dos fases iniciales" classname="Crear Proyecto" time="10.288">
    <system-out><![CDATA[
Scenario: Crear un nuevo proyecto con dos fases iniciales                                                   # src/test/resources/feature/EscenarioCrearProyecto.feature:135
  Given Navegar a la página principal "https://taskhub.cl/"                                                 # DefinicionPasos.CrearProyecto.navegarPaginaPrincipal(java.lang.String)
  And Ingresar el usuario en el campo con id "email" con el texto "igna.veliz@duocuc.cl"                    # DefinicionPasos.CrearProyecto.ingresarUsuario(java.lang.String,java.lang.String)
  And Ingresar la contraseña en el campo con id "password" con el texto "123123123"                         # DefinicionPasos.CrearProyecto.ingresarContrasena(java.lang.String,java.lang.String)
  And Hacer clic en el botón con id "login_button"                                                          # DefinicionPasos.CrearProyecto.hacerClickBoton(java.lang.String)
  Then Verificar que estamos en la página de inicio "https://taskhub.cl/inicio"                             # DefinicionPasos.CrearProyecto.verificarPaginaInicio(java.lang.String)
  Then Verificar que estamos en la página de inicio "https://taskhub.cl/inicio"                             # DefinicionPasos.CrearProyecto.verificarPaginaInicio(java.lang.String)
  When Hacer clic en el botón de navegación con id "menu-proyectos"                                         # DefinicionPasos.CrearProyecto.hacerClickBotonNavegacion(java.lang.String)
  Then Verificar que ingresamos a la vista de proyectos "https://taskhub.cl/proyecto"                       # DefinicionPasos.CrearProyecto.verificarVistaProyectos(java.lang.String)
  When Hacer clic en el botón de nuevo proyecto con id "btn-nuevo-proyecto"                                 # DefinicionPasos.CrearProyecto.hacerClickNuevoProyecto(java.lang.String)
  Then Verificar que ingresamos a la vista de creación de proyectos "https://taskhub.cl/proyecto/create"    # DefinicionPasos.CrearProyecto.verificarVistaCreacionProyectos(java.lang.String)
  And Ingresar el nombre del nuevo proyecto con id "nombre" con el texto "Proyecto con dos fases iniciales" # DefinicionPasos.CrearProyecto.ingresarNombreNuevoProyecto(java.lang.String,java.lang.String)
  And Seleccionar el primer cliente del selector con id "cliente_id"                                        # DefinicionPasos.CrearProyecto.seleccionarPrimerCliente(java.lang.String)
  And Seleccionar el primer jefe de proyecto del selector con id "jefe_proyecto_id"                         # DefinicionPasos.CrearProyecto.seleccionarPrimerJefeProyecto(java.lang.String)
  And Seleccionar el primer tipo de proyecto del selector con id "tipo_proyecto_id"                         # DefinicionPasos.CrearProyecto.seleccionarPrimerTipoProyecto(java.lang.String)
  When Hacer clic en el botón agregar nueva fase con id "agregarNuevaFase"                                  # DefinicionPasos.CrearProyecto.hacerClicEnElBotónAgregarNuevaFaceConId(java.lang.String)
  And Ingresar el nombre del nuevo proyecto con id "nombre_fase1" con el texto "Fase 1"                     # DefinicionPasos.CrearProyecto.ingresarNombreNuevoProyecto(java.lang.String,java.lang.String)
  And Ingresar la cantidad de horas en el campo con id "hora_asignada1" con el texto "25"                   # DefinicionPasos.CrearProyecto.ingresarCantidadHorasNuevoProyecto(java.lang.String,java.lang.String)
  When Hacer clic en el botón agregar nueva fase con id "agregarNuevaFase"                                  # DefinicionPasos.CrearProyecto.hacerClicEnElBotónAgregarNuevaFaceConId(java.lang.String)
  And Ingresar el nombre del nuevo proyecto con id "nombre_fase2" con el texto "Fase 2"                     # DefinicionPasos.CrearProyecto.ingresarNombreNuevoProyecto(java.lang.String,java.lang.String)
  And Ingresar la cantidad de horas en el campo con id "hora_asignada2" con el texto "30"                   # DefinicionPasos.CrearProyecto.ingresarCantidadHorasNuevoProyecto(java.lang.String,java.lang.String)
  When Hacer clic en el botón de guardar con id "btn-guardar-proyecto"                                      # DefinicionPasos.CrearProyecto.hacerClickGuardar(java.lang.String)
  Then Verificar que llegamos a la vista del proyecto con la URL que contiene "show"                        # DefinicionPasos.CrearProyecto.verificarVistaProyectoShow(java.lang.String)
]]></system-out>
    <system-err><![CDATA[Nov 23, 2024 10:16:48 AM org.openqa.selenium.devtools.CdpVersionFinder findNearestMatch
ADVERTENCIA: Unable to find an exact match for CDP version 131, returning the closest version; found: 130; Please update to a Selenium version that supports CDP version 131
]]></system-err>
  </testcase>
  <testcase name="Crear un nuevo proyecto con dos fases iniciales y la segunda sin nombre" classname="Crear Proyecto" time="9.387">
    <system-out><![CDATA[
Scenario: Crear un nuevo proyecto con dos fases iniciales y la segunda sin nombre                        # src/test/resources/feature/EscenarioCrearProyecto.feature:154
  Given Navegar a la página principal "https://taskhub.cl/"                                              # DefinicionPasos.CrearProyecto.navegarPaginaPrincipal(java.lang.String)
  And Ingresar el usuario en el campo con id "email" con el texto "igna.veliz@duocuc.cl"                 # DefinicionPasos.CrearProyecto.ingresarUsuario(java.lang.String,java.lang.String)
  And Ingresar la contraseña en el campo con id "password" con el texto "123123123"                      # DefinicionPasos.CrearProyecto.ingresarContrasena(java.lang.String,java.lang.String)
  And Hacer clic en el botón con id "login_button"                                                       # DefinicionPasos.CrearProyecto.hacerClickBoton(java.lang.String)
  Then Verificar que estamos en la página de inicio "https://taskhub.cl/inicio"                          # DefinicionPasos.CrearProyecto.verificarPaginaInicio(java.lang.String)
  Then Verificar que estamos en la página de inicio "https://taskhub.cl/inicio"                          # DefinicionPasos.CrearProyecto.verificarPaginaInicio(java.lang.String)
  When Hacer clic en el botón de navegación con id "menu-proyectos"                                      # DefinicionPasos.CrearProyecto.hacerClickBotonNavegacion(java.lang.String)
  Then Verificar que ingresamos a la vista de proyectos "https://taskhub.cl/proyecto"                    # DefinicionPasos.CrearProyecto.verificarVistaProyectos(java.lang.String)
  When Hacer clic en el botón de nuevo proyecto con id "btn-nuevo-proyecto"                              # DefinicionPasos.CrearProyecto.hacerClickNuevoProyecto(java.lang.String)
  Then Verificar que ingresamos a la vista de creación de proyectos "https://taskhub.cl/proyecto/create" # DefinicionPasos.CrearProyecto.verificarVistaCreacionProyectos(java.lang.String)
  And Ingresar el nombre del nuevo proyecto con id "nombre" con el texto "proyecto 1"                    # DefinicionPasos.CrearProyecto.ingresarNombreNuevoProyecto(java.lang.String,java.lang.String)
  And Seleccionar el primer cliente del selector con id "cliente_id"                                     # DefinicionPasos.CrearProyecto.seleccionarPrimerCliente(java.lang.String)
  And Seleccionar el primer jefe de proyecto del selector con id "jefe_proyecto_id"                      # DefinicionPasos.CrearProyecto.seleccionarPrimerJefeProyecto(java.lang.String)
  And Seleccionar el primer tipo de proyecto del selector con id "tipo_proyecto_id"                      # DefinicionPasos.CrearProyecto.seleccionarPrimerTipoProyecto(java.lang.String)
  When Hacer clic en el botón agregar nueva fase con id "agregarNuevaFase"                               # DefinicionPasos.CrearProyecto.hacerClicEnElBotónAgregarNuevaFaceConId(java.lang.String)
  And Ingresar el nombre del nuevo proyecto con id "nombre_fase1" con el texto "Fase 1"                  # DefinicionPasos.CrearProyecto.ingresarNombreNuevoProyecto(java.lang.String,java.lang.String)
  And Ingresar la cantidad de horas en el campo con id "hora_asignada1" con el texto "25"                # DefinicionPasos.CrearProyecto.ingresarCantidadHorasNuevoProyecto(java.lang.String,java.lang.String)
  When Hacer clic en el botón agregar nueva fase con id "agregarNuevaFase"                               # DefinicionPasos.CrearProyecto.hacerClicEnElBotónAgregarNuevaFaceConId(java.lang.String)
  And Dejar el campo vacío con id "nombre_fase2"                                                         # DefinicionPasos.CrearProyecto.dejarCampoNombreVacio(java.lang.String)
  And Ingresar la cantidad de horas en el campo con id "hora_asignada2" con el texto "30"                # DefinicionPasos.CrearProyecto.ingresarCantidadHorasNuevoProyecto(java.lang.String,java.lang.String)
  When Hacer clic en el botón de guardar con id "btn-guardar-proyecto"                                   # DefinicionPasos.CrearProyecto.hacerClickGuardar(java.lang.String)
  And Permanecer en la vista de creación de proyectos "https://taskhub.cl/proyecto/create"               # DefinicionPasos.CrearProyecto.permanecerEnVistaCreacion(java.lang.String)
]]></system-out>
    <system-err><![CDATA[Nov 23, 2024 10:16:58 AM org.openqa.selenium.devtools.CdpVersionFinder findNearestMatch
ADVERTENCIA: Unable to find an exact match for CDP version 131, returning the closest version; found: 130; Please update to a Selenium version that supports CDP version 131
]]></system-err>
  </testcase>
  <testcase name="Crear un nuevo proyecto con dos fases iniciales y la segunda sin horas asignadas" classname="Crear Proyecto" time="9.476">
    <system-out><![CDATA[
Scenario: Crear un nuevo proyecto con dos fases iniciales y la segunda sin horas asignadas               # src/test/resources/feature/EscenarioCrearProyecto.feature:173
  Given Navegar a la página principal "https://taskhub.cl/"                                              # DefinicionPasos.CrearProyecto.navegarPaginaPrincipal(java.lang.String)
  And Ingresar el usuario en el campo con id "email" con el texto "igna.veliz@duocuc.cl"                 # DefinicionPasos.CrearProyecto.ingresarUsuario(java.lang.String,java.lang.String)
  And Ingresar la contraseña en el campo con id "password" con el texto "123123123"                      # DefinicionPasos.CrearProyecto.ingresarContrasena(java.lang.String,java.lang.String)
  And Hacer clic en el botón con id "login_button"                                                       # DefinicionPasos.CrearProyecto.hacerClickBoton(java.lang.String)
  Then Verificar que estamos en la página de inicio "https://taskhub.cl/inicio"                          # DefinicionPasos.CrearProyecto.verificarPaginaInicio(java.lang.String)
  Then Verificar que estamos en la página de inicio "https://taskhub.cl/inicio"                          # DefinicionPasos.CrearProyecto.verificarPaginaInicio(java.lang.String)
  When Hacer clic en el botón de navegación con id "menu-proyectos"                                      # DefinicionPasos.CrearProyecto.hacerClickBotonNavegacion(java.lang.String)
  Then Verificar que ingresamos a la vista de proyectos "https://taskhub.cl/proyecto"                    # DefinicionPasos.CrearProyecto.verificarVistaProyectos(java.lang.String)
  When Hacer clic en el botón de nuevo proyecto con id "btn-nuevo-proyecto"                              # DefinicionPasos.CrearProyecto.hacerClickNuevoProyecto(java.lang.String)
  Then Verificar que ingresamos a la vista de creación de proyectos "https://taskhub.cl/proyecto/create" # DefinicionPasos.CrearProyecto.verificarVistaCreacionProyectos(java.lang.String)
  And Ingresar el nombre del nuevo proyecto con id "nombre" con el texto "proyecto 1"                    # DefinicionPasos.CrearProyecto.ingresarNombreNuevoProyecto(java.lang.String,java.lang.String)
  And Seleccionar el primer cliente del selector con id "cliente_id"                                     # DefinicionPasos.CrearProyecto.seleccionarPrimerCliente(java.lang.String)
  And Seleccionar el primer jefe de proyecto del selector con id "jefe_proyecto_id"                      # DefinicionPasos.CrearProyecto.seleccionarPrimerJefeProyecto(java.lang.String)
  And Seleccionar el primer tipo de proyecto del selector con id "tipo_proyecto_id"                      # DefinicionPasos.CrearProyecto.seleccionarPrimerTipoProyecto(java.lang.String)
  When Hacer clic en el botón agregar nueva fase con id "agregarNuevaFase"                               # DefinicionPasos.CrearProyecto.hacerClicEnElBotónAgregarNuevaFaceConId(java.lang.String)
  And Ingresar el nombre del nuevo proyecto con id "nombre_fase1" con el texto "Fase 1"                  # DefinicionPasos.CrearProyecto.ingresarNombreNuevoProyecto(java.lang.String,java.lang.String)
  And Ingresar la cantidad de horas en el campo con id "hora_asignada1" con el texto "25"                # DefinicionPasos.CrearProyecto.ingresarCantidadHorasNuevoProyecto(java.lang.String,java.lang.String)
  When Hacer clic en el botón agregar nueva fase con id "agregarNuevaFase"                               # DefinicionPasos.CrearProyecto.hacerClicEnElBotónAgregarNuevaFaceConId(java.lang.String)
  And Ingresar el nombre del nuevo proyecto con id "nombre_fase2" con el texto "30"                      # DefinicionPasos.CrearProyecto.ingresarNombreNuevoProyecto(java.lang.String,java.lang.String)
  And Dejar el campo vacío con id "hora_asignada2"                                                       # DefinicionPasos.CrearProyecto.dejarCampoNombreVacio(java.lang.String)
  When Hacer clic en el botón de guardar con id "btn-guardar-proyecto"                                   # DefinicionPasos.CrearProyecto.hacerClickGuardar(java.lang.String)
  And Permanecer en la vista de creación de proyectos "https://taskhub.cl/proyecto/create"               # DefinicionPasos.CrearProyecto.permanecerEnVistaCreacion(java.lang.String)
]]></system-out>
    <system-err><![CDATA[Nov 23, 2024 10:17:08 AM org.openqa.selenium.devtools.CdpVersionFinder findNearestMatch
ADVERTENCIA: Unable to find an exact match for CDP version 131, returning the closest version; found: 130; Please update to a Selenium version that supports CDP version 131
]]></system-err>
  </testcase>
  <testcase name="Crear un nuevo proyecto con dos fases iniciales pero sin nombre de proyecto" classname="Crear Proyecto" time="9.53">
    <system-out><![CDATA[
Scenario: Crear un nuevo proyecto con dos fases iniciales pero sin nombre de proyecto                    # src/test/resources/feature/EscenarioCrearProyecto.feature:192
  Given Navegar a la página principal "https://taskhub.cl/"                                              # DefinicionPasos.CrearProyecto.navegarPaginaPrincipal(java.lang.String)
  And Ingresar el usuario en el campo con id "email" con el texto "igna.veliz@duocuc.cl"                 # DefinicionPasos.CrearProyecto.ingresarUsuario(java.lang.String,java.lang.String)
  And Ingresar la contraseña en el campo con id "password" con el texto "123123123"                      # DefinicionPasos.CrearProyecto.ingresarContrasena(java.lang.String,java.lang.String)
  And Hacer clic en el botón con id "login_button"                                                       # DefinicionPasos.CrearProyecto.hacerClickBoton(java.lang.String)
  Then Verificar que estamos en la página de inicio "https://taskhub.cl/inicio"                          # DefinicionPasos.CrearProyecto.verificarPaginaInicio(java.lang.String)
  Then Verificar que estamos en la página de inicio "https://taskhub.cl/inicio"                          # DefinicionPasos.CrearProyecto.verificarPaginaInicio(java.lang.String)
  When Hacer clic en el botón de navegación con id "menu-proyectos"                                      # DefinicionPasos.CrearProyecto.hacerClickBotonNavegacion(java.lang.String)
  Then Verificar que ingresamos a la vista de proyectos "https://taskhub.cl/proyecto"                    # DefinicionPasos.CrearProyecto.verificarVistaProyectos(java.lang.String)
  When Hacer clic en el botón de nuevo proyecto con id "btn-nuevo-proyecto"                              # DefinicionPasos.CrearProyecto.hacerClickNuevoProyecto(java.lang.String)
  Then Verificar que ingresamos a la vista de creación de proyectos "https://taskhub.cl/proyecto/create" # DefinicionPasos.CrearProyecto.verificarVistaCreacionProyectos(java.lang.String)
  And Dejar el campo vacío con id "nombre"                                                               # DefinicionPasos.CrearProyecto.dejarCampoNombreVacio(java.lang.String)
  And Seleccionar el primer cliente del selector con id "cliente_id"                                     # DefinicionPasos.CrearProyecto.seleccionarPrimerCliente(java.lang.String)
  And Seleccionar el primer jefe de proyecto del selector con id "jefe_proyecto_id"                      # DefinicionPasos.CrearProyecto.seleccionarPrimerJefeProyecto(java.lang.String)
  And Seleccionar el primer tipo de proyecto del selector con id "tipo_proyecto_id"                      # DefinicionPasos.CrearProyecto.seleccionarPrimerTipoProyecto(java.lang.String)
  When Hacer clic en el botón agregar nueva fase con id "agregarNuevaFase"                               # DefinicionPasos.CrearProyecto.hacerClicEnElBotónAgregarNuevaFaceConId(java.lang.String)
  And Ingresar el nombre del nuevo proyecto con id "nombre_fase1" con el texto "Fase 1"                  # DefinicionPasos.CrearProyecto.ingresarNombreNuevoProyecto(java.lang.String,java.lang.String)
  And Ingresar la cantidad de horas en el campo con id "hora_asignada1" con el texto "25"                # DefinicionPasos.CrearProyecto.ingresarCantidadHorasNuevoProyecto(java.lang.String,java.lang.String)
  When Hacer clic en el botón agregar nueva fase con id "agregarNuevaFase"                               # DefinicionPasos.CrearProyecto.hacerClicEnElBotónAgregarNuevaFaceConId(java.lang.String)
  And Ingresar el nombre del nuevo proyecto con id "nombre_fase2" con el texto "Fase 2"                  # DefinicionPasos.CrearProyecto.ingresarNombreNuevoProyecto(java.lang.String,java.lang.String)
  And Ingresar la cantidad de horas en el campo con id "hora_asignada2" con el texto "30"                # DefinicionPasos.CrearProyecto.ingresarCantidadHorasNuevoProyecto(java.lang.String,java.lang.String)
  When Hacer clic en el botón de guardar con id "btn-guardar-proyecto"                                   # DefinicionPasos.CrearProyecto.hacerClickGuardar(java.lang.String)
  And Permanecer en la vista de creación de proyectos "https://taskhub.cl/proyecto/create"               # DefinicionPasos.CrearProyecto.permanecerEnVistaCreacion(java.lang.String)
]]></system-out>
    <system-err><![CDATA[Nov 23, 2024 10:17:17 AM org.openqa.selenium.devtools.CdpVersionFinder findNearestMatch
ADVERTENCIA: Unable to find an exact match for CDP version 131, returning the closest version; found: 130; Please update to a Selenium version that supports CDP version 131
]]></system-err>
  </testcase>
  <testcase name="Crear un nuevo proyecto con dos fases iniciales y la primera sin nombre" classname="Crear Proyecto" time="9.558">
    <system-out><![CDATA[
Scenario: Crear un nuevo proyecto con dos fases iniciales y la primera sin nombre                        # src/test/resources/feature/EscenarioCrearProyecto.feature:211
  Given Navegar a la página principal "https://taskhub.cl/"                                              # DefinicionPasos.CrearProyecto.navegarPaginaPrincipal(java.lang.String)
  And Ingresar el usuario en el campo con id "email" con el texto "igna.veliz@duocuc.cl"                 # DefinicionPasos.CrearProyecto.ingresarUsuario(java.lang.String,java.lang.String)
  And Ingresar la contraseña en el campo con id "password" con el texto "123123123"                      # DefinicionPasos.CrearProyecto.ingresarContrasena(java.lang.String,java.lang.String)
  And Hacer clic en el botón con id "login_button"                                                       # DefinicionPasos.CrearProyecto.hacerClickBoton(java.lang.String)
  Then Verificar que estamos en la página de inicio "https://taskhub.cl/inicio"                          # DefinicionPasos.CrearProyecto.verificarPaginaInicio(java.lang.String)
  Then Verificar que estamos en la página de inicio "https://taskhub.cl/inicio"                          # DefinicionPasos.CrearProyecto.verificarPaginaInicio(java.lang.String)
  When Hacer clic en el botón de navegación con id "menu-proyectos"                                      # DefinicionPasos.CrearProyecto.hacerClickBotonNavegacion(java.lang.String)
  Then Verificar que ingresamos a la vista de proyectos "https://taskhub.cl/proyecto"                    # DefinicionPasos.CrearProyecto.verificarVistaProyectos(java.lang.String)
  When Hacer clic en el botón de nuevo proyecto con id "btn-nuevo-proyecto"                              # DefinicionPasos.CrearProyecto.hacerClickNuevoProyecto(java.lang.String)
  Then Verificar que ingresamos a la vista de creación de proyectos "https://taskhub.cl/proyecto/create" # DefinicionPasos.CrearProyecto.verificarVistaCreacionProyectos(java.lang.String)
  And Ingresar el nombre del nuevo proyecto con id "nombre" con el texto "proyecto 1"                    # DefinicionPasos.CrearProyecto.ingresarNombreNuevoProyecto(java.lang.String,java.lang.String)
  And Seleccionar el primer cliente del selector con id "cliente_id"                                     # DefinicionPasos.CrearProyecto.seleccionarPrimerCliente(java.lang.String)
  And Seleccionar el primer jefe de proyecto del selector con id "jefe_proyecto_id"                      # DefinicionPasos.CrearProyecto.seleccionarPrimerJefeProyecto(java.lang.String)
  And Seleccionar el primer tipo de proyecto del selector con id "tipo_proyecto_id"                      # DefinicionPasos.CrearProyecto.seleccionarPrimerTipoProyecto(java.lang.String)
  When Hacer clic en el botón agregar nueva fase con id "agregarNuevaFase"                               # DefinicionPasos.CrearProyecto.hacerClicEnElBotónAgregarNuevaFaceConId(java.lang.String)
  And Dejar el campo vacío con id "nombre_fase1"                                                         # DefinicionPasos.CrearProyecto.dejarCampoNombreVacio(java.lang.String)
  And Ingresar la cantidad de horas en el campo con id "hora_asignada1" con el texto "25"                # DefinicionPasos.CrearProyecto.ingresarCantidadHorasNuevoProyecto(java.lang.String,java.lang.String)
  When Hacer clic en el botón agregar nueva fase con id "agregarNuevaFase"                               # DefinicionPasos.CrearProyecto.hacerClicEnElBotónAgregarNuevaFaceConId(java.lang.String)
  And Ingresar el nombre del nuevo proyecto con id "nombre_fase2" con el texto "Fase 2"                  # DefinicionPasos.CrearProyecto.ingresarNombreNuevoProyecto(java.lang.String,java.lang.String)
  And Ingresar la cantidad de horas en el campo con id "hora_asignada2" con el texto "50"                # DefinicionPasos.CrearProyecto.ingresarCantidadHorasNuevoProyecto(java.lang.String,java.lang.String)
  When Hacer clic en el botón de guardar con id "btn-guardar-proyecto"                                   # DefinicionPasos.CrearProyecto.hacerClickGuardar(java.lang.String)
  And Permanecer en la vista de creación de proyectos "https://taskhub.cl/proyecto/create"               # DefinicionPasos.CrearProyecto.permanecerEnVistaCreacion(java.lang.String)
]]></system-out>
    <system-err><![CDATA[Nov 23, 2024 10:17:27 AM org.openqa.selenium.devtools.CdpVersionFinder findNearestMatch
ADVERTENCIA: Unable to find an exact match for CDP version 131, returning the closest version; found: 130; Please update to a Selenium version that supports CDP version 131
]]></system-err>
  </testcase>
  <testcase name="Crear un nuevo proyecto con dos fases iniciales y la primera sin horas" classname="Crear Proyecto" time="9.522">
    <system-out><![CDATA[
Scenario: Crear un nuevo proyecto con dos fases iniciales y la primera sin horas                         # src/test/resources/feature/EscenarioCrearProyecto.feature:230
  Given Navegar a la página principal "https://taskhub.cl/"                                              # DefinicionPasos.CrearProyecto.navegarPaginaPrincipal(java.lang.String)
  And Ingresar el usuario en el campo con id "email" con el texto "igna.veliz@duocuc.cl"                 # DefinicionPasos.CrearProyecto.ingresarUsuario(java.lang.String,java.lang.String)
  And Ingresar la contraseña en el campo con id "password" con el texto "123123123"                      # DefinicionPasos.CrearProyecto.ingresarContrasena(java.lang.String,java.lang.String)
  And Hacer clic en el botón con id "login_button"                                                       # DefinicionPasos.CrearProyecto.hacerClickBoton(java.lang.String)
  Then Verificar que estamos en la página de inicio "https://taskhub.cl/inicio"                          # DefinicionPasos.CrearProyecto.verificarPaginaInicio(java.lang.String)
  Then Verificar que estamos en la página de inicio "https://taskhub.cl/inicio"                          # DefinicionPasos.CrearProyecto.verificarPaginaInicio(java.lang.String)
  When Hacer clic en el botón de navegación con id "menu-proyectos"                                      # DefinicionPasos.CrearProyecto.hacerClickBotonNavegacion(java.lang.String)
  Then Verificar que ingresamos a la vista de proyectos "https://taskhub.cl/proyecto"                    # DefinicionPasos.CrearProyecto.verificarVistaProyectos(java.lang.String)
  When Hacer clic en el botón de nuevo proyecto con id "btn-nuevo-proyecto"                              # DefinicionPasos.CrearProyecto.hacerClickNuevoProyecto(java.lang.String)
  Then Verificar que ingresamos a la vista de creación de proyectos "https://taskhub.cl/proyecto/create" # DefinicionPasos.CrearProyecto.verificarVistaCreacionProyectos(java.lang.String)
  And Ingresar el nombre del nuevo proyecto con id "nombre" con el texto "proyecto 1"                    # DefinicionPasos.CrearProyecto.ingresarNombreNuevoProyecto(java.lang.String,java.lang.String)
  And Seleccionar el primer cliente del selector con id "cliente_id"                                     # DefinicionPasos.CrearProyecto.seleccionarPrimerCliente(java.lang.String)
  And Seleccionar el primer jefe de proyecto del selector con id "jefe_proyecto_id"                      # DefinicionPasos.CrearProyecto.seleccionarPrimerJefeProyecto(java.lang.String)
  And Seleccionar el primer tipo de proyecto del selector con id "tipo_proyecto_id"                      # DefinicionPasos.CrearProyecto.seleccionarPrimerTipoProyecto(java.lang.String)
  When Hacer clic en el botón agregar nueva fase con id "agregarNuevaFase"                               # DefinicionPasos.CrearProyecto.hacerClicEnElBotónAgregarNuevaFaceConId(java.lang.String)
  And Ingresar el nombre del nuevo proyecto con id "nombre_fase1" con el texto "Fase 1"                  # DefinicionPasos.CrearProyecto.ingresarNombreNuevoProyecto(java.lang.String,java.lang.String)
  And Dejar el campo vacío con id "hora_asignada1"                                                       # DefinicionPasos.CrearProyecto.dejarCampoNombreVacio(java.lang.String)
  When Hacer clic en el botón agregar nueva fase con id "agregarNuevaFase"                               # DefinicionPasos.CrearProyecto.hacerClicEnElBotónAgregarNuevaFaceConId(java.lang.String)
  And Ingresar el nombre del nuevo proyecto con id "nombre_fase2" con el texto "Fase 2"                  # DefinicionPasos.CrearProyecto.ingresarNombreNuevoProyecto(java.lang.String,java.lang.String)
  And Ingresar la cantidad de horas en el campo con id "hora_asignada2" con el texto "50"                # DefinicionPasos.CrearProyecto.ingresarCantidadHorasNuevoProyecto(java.lang.String,java.lang.String)
  When Hacer clic en el botón de guardar con id "btn-guardar-proyecto"                                   # DefinicionPasos.CrearProyecto.hacerClickGuardar(java.lang.String)
  And Permanecer en la vista de creación de proyectos "https://taskhub.cl/proyecto/create"               # DefinicionPasos.CrearProyecto.permanecerEnVistaCreacion(java.lang.String)
]]></system-out>
    <system-err><![CDATA[Nov 23, 2024 10:17:36 AM org.openqa.selenium.devtools.CdpVersionFinder findNearestMatch
ADVERTENCIA: Unable to find an exact match for CDP version 131, returning the closest version; found: 130; Please update to a Selenium version that supports CDP version 131
]]></system-err>
  </testcase>
  <testcase name="Crear un nuevo proyecto con dos fases iniciales sin tipo de proyecto" classname="Crear Proyecto" time="9.659">
    <system-out><![CDATA[
Scenario: Crear un nuevo proyecto con dos fases iniciales sin tipo de proyecto                           # src/test/resources/feature/EscenarioCrearProyecto.feature:249
  Given Navegar a la página principal "https://taskhub.cl/"                                              # DefinicionPasos.CrearProyecto.navegarPaginaPrincipal(java.lang.String)
  And Ingresar el usuario en el campo con id "email" con el texto "igna.veliz@duocuc.cl"                 # DefinicionPasos.CrearProyecto.ingresarUsuario(java.lang.String,java.lang.String)
  And Ingresar la contraseña en el campo con id "password" con el texto "123123123"                      # DefinicionPasos.CrearProyecto.ingresarContrasena(java.lang.String,java.lang.String)
  And Hacer clic en el botón con id "login_button"                                                       # DefinicionPasos.CrearProyecto.hacerClickBoton(java.lang.String)
  Then Verificar que estamos en la página de inicio "https://taskhub.cl/inicio"                          # DefinicionPasos.CrearProyecto.verificarPaginaInicio(java.lang.String)
  Then Verificar que estamos en la página de inicio "https://taskhub.cl/inicio"                          # DefinicionPasos.CrearProyecto.verificarPaginaInicio(java.lang.String)
  When Hacer clic en el botón de navegación con id "menu-proyectos"                                      # DefinicionPasos.CrearProyecto.hacerClickBotonNavegacion(java.lang.String)
  Then Verificar que ingresamos a la vista de proyectos "https://taskhub.cl/proyecto"                    # DefinicionPasos.CrearProyecto.verificarVistaProyectos(java.lang.String)
  When Hacer clic en el botón de nuevo proyecto con id "btn-nuevo-proyecto"                              # DefinicionPasos.CrearProyecto.hacerClickNuevoProyecto(java.lang.String)
  Then Verificar que ingresamos a la vista de creación de proyectos "https://taskhub.cl/proyecto/create" # DefinicionPasos.CrearProyecto.verificarVistaCreacionProyectos(java.lang.String)
  And Ingresar el nombre del nuevo proyecto con id "nombre" con el texto "proyecto 1"                    # DefinicionPasos.CrearProyecto.ingresarNombreNuevoProyecto(java.lang.String,java.lang.String)
  And Seleccionar el primer cliente del selector con id "cliente_id"                                     # DefinicionPasos.CrearProyecto.seleccionarPrimerCliente(java.lang.String)
  And Seleccionar el primer jefe de proyecto del selector con id "jefe_proyecto_id"                      # DefinicionPasos.CrearProyecto.seleccionarPrimerJefeProyecto(java.lang.String)
No se seleccionó ninguna opción para el campo: cliente
  And No seleccionar cliente en el selector con id "tipo_proyecto_id"                                    # DefinicionPasos.CrearProyecto.noSeleccionarCliente(java.lang.String)
  When Hacer clic en el botón agregar nueva fase con id "agregarNuevaFase"                               # DefinicionPasos.CrearProyecto.hacerClicEnElBotónAgregarNuevaFaceConId(java.lang.String)
  And Ingresar el nombre del nuevo proyecto con id "nombre_fase1" con el texto "Fase 1"                  # DefinicionPasos.CrearProyecto.ingresarNombreNuevoProyecto(java.lang.String,java.lang.String)
  And Ingresar la cantidad de horas en el campo con id "hora_asignada1" con el texto "25"                # DefinicionPasos.CrearProyecto.ingresarCantidadHorasNuevoProyecto(java.lang.String,java.lang.String)
  When Hacer clic en el botón agregar nueva fase con id "agregarNuevaFase"                               # DefinicionPasos.CrearProyecto.hacerClicEnElBotónAgregarNuevaFaceConId(java.lang.String)
  And Ingresar el nombre del nuevo proyecto con id "nombre_fase2" con el texto "Fase 2"                  # DefinicionPasos.CrearProyecto.ingresarNombreNuevoProyecto(java.lang.String,java.lang.String)
  And Ingresar la cantidad de horas en el campo con id "hora_asignada2" con el texto "30"                # DefinicionPasos.CrearProyecto.ingresarCantidadHorasNuevoProyecto(java.lang.String,java.lang.String)
  When Hacer clic en el botón de guardar con id "btn-guardar-proyecto"                                   # DefinicionPasos.CrearProyecto.hacerClickGuardar(java.lang.String)
  And Permanecer en la vista de creación de proyectos "https://taskhub.cl/proyecto/create"               # DefinicionPasos.CrearProyecto.permanecerEnVistaCreacion(java.lang.String)
]]></system-out>
    <system-err><![CDATA[Nov 23, 2024 10:17:46 AM org.openqa.selenium.devtools.CdpVersionFinder findNearestMatch
ADVERTENCIA: Unable to find an exact match for CDP version 131, returning the closest version; found: 130; Please update to a Selenium version that supports CDP version 131
]]></system-err>
  </testcase>
  <testcase name="Crear un nuevo proyecto sin nombre" classname="Crear Proyecto" time="9.234">
    <system-out><![CDATA[
Scenario: Crear un nuevo proyecto sin nombre                                                             # src/test/resources/feature/EscenarioCrearProyecto.feature:268
  Given Navegar a la página principal "https://taskhub.cl/"                                              # DefinicionPasos.CrearProyecto.navegarPaginaPrincipal(java.lang.String)
  And Ingresar el usuario en el campo con id "email" con el texto "igna.veliz@duocuc.cl"                 # DefinicionPasos.CrearProyecto.ingresarUsuario(java.lang.String,java.lang.String)
  And Ingresar la contraseña en el campo con id "password" con el texto "123123123"                      # DefinicionPasos.CrearProyecto.ingresarContrasena(java.lang.String,java.lang.String)
  And Hacer clic en el botón con id "login_button"                                                       # DefinicionPasos.CrearProyecto.hacerClickBoton(java.lang.String)
  Then Verificar que estamos en la página de inicio "https://taskhub.cl/inicio"                          # DefinicionPasos.CrearProyecto.verificarPaginaInicio(java.lang.String)
  When Hacer clic en el botón de navegación con id "menu-proyectos"                                      # DefinicionPasos.CrearProyecto.hacerClickBotonNavegacion(java.lang.String)
  Then Verificar que ingresamos a la vista de proyectos "https://taskhub.cl/proyecto"                    # DefinicionPasos.CrearProyecto.verificarVistaProyectos(java.lang.String)
  When Hacer clic en el botón de nuevo proyecto con id "btn-nuevo-proyecto"                              # DefinicionPasos.CrearProyecto.hacerClickNuevoProyecto(java.lang.String)
  Then Verificar que ingresamos a la vista de creación de proyectos "https://taskhub.cl/proyecto/create" # DefinicionPasos.CrearProyecto.verificarVistaCreacionProyectos(java.lang.String)
  And Dejar el campo vacío con id "nombre"                                                               # DefinicionPasos.CrearProyecto.dejarCampoNombreVacio(java.lang.String)
  And Seleccionar el primer cliente del selector con id "cliente_id"                                     # DefinicionPasos.CrearProyecto.seleccionarPrimerCliente(java.lang.String)
  And Seleccionar el primer jefe de proyecto del selector con id "jefe_proyecto_id"                      # DefinicionPasos.CrearProyecto.seleccionarPrimerJefeProyecto(java.lang.String)
  And Seleccionar el primer tipo de proyecto del selector con id "tipo_proyecto_id"                      # DefinicionPasos.CrearProyecto.seleccionarPrimerTipoProyecto(java.lang.String)
  When Hacer clic en el botón de guardar con id "btn-guardar-proyecto"                                   # DefinicionPasos.CrearProyecto.hacerClickGuardar(java.lang.String)
  And Permanecer en la vista de creación de proyectos "https://taskhub.cl/proyecto/create"               # DefinicionPasos.CrearProyecto.permanecerEnVistaCreacion(java.lang.String)
]]></system-out>
    <system-err><![CDATA[Nov 23, 2024 10:17:56 AM org.openqa.selenium.devtools.CdpVersionFinder findNearestMatch
ADVERTENCIA: Unable to find an exact match for CDP version 131, returning the closest version; found: 130; Please update to a Selenium version that supports CDP version 131
]]></system-err>
  </testcase>
  <testcase name="Crear un proyecto sin cliente" classname="Crear Proyecto" time="9.192">
    <system-out><![CDATA[
Scenario: Crear un proyecto sin cliente                                                                  # src/test/resources/feature/EscenarioCrearProyecto.feature:281
  Given Navegar a la página principal "https://taskhub.cl/"                                              # DefinicionPasos.CrearProyecto.navegarPaginaPrincipal(java.lang.String)
  And Ingresar el usuario en el campo con id "email" con el texto "igna.veliz@duocuc.cl"                 # DefinicionPasos.CrearProyecto.ingresarUsuario(java.lang.String,java.lang.String)
  And Ingresar la contraseña en el campo con id "password" con el texto "123123123"                      # DefinicionPasos.CrearProyecto.ingresarContrasena(java.lang.String,java.lang.String)
  And Hacer clic en el botón con id "login_button"                                                       # DefinicionPasos.CrearProyecto.hacerClickBoton(java.lang.String)
  Then Verificar que estamos en la página de inicio "https://taskhub.cl/inicio"                          # DefinicionPasos.CrearProyecto.verificarPaginaInicio(java.lang.String)
  When Hacer clic en el botón de navegación con id "menu-proyectos"                                      # DefinicionPasos.CrearProyecto.hacerClickBotonNavegacion(java.lang.String)
  Then Verificar que ingresamos a la vista de proyectos "https://taskhub.cl/proyecto"                    # DefinicionPasos.CrearProyecto.verificarVistaProyectos(java.lang.String)
  When Hacer clic en el botón de nuevo proyecto con id "btn-nuevo-proyecto"                              # DefinicionPasos.CrearProyecto.hacerClickNuevoProyecto(java.lang.String)
  Then Verificar que ingresamos a la vista de creación de proyectos "https://taskhub.cl/proyecto/create" # DefinicionPasos.CrearProyecto.verificarVistaCreacionProyectos(java.lang.String)
  And Ingresar el nombre del nuevo proyecto con id "nombre" con el texto "Proyecto sin cliente"          # DefinicionPasos.CrearProyecto.ingresarNombreNuevoProyecto(java.lang.String,java.lang.String)
No se seleccionó ninguna opción para el campo: cliente
  And No seleccionar cliente en el selector con id "cliente_id"                                          # DefinicionPasos.CrearProyecto.noSeleccionarCliente(java.lang.String)
  And Seleccionar el primer jefe de proyecto del selector con id "jefe_proyecto_id"                      # DefinicionPasos.CrearProyecto.seleccionarPrimerJefeProyecto(java.lang.String)
  And Seleccionar el primer tipo de proyecto del selector con id "tipo_proyecto_id"                      # DefinicionPasos.CrearProyecto.seleccionarPrimerTipoProyecto(java.lang.String)
  When Hacer clic en el botón de guardar con id "btn-guardar-proyecto"                                   # DefinicionPasos.CrearProyecto.hacerClickGuardar(java.lang.String)
  And Permanecer en la vista de creación de proyectos "https://taskhub.cl/proyecto/create"               # DefinicionPasos.CrearProyecto.permanecerEnVistaCreacion(java.lang.String)
]]></system-out>
    <system-err><![CDATA[Nov 23, 2024 10:18:05 AM org.openqa.selenium.devtools.CdpVersionFinder findNearestMatch
ADVERTENCIA: Unable to find an exact match for CDP version 131, returning the closest version; found: 130; Please update to a Selenium version that supports CDP version 131
]]></system-err>
  </testcase>
  <testcase name="Crear un proyecto sin jefe de proyecto" classname="Crear Proyecto" time="9.141">
    <system-out><![CDATA[
Scenario: Crear un proyecto sin jefe de proyecto                                                         # src/test/resources/feature/EscenarioCrearProyecto.feature:294
  Given Navegar a la página principal "https://taskhub.cl/"                                              # DefinicionPasos.CrearProyecto.navegarPaginaPrincipal(java.lang.String)
  And Ingresar el usuario en el campo con id "email" con el texto "igna.veliz@duocuc.cl"                 # DefinicionPasos.CrearProyecto.ingresarUsuario(java.lang.String,java.lang.String)
  And Ingresar la contraseña en el campo con id "password" con el texto "123123123"                      # DefinicionPasos.CrearProyecto.ingresarContrasena(java.lang.String,java.lang.String)
  And Hacer clic en el botón con id "login_button"                                                       # DefinicionPasos.CrearProyecto.hacerClickBoton(java.lang.String)
  Then Verificar que estamos en la página de inicio "https://taskhub.cl/inicio"                          # DefinicionPasos.CrearProyecto.verificarPaginaInicio(java.lang.String)
  When Hacer clic en el botón de navegación con id "menu-proyectos"                                      # DefinicionPasos.CrearProyecto.hacerClickBotonNavegacion(java.lang.String)
  Then Verificar que ingresamos a la vista de proyectos "https://taskhub.cl/proyecto"                    # DefinicionPasos.CrearProyecto.verificarVistaProyectos(java.lang.String)
  When Hacer clic en el botón de nuevo proyecto con id "btn-nuevo-proyecto"                              # DefinicionPasos.CrearProyecto.hacerClickNuevoProyecto(java.lang.String)
  Then Verificar que ingresamos a la vista de creación de proyectos "https://taskhub.cl/proyecto/create" # DefinicionPasos.CrearProyecto.verificarVistaCreacionProyectos(java.lang.String)
  And Ingresar el nombre del nuevo proyecto con id "nombre" con el texto "Proyecto sin jefe de proyecto" # DefinicionPasos.CrearProyecto.ingresarNombreNuevoProyecto(java.lang.String,java.lang.String)
  And Seleccionar el primer cliente del selector con id "cliente_id"                                     # DefinicionPasos.CrearProyecto.seleccionarPrimerCliente(java.lang.String)
No se seleccionó ninguna opción para el campo: jefe de proyecto
  And No seleccionar jefe de proyecto en el selector con id "jefe_proyecto_id"                           # DefinicionPasos.CrearProyecto.noSeleccionarJefeDeProyecto(java.lang.String)
  And Seleccionar el primer tipo de proyecto del selector con id "tipo_proyecto_id"                      # DefinicionPasos.CrearProyecto.seleccionarPrimerTipoProyecto(java.lang.String)
  When Hacer clic en el botón de guardar con id "btn-guardar-proyecto"                                   # DefinicionPasos.CrearProyecto.hacerClickGuardar(java.lang.String)
  And Permanecer en la vista de creación de proyectos "https://taskhub.cl/proyecto/create"               # DefinicionPasos.CrearProyecto.permanecerEnVistaCreacion(java.lang.String)
]]></system-out>
    <system-err><![CDATA[Nov 23, 2024 10:18:14 AM org.openqa.selenium.devtools.CdpVersionFinder findNearestMatch
ADVERTENCIA: Unable to find an exact match for CDP version 131, returning the closest version; found: 130; Please update to a Selenium version that supports CDP version 131
]]></system-err>
  </testcase>
  <testcase name="Crear un proyecto sin tipo de proyecto" classname="Crear Proyecto" time="9.111">
    <system-out><![CDATA[
Scenario: Crear un proyecto sin tipo de proyecto                                                         # src/test/resources/feature/EscenarioCrearProyecto.feature:307
  Given Navegar a la página principal "https://taskhub.cl/"                                              # DefinicionPasos.CrearProyecto.navegarPaginaPrincipal(java.lang.String)
  And Ingresar el usuario en el campo con id "email" con el texto "igna.veliz@duocuc.cl"                 # DefinicionPasos.CrearProyecto.ingresarUsuario(java.lang.String,java.lang.String)
  And Ingresar la contraseña en el campo con id "password" con el texto "123123123"                      # DefinicionPasos.CrearProyecto.ingresarContrasena(java.lang.String,java.lang.String)
  And Hacer clic en el botón con id "login_button"                                                       # DefinicionPasos.CrearProyecto.hacerClickBoton(java.lang.String)
  Then Verificar que estamos en la página de inicio "https://taskhub.cl/inicio"                          # DefinicionPasos.CrearProyecto.verificarPaginaInicio(java.lang.String)
  When Hacer clic en el botón de navegación con id "menu-proyectos"                                      # DefinicionPasos.CrearProyecto.hacerClickBotonNavegacion(java.lang.String)
  Then Verificar que ingresamos a la vista de proyectos "https://taskhub.cl/proyecto"                    # DefinicionPasos.CrearProyecto.verificarVistaProyectos(java.lang.String)
  When Hacer clic en el botón de nuevo proyecto con id "btn-nuevo-proyecto"                              # DefinicionPasos.CrearProyecto.hacerClickNuevoProyecto(java.lang.String)
  Then Verificar que ingresamos a la vista de creación de proyectos "https://taskhub.cl/proyecto/create" # DefinicionPasos.CrearProyecto.verificarVistaCreacionProyectos(java.lang.String)
  And Ingresar el nombre del nuevo proyecto con id "nombre" con el texto "Proyecto sin tipo de proyecto" # DefinicionPasos.CrearProyecto.ingresarNombreNuevoProyecto(java.lang.String,java.lang.String)
  And Seleccionar el primer cliente del selector con id "cliente_id"                                     # DefinicionPasos.CrearProyecto.seleccionarPrimerCliente(java.lang.String)
  And Seleccionar el primer jefe de proyecto del selector con id "jefe_proyecto_id"                      # DefinicionPasos.CrearProyecto.seleccionarPrimerJefeProyecto(java.lang.String)
No se seleccionó ninguna opción para el campo: tipo de proyecto
  And No seleccionar tipo de proyecto en el selector con id "tipo_proyecto_id"                           # DefinicionPasos.CrearProyecto.noSeleccionarTipoDeProyecto(java.lang.String)
  When Hacer clic en el botón de guardar con id "btn-guardar-proyecto"                                   # DefinicionPasos.CrearProyecto.hacerClickGuardar(java.lang.String)
  And Permanecer en la vista de creación de proyectos "https://taskhub.cl/proyecto/create"               # DefinicionPasos.CrearProyecto.permanecerEnVistaCreacion(java.lang.String)
]]></system-out>
    <system-err><![CDATA[Nov 23, 2024 10:18:23 AM org.openqa.selenium.devtools.CdpVersionFinder findNearestMatch
ADVERTENCIA: Unable to find an exact match for CDP version 131, returning the closest version; found: 130; Please update to a Selenium version that supports CDP version 131
]]></system-err>
  </testcase>
  <testcase name="Crear un proyecto sin nombre y sin cliente" classname="Crear Proyecto" time="9.288">
    <system-out><![CDATA[
Scenario: Crear un proyecto sin nombre y sin cliente                                                     # src/test/resources/feature/EscenarioCrearProyecto.feature:320
  Given Navegar a la página principal "https://taskhub.cl/"                                              # DefinicionPasos.CrearProyecto.navegarPaginaPrincipal(java.lang.String)
  And Ingresar el usuario en el campo con id "email" con el texto "igna.veliz@duocuc.cl"                 # DefinicionPasos.CrearProyecto.ingresarUsuario(java.lang.String,java.lang.String)
  And Ingresar la contraseña en el campo con id "password" con el texto "123123123"                      # DefinicionPasos.CrearProyecto.ingresarContrasena(java.lang.String,java.lang.String)
  And Hacer clic en el botón con id "login_button"                                                       # DefinicionPasos.CrearProyecto.hacerClickBoton(java.lang.String)
  Then Verificar que estamos en la página de inicio "https://taskhub.cl/inicio"                          # DefinicionPasos.CrearProyecto.verificarPaginaInicio(java.lang.String)
  When Hacer clic en el botón de navegación con id "menu-proyectos"                                      # DefinicionPasos.CrearProyecto.hacerClickBotonNavegacion(java.lang.String)
  Then Verificar que ingresamos a la vista de proyectos "https://taskhub.cl/proyecto"                    # DefinicionPasos.CrearProyecto.verificarVistaProyectos(java.lang.String)
  When Hacer clic en el botón de nuevo proyecto con id "btn-nuevo-proyecto"                              # DefinicionPasos.CrearProyecto.hacerClickNuevoProyecto(java.lang.String)
  Then Verificar que ingresamos a la vista de creación de proyectos "https://taskhub.cl/proyecto/create" # DefinicionPasos.CrearProyecto.verificarVistaCreacionProyectos(java.lang.String)
  And Dejar el campo vacío con id "nombre"                                                               # DefinicionPasos.CrearProyecto.dejarCampoNombreVacio(java.lang.String)
No se seleccionó ninguna opción para el campo: cliente
  And No seleccionar cliente en el selector con id "cliente_id"                                          # DefinicionPasos.CrearProyecto.noSeleccionarCliente(java.lang.String)
  And Seleccionar el primer jefe de proyecto del selector con id "jefe_proyecto_id"                      # DefinicionPasos.CrearProyecto.seleccionarPrimerJefeProyecto(java.lang.String)
  And Seleccionar el primer tipo de proyecto del selector con id "tipo_proyecto_id"                      # DefinicionPasos.CrearProyecto.seleccionarPrimerTipoProyecto(java.lang.String)
  When Hacer clic en el botón de guardar con id "btn-guardar-proyecto"                                   # DefinicionPasos.CrearProyecto.hacerClickGuardar(java.lang.String)
  And Permanecer en la vista de creación de proyectos "https://taskhub.cl/proyecto/create"               # DefinicionPasos.CrearProyecto.permanecerEnVistaCreacion(java.lang.String)
]]></system-out>
    <system-err><![CDATA[Nov 23, 2024 10:18:32 AM org.openqa.selenium.devtools.CdpVersionFinder findNearestMatch
ADVERTENCIA: Unable to find an exact match for CDP version 131, returning the closest version; found: 130; Please update to a Selenium version that supports CDP version 131
]]></system-err>
  </testcase>
  <testcase name="Crear un proyecto sin nombre y sin jefe de proyecto" classname="Crear Proyecto" time="9.4">
    <system-out><![CDATA[
Scenario: Crear un proyecto sin nombre y sin jefe de proyecto                                            # src/test/resources/feature/EscenarioCrearProyecto.feature:332
  Given Navegar a la página principal "https://taskhub.cl/"                                              # DefinicionPasos.CrearProyecto.navegarPaginaPrincipal(java.lang.String)
  And Ingresar el usuario en el campo con id "email" con el texto "igna.veliz@duocuc.cl"                 # DefinicionPasos.CrearProyecto.ingresarUsuario(java.lang.String,java.lang.String)
  And Ingresar la contraseña en el campo con id "password" con el texto "123123123"                      # DefinicionPasos.CrearProyecto.ingresarContrasena(java.lang.String,java.lang.String)
  And Hacer clic en el botón con id "login_button"                                                       # DefinicionPasos.CrearProyecto.hacerClickBoton(java.lang.String)
  Then Verificar que estamos en la página de inicio "https://taskhub.cl/inicio"                          # DefinicionPasos.CrearProyecto.verificarPaginaInicio(java.lang.String)
  When Hacer clic en el botón de navegación con id "menu-proyectos"                                      # DefinicionPasos.CrearProyecto.hacerClickBotonNavegacion(java.lang.String)
  Then Verificar que ingresamos a la vista de proyectos "https://taskhub.cl/proyecto"                    # DefinicionPasos.CrearProyecto.verificarVistaProyectos(java.lang.String)
  When Hacer clic en el botón de nuevo proyecto con id "btn-nuevo-proyecto"                              # DefinicionPasos.CrearProyecto.hacerClickNuevoProyecto(java.lang.String)
  Then Verificar que ingresamos a la vista de creación de proyectos "https://taskhub.cl/proyecto/create" # DefinicionPasos.CrearProyecto.verificarVistaCreacionProyectos(java.lang.String)
  And Dejar el campo vacío con id "nombre"                                                               # DefinicionPasos.CrearProyecto.dejarCampoNombreVacio(java.lang.String)
  And Seleccionar el primer cliente del selector con id "cliente_id"                                     # DefinicionPasos.CrearProyecto.seleccionarPrimerCliente(java.lang.String)
No se seleccionó ninguna opción para el campo: jefe de proyecto
  And No seleccionar jefe de proyecto en el selector con id "jefe_proyecto_id"                           # DefinicionPasos.CrearProyecto.noSeleccionarJefeDeProyecto(java.lang.String)
  And Seleccionar el primer tipo de proyecto del selector con id "tipo_proyecto_id"                      # DefinicionPasos.CrearProyecto.seleccionarPrimerTipoProyecto(java.lang.String)
  When Hacer clic en el botón de guardar con id "btn-guardar-proyecto"                                   # DefinicionPasos.CrearProyecto.hacerClickGuardar(java.lang.String)
  And Permanecer en la vista de creación de proyectos "https://taskhub.cl/proyecto/create"               # DefinicionPasos.CrearProyecto.permanecerEnVistaCreacion(java.lang.String)
]]></system-out>
    <system-err><![CDATA[Nov 23, 2024 10:18:42 AM org.openqa.selenium.devtools.CdpVersionFinder findNearestMatch
ADVERTENCIA: Unable to find an exact match for CDP version 131, returning the closest version; found: 130; Please update to a Selenium version that supports CDP version 131
]]></system-err>
  </testcase>
  <testcase name="Crear un proyecto sin nombre y sin tipo de proyecto" classname="Crear Proyecto" time="9.334">
    <system-out><![CDATA[
Scenario: Crear un proyecto sin nombre y sin tipo de proyecto                                            # src/test/resources/feature/EscenarioCrearProyecto.feature:344
  Given Navegar a la página principal "https://taskhub.cl/"                                              # DefinicionPasos.CrearProyecto.navegarPaginaPrincipal(java.lang.String)
  And Ingresar el usuario en el campo con id "email" con el texto "igna.veliz@duocuc.cl"                 # DefinicionPasos.CrearProyecto.ingresarUsuario(java.lang.String,java.lang.String)
  And Ingresar la contraseña en el campo con id "password" con el texto "123123123"                      # DefinicionPasos.CrearProyecto.ingresarContrasena(java.lang.String,java.lang.String)
  And Hacer clic en el botón con id "login_button"                                                       # DefinicionPasos.CrearProyecto.hacerClickBoton(java.lang.String)
  Then Verificar que estamos en la página de inicio "https://taskhub.cl/inicio"                          # DefinicionPasos.CrearProyecto.verificarPaginaInicio(java.lang.String)
  When Hacer clic en el botón de navegación con id "menu-proyectos"                                      # DefinicionPasos.CrearProyecto.hacerClickBotonNavegacion(java.lang.String)
  Then Verificar que ingresamos a la vista de proyectos "https://taskhub.cl/proyecto"                    # DefinicionPasos.CrearProyecto.verificarVistaProyectos(java.lang.String)
  When Hacer clic en el botón de nuevo proyecto con id "btn-nuevo-proyecto"                              # DefinicionPasos.CrearProyecto.hacerClickNuevoProyecto(java.lang.String)
  Then Verificar que ingresamos a la vista de creación de proyectos "https://taskhub.cl/proyecto/create" # DefinicionPasos.CrearProyecto.verificarVistaCreacionProyectos(java.lang.String)
  And Dejar el campo vacío con id "nombre"                                                               # DefinicionPasos.CrearProyecto.dejarCampoNombreVacio(java.lang.String)
  And Seleccionar el primer cliente del selector con id "cliente_id"                                     # DefinicionPasos.CrearProyecto.seleccionarPrimerCliente(java.lang.String)
  And Seleccionar el primer jefe de proyecto del selector con id "jefe_proyecto_id"                      # DefinicionPasos.CrearProyecto.seleccionarPrimerJefeProyecto(java.lang.String)
No se seleccionó ninguna opción para el campo: tipo de proyecto
  And No seleccionar tipo de proyecto en el selector con id "tipo_proyecto_id"                           # DefinicionPasos.CrearProyecto.noSeleccionarTipoDeProyecto(java.lang.String)
  When Hacer clic en el botón de guardar con id "btn-guardar-proyecto"                                   # DefinicionPasos.CrearProyecto.hacerClickGuardar(java.lang.String)
  And Permanecer en la vista de creación de proyectos "https://taskhub.cl/proyecto/create"               # DefinicionPasos.CrearProyecto.permanecerEnVistaCreacion(java.lang.String)
]]></system-out>
    <system-err><![CDATA[Nov 23, 2024 10:18:51 AM org.openqa.selenium.devtools.CdpVersionFinder findNearestMatch
ADVERTENCIA: Unable to find an exact match for CDP version 131, returning the closest version; found: 130; Please update to a Selenium version that supports CDP version 131
]]></system-err>
  </testcase>
  <testcase name="Crear un proyecto sin cliente y sin jefe de proyecto" classname="Crear Proyecto" time="9.233">
    <system-out><![CDATA[
Scenario: Crear un proyecto sin cliente y sin jefe de proyecto                                                         # src/test/resources/feature/EscenarioCrearProyecto.feature:356
  Given Navegar a la página principal "https://taskhub.cl/"                                                            # DefinicionPasos.CrearProyecto.navegarPaginaPrincipal(java.lang.String)
  And Ingresar el usuario en el campo con id "email" con el texto "igna.veliz@duocuc.cl"                               # DefinicionPasos.CrearProyecto.ingresarUsuario(java.lang.String,java.lang.String)
  And Ingresar la contraseña en el campo con id "password" con el texto "123123123"                                    # DefinicionPasos.CrearProyecto.ingresarContrasena(java.lang.String,java.lang.String)
  And Hacer clic en el botón con id "login_button"                                                                     # DefinicionPasos.CrearProyecto.hacerClickBoton(java.lang.String)
  Then Verificar que estamos en la página de inicio "https://taskhub.cl/inicio"                                        # DefinicionPasos.CrearProyecto.verificarPaginaInicio(java.lang.String)
  When Hacer clic en el botón de navegación con id "menu-proyectos"                                                    # DefinicionPasos.CrearProyecto.hacerClickBotonNavegacion(java.lang.String)
  Then Verificar que ingresamos a la vista de proyectos "https://taskhub.cl/proyecto"                                  # DefinicionPasos.CrearProyecto.verificarVistaProyectos(java.lang.String)
  When Hacer clic en el botón de nuevo proyecto con id "btn-nuevo-proyecto"                                            # DefinicionPasos.CrearProyecto.hacerClickNuevoProyecto(java.lang.String)
  Then Verificar que ingresamos a la vista de creación de proyectos "https://taskhub.cl/proyecto/create"               # DefinicionPasos.CrearProyecto.verificarVistaCreacionProyectos(java.lang.String)
  And Ingresar el nombre del nuevo proyecto con id "nombre" con el texto "Proyecto sin cliente y sin jefe de proyecto" # DefinicionPasos.CrearProyecto.ingresarNombreNuevoProyecto(java.lang.String,java.lang.String)
No se seleccionó ninguna opción para el campo: cliente
  And No seleccionar cliente en el selector con id "cliente_id"                                                        # DefinicionPasos.CrearProyecto.noSeleccionarCliente(java.lang.String)
No se seleccionó ninguna opción para el campo: jefe de proyecto
  And No seleccionar jefe de proyecto en el selector con id "jefe_proyecto_id"                                         # DefinicionPasos.CrearProyecto.noSeleccionarJefeDeProyecto(java.lang.String)
  And Seleccionar el primer tipo de proyecto del selector con id "tipo_proyecto_id"                                    # DefinicionPasos.CrearProyecto.seleccionarPrimerTipoProyecto(java.lang.String)
  When Hacer clic en el botón de guardar con id "btn-guardar-proyecto"                                                 # DefinicionPasos.CrearProyecto.hacerClickGuardar(java.lang.String)
  And Permanecer en la vista de creación de proyectos "https://taskhub.cl/proyecto/create"                             # DefinicionPasos.CrearProyecto.permanecerEnVistaCreacion(java.lang.String)
]]></system-out>
    <system-err><![CDATA[Nov 23, 2024 10:19:00 AM org.openqa.selenium.devtools.CdpVersionFinder findNearestMatch
ADVERTENCIA: Unable to find an exact match for CDP version 131, returning the closest version; found: 130; Please update to a Selenium version that supports CDP version 131
]]></system-err>
  </testcase>
  <testcase name="Crear un proyecto sin cliente y sin tipo de proyecto" classname="Crear Proyecto" time="9.353">
    <system-out><![CDATA[
Scenario: Crear un proyecto sin cliente y sin tipo de proyecto                                                         # src/test/resources/feature/EscenarioCrearProyecto.feature:368
  Given Navegar a la página principal "https://taskhub.cl/"                                                            # DefinicionPasos.CrearProyecto.navegarPaginaPrincipal(java.lang.String)
  And Ingresar el usuario en el campo con id "email" con el texto "igna.veliz@duocuc.cl"                               # DefinicionPasos.CrearProyecto.ingresarUsuario(java.lang.String,java.lang.String)
  And Ingresar la contraseña en el campo con id "password" con el texto "123123123"                                    # DefinicionPasos.CrearProyecto.ingresarContrasena(java.lang.String,java.lang.String)
  And Hacer clic en el botón con id "login_button"                                                                     # DefinicionPasos.CrearProyecto.hacerClickBoton(java.lang.String)
  Then Verificar que estamos en la página de inicio "https://taskhub.cl/inicio"                                        # DefinicionPasos.CrearProyecto.verificarPaginaInicio(java.lang.String)
  When Hacer clic en el botón de navegación con id "menu-proyectos"                                                    # DefinicionPasos.CrearProyecto.hacerClickBotonNavegacion(java.lang.String)
  Then Verificar que ingresamos a la vista de proyectos "https://taskhub.cl/proyecto"                                  # DefinicionPasos.CrearProyecto.verificarVistaProyectos(java.lang.String)
  When Hacer clic en el botón de nuevo proyecto con id "btn-nuevo-proyecto"                                            # DefinicionPasos.CrearProyecto.hacerClickNuevoProyecto(java.lang.String)
  Then Verificar que ingresamos a la vista de creación de proyectos "https://taskhub.cl/proyecto/create"               # DefinicionPasos.CrearProyecto.verificarVistaCreacionProyectos(java.lang.String)
  And Ingresar el nombre del nuevo proyecto con id "nombre" con el texto "Proyecto sin cliente y sin tipo de proyecto" # DefinicionPasos.CrearProyecto.ingresarNombreNuevoProyecto(java.lang.String,java.lang.String)
No se seleccionó ninguna opción para el campo: cliente
  And No seleccionar cliente en el selector con id "cliente_id"                                                        # DefinicionPasos.CrearProyecto.noSeleccionarCliente(java.lang.String)
  And Seleccionar el primer jefe de proyecto del selector con id "jefe_proyecto_id"                                    # DefinicionPasos.CrearProyecto.seleccionarPrimerJefeProyecto(java.lang.String)
No se seleccionó ninguna opción para el campo: tipo de proyecto
  And No seleccionar tipo de proyecto en el selector con id "tipo_proyecto_id"                                         # DefinicionPasos.CrearProyecto.noSeleccionarTipoDeProyecto(java.lang.String)
  When Hacer clic en el botón de guardar con id "btn-guardar-proyecto"                                                 # DefinicionPasos.CrearProyecto.hacerClickGuardar(java.lang.String)
  And Permanecer en la vista de creación de proyectos "https://taskhub.cl/proyecto/create"                             # DefinicionPasos.CrearProyecto.permanecerEnVistaCreacion(java.lang.String)
]]></system-out>
    <system-err><![CDATA[Nov 23, 2024 10:19:09 AM org.openqa.selenium.devtools.CdpVersionFinder findNearestMatch
ADVERTENCIA: Unable to find an exact match for CDP version 131, returning the closest version; found: 130; Please update to a Selenium version that supports CDP version 131
]]></system-err>
  </testcase>
  <testcase name="Crear un proyecto sin jefe de proyecto y sin tipo de proyecto" classname="Crear Proyecto" time="9.297">
    <system-out><![CDATA[
Scenario: Crear un proyecto sin jefe de proyecto y sin tipo de proyecto                                                         # src/test/resources/feature/EscenarioCrearProyecto.feature:380
  Given Navegar a la página principal "https://taskhub.cl/"                                                                     # DefinicionPasos.CrearProyecto.navegarPaginaPrincipal(java.lang.String)
  And Ingresar el usuario en el campo con id "email" con el texto "igna.veliz@duocuc.cl"                                        # DefinicionPasos.CrearProyecto.ingresarUsuario(java.lang.String,java.lang.String)
  And Ingresar la contraseña en el campo con id "password" con el texto "123123123"                                             # DefinicionPasos.CrearProyecto.ingresarContrasena(java.lang.String,java.lang.String)
  And Hacer clic en el botón con id "login_button"                                                                              # DefinicionPasos.CrearProyecto.hacerClickBoton(java.lang.String)
  Then Verificar que estamos en la página de inicio "https://taskhub.cl/inicio"                                                 # DefinicionPasos.CrearProyecto.verificarPaginaInicio(java.lang.String)
  When Hacer clic en el botón de navegación con id "menu-proyectos"                                                             # DefinicionPasos.CrearProyecto.hacerClickBotonNavegacion(java.lang.String)
  Then Verificar que ingresamos a la vista de proyectos "https://taskhub.cl/proyecto"                                           # DefinicionPasos.CrearProyecto.verificarVistaProyectos(java.lang.String)
  When Hacer clic en el botón de nuevo proyecto con id "btn-nuevo-proyecto"                                                     # DefinicionPasos.CrearProyecto.hacerClickNuevoProyecto(java.lang.String)
  Then Verificar que ingresamos a la vista de creación de proyectos "https://taskhub.cl/proyecto/create"                        # DefinicionPasos.CrearProyecto.verificarVistaCreacionProyectos(java.lang.String)
  And Ingresar el nombre del nuevo proyecto con id "nombre" con el texto "Proyecto sin jefe de proyecto y sin tipo de proyecto" # DefinicionPasos.CrearProyecto.ingresarNombreNuevoProyecto(java.lang.String,java.lang.String)
  And Seleccionar el primer cliente del selector con id "cliente_id"                                                            # DefinicionPasos.CrearProyecto.seleccionarPrimerCliente(java.lang.String)
No se seleccionó ninguna opción para el campo: jefe de proyecto
  And No seleccionar jefe de proyecto en el selector con id "jefe_proyecto_id"                                                  # DefinicionPasos.CrearProyecto.noSeleccionarJefeDeProyecto(java.lang.String)
No se seleccionó ninguna opción para el campo: tipo de proyecto
  And No seleccionar tipo de proyecto en el selector con id "tipo_proyecto_id"                                                  # DefinicionPasos.CrearProyecto.noSeleccionarTipoDeProyecto(java.lang.String)
  When Hacer clic en el botón de guardar con id "btn-guardar-proyecto"                                                          # DefinicionPasos.CrearProyecto.hacerClickGuardar(java.lang.String)
  And Permanecer en la vista de creación de proyectos "https://taskhub.cl/proyecto/create"                                      # DefinicionPasos.CrearProyecto.permanecerEnVistaCreacion(java.lang.String)
]]></system-out>
    <system-err><![CDATA[Nov 23, 2024 10:19:19 AM org.openqa.selenium.devtools.CdpVersionFinder findNearestMatch
ADVERTENCIA: Unable to find an exact match for CDP version 131, returning the closest version; found: 130; Please update to a Selenium version that supports CDP version 131
]]></system-err>
  </testcase>
  <testcase name="Crear un proyecto sin ningún dato" classname="Crear Proyecto" time="10">
    <system-out><![CDATA[
Scenario: Crear un proyecto sin ningún dato                                                              # src/test/resources/feature/EscenarioCrearProyecto.feature:392
  Given Navegar a la página principal "https://taskhub.cl/"                                              # DefinicionPasos.CrearProyecto.navegarPaginaPrincipal(java.lang.String)
  And Ingresar el usuario en el campo con id "email" con el texto "igna.veliz@duocuc.cl"                 # DefinicionPasos.CrearProyecto.ingresarUsuario(java.lang.String,java.lang.String)
  And Ingresar la contraseña en el campo con id "password" con el texto "123123123"                      # DefinicionPasos.CrearProyecto.ingresarContrasena(java.lang.String,java.lang.String)
  And Hacer clic en el botón con id "login_button"                                                       # DefinicionPasos.CrearProyecto.hacerClickBoton(java.lang.String)
  Then Verificar que estamos en la página de inicio "https://taskhub.cl/inicio"                          # DefinicionPasos.CrearProyecto.verificarPaginaInicio(java.lang.String)
  When Hacer clic en el botón de navegación con id "menu-proyectos"                                      # DefinicionPasos.CrearProyecto.hacerClickBotonNavegacion(java.lang.String)
  Then Verificar que ingresamos a la vista de proyectos "https://taskhub.cl/proyecto"                    # DefinicionPasos.CrearProyecto.verificarVistaProyectos(java.lang.String)
  When Hacer clic en el botón de nuevo proyecto con id "btn-nuevo-proyecto"                              # DefinicionPasos.CrearProyecto.hacerClickNuevoProyecto(java.lang.String)
  Then Verificar que ingresamos a la vista de creación de proyectos "https://taskhub.cl/proyecto/create" # DefinicionPasos.CrearProyecto.verificarVistaCreacionProyectos(java.lang.String)
  And Dejar el campo vacío con id "nombre"                                                               # DefinicionPasos.CrearProyecto.dejarCampoNombreVacio(java.lang.String)
No se seleccionó ninguna opción para el campo: cliente
  And No seleccionar cliente en el selector con id "cliente_id"                                          # DefinicionPasos.CrearProyecto.noSeleccionarCliente(java.lang.String)
No se seleccionó ninguna opción para el campo: jefe de proyecto
  And No seleccionar jefe de proyecto en el selector con id "jefe_proyecto_id"                           # DefinicionPasos.CrearProyecto.noSeleccionarJefeDeProyecto(java.lang.String)
No se seleccionó ninguna opción para el campo: tipo de proyecto
  And No seleccionar tipo de proyecto en el selector con id "tipo_proyecto_id"                           # DefinicionPasos.CrearProyecto.noSeleccionarTipoDeProyecto(java.lang.String)
  When Hacer clic en el botón de guardar con id "btn-guardar-proyecto"                                   # DefinicionPasos.CrearProyecto.hacerClickGuardar(java.lang.String)
  And Permanecer en la vista de creación de proyectos "https://taskhub.cl/proyecto/create"               # DefinicionPasos.CrearProyecto.permanecerEnVistaCreacion(java.lang.String)
]]></system-out>
    <system-err><![CDATA[Nov 23, 2024 10:19:28 AM org.openqa.selenium.devtools.CdpVersionFinder findNearestMatch
ADVERTENCIA: Unable to find an exact match for CDP version 131, returning the closest version; found: 130; Please update to a Selenium version that supports CDP version 131
]]></system-err>
  </testcase>
  <testcase name="Eliminar un proyecto" classname="Eliminar Proyecto" time="24.17">
    <system-out><![CDATA[
Scenario: Eliminar un proyecto                                                           # src/test/resources/feature/EscenarioEliminarProyecto.feature:10
  Given Navegar a la página principal "https://taskhub.cl/"                              # DefinicionPasos.CrearProyecto.navegarPaginaPrincipal(java.lang.String)
  And Ingresar el usuario en el campo con id "email" con el texto "igna.veliz@duocuc.cl" # DefinicionPasos.CrearProyecto.ingresarUsuario(java.lang.String,java.lang.String)
  And Ingresar la contraseña en el campo con id "password" con el texto "123123123"      # DefinicionPasos.CrearProyecto.ingresarContrasena(java.lang.String,java.lang.String)
  And Hacer clic en el botón con id "login_button"                                       # DefinicionPasos.CrearProyecto.hacerClickBoton(java.lang.String)
  Then Verificar que estamos en la página de inicio "https://taskhub.cl/inicio"          # DefinicionPasos.CrearProyecto.verificarPaginaInicio(java.lang.String)
  Then Verificar que estamos en la página de inicio "https://taskhub.cl/inicio"          # DefinicionPasos.CrearProyecto.verificarPaginaInicio(java.lang.String)
  When Hacer clic en el botón de navegación con id "menu-proyectos"                      # DefinicionPasos.CrearProyecto.hacerClickBotonNavegacion(java.lang.String)
  Then Verificar que ingresamos a la vista de proyectos "https://taskhub.cl/proyecto"    # DefinicionPasos.CrearProyecto.verificarVistaProyectos(java.lang.String)
Error al eliminar el proyecto: Expected condition failed: waiting for element to be clickable: By.id: btn-eliminar-176 (tried for 10 second(s) with 500 milliseconds interval)
Build info: version: '4.26.0', revision: '8ccf0219d7'
System info: os.name: 'Windows 11', os.arch: 'amd64', os.version: '10.0', java.version: '23.0.1'
Driver info: org.openqa.selenium.chrome.ChromeDriver
Capabilities {acceptInsecureCerts: false, browserName: chrome, browserVersion: 131.0.6778.86, chrome: {chromedriverVersion: 130.0.6723.91 (53ac07678369..., userDataDir: C:\Users\ignac\AppData\Loca...}, fedcm:accounts: true, goog:chromeOptions: {debuggerAddress: localhost:4317}, networkConnectionEnabled: false, pageLoadStrategy: normal, platformName: windows, proxy: Proxy(), se:cdp: ws://localhost:4317/devtool..., se:cdpVersion: 131.0.6778.86, setWindowRect: true, strictFileInteractability: false, timeouts: {implicit: 0, pageLoad: 300000, script: 30000}, unhandledPromptBehavior: dismiss and notify, webauthn:extension:credBlob: true, webauthn:extension:largeBlob: true, webauthn:extension:minPinLength: true, webauthn:extension:prf: true, webauthn:virtualAuthenticators: true}
Session ID: 2c024093108fe845855092ded035b9d7 estas seguro de que existe el identificador btn-eliminar-176
  When Hacer clic en el botón de eliminar proyecto con id "btn-eliminar-176"             # DefinicionPasos.EliminarProyecto.hacerClicEnElBotónDeEliminarProyectoConId(java.lang.String)
Error al confirmar la eliminacion el proyecto: Expected condition failed: waiting for element to be clickable: By.xpath: /html/body/div[3]/div/div[6]/button[3] (tried for 10 second(s) with 500 milliseconds interval)
Build info: version: '4.26.0', revision: '8ccf0219d7'
System info: os.name: 'Windows 11', os.arch: 'amd64', os.version: '10.0', java.version: '23.0.1'
Driver info: org.openqa.selenium.chrome.ChromeDriver
Capabilities {acceptInsecureCerts: false, browserName: chrome, browserVersion: 131.0.6778.86, chrome: {chromedriverVersion: 130.0.6723.91 (53ac07678369..., userDataDir: C:\Users\ignac\AppData\Loca...}, fedcm:accounts: true, goog:chromeOptions: {debuggerAddress: localhost:4317}, networkConnectionEnabled: false, pageLoadStrategy: normal, platformName: windows, proxy: Proxy(), se:cdp: ws://localhost:4317/devtool..., se:cdpVersion: 131.0.6778.86, setWindowRect: true, strictFileInteractability: false, timeouts: {implicit: 0, pageLoad: 300000, script: 30000}, unhandledPromptBehavior: dismiss and notify, webauthn:extension:credBlob: true, webauthn:extension:largeBlob: true, webauthn:extension:minPinLength: true, webauthn:extension:prf: true, webauthn:virtualAuthenticators: true}
Session ID: 2c024093108fe845855092ded035b9d7
  And hacer click en el boton de confirmar que se quiere eliminar el proyecto            # DefinicionPasos.EliminarProyecto.hacerClickEnElBotonDeConfirmarQueSeQuiereEliminarElProyecto()
  Then Verificar que llegamos a la vista del proyecto con la URL que contiene "proyecto" # DefinicionPasos.CrearProyecto.verificarVistaProyectoShow(java.lang.String)
]]></system-out>
    <system-err><![CDATA[Nov 23, 2024 10:19:38 AM org.openqa.selenium.devtools.CdpVersionFinder findNearestMatch
ADVERTENCIA: Unable to find an exact match for CDP version 131, returning the closest version; found: 130; Please update to a Selenium version that supports CDP version 131
org.openqa.selenium.TimeoutException: Expected condition failed: waiting for element to be clickable: By.id: btn-eliminar-176 (tried for 10 second(s) with 500 milliseconds interval)
Build info: version: '4.26.0', revision: '8ccf0219d7'
System info: os.name: 'Windows 11', os.arch: 'amd64', os.version: '10.0', java.version: '23.0.1'
Driver info: org.openqa.selenium.chrome.ChromeDriver
Capabilities {acceptInsecureCerts: false, browserName: chrome, browserVersion: 131.0.6778.86, chrome: {chromedriverVersion: 130.0.6723.91 (53ac07678369..., userDataDir: C:\Users\ignac\AppData\Loca...}, fedcm:accounts: true, goog:chromeOptions: {debuggerAddress: localhost:4317}, networkConnectionEnabled: false, pageLoadStrategy: normal, platformName: windows, proxy: Proxy(), se:cdp: ws://localhost:4317/devtool..., se:cdpVersion: 131.0.6778.86, setWindowRect: true, strictFileInteractability: false, timeouts: {implicit: 0, pageLoad: 300000, script: 30000}, unhandledPromptBehavior: dismiss and notify, webauthn:extension:credBlob: true, webauthn:extension:largeBlob: true, webauthn:extension:minPinLength: true, webauthn:extension:prf: true, webauthn:virtualAuthenticators: true}
Session ID: 2c024093108fe845855092ded035b9d7
	at org.openqa.selenium.support.ui.WebDriverWait.timeoutException(WebDriverWait.java:84)
	at org.openqa.selenium.support.ui.FluentWait.until(FluentWait.java:228)
	at DefinicionPasos.EliminarProyecto.hacerClicEnElBotónDeEliminarProyectoConId(EliminarProyecto.java:41)
	at java.base/jdk.internal.reflect.DirectMethodHandleAccessor.invoke(DirectMethodHandleAccessor.java:103)
	at java.base/java.lang.reflect.Method.invoke(Method.java:580)
	at io.cucumber.java.Invoker.doInvoke(Invoker.java:66)
	at io.cucumber.java.Invoker.invoke(Invoker.java:24)
	at io.cucumber.java.AbstractGlueDefinition.invokeMethod(AbstractGlueDefinition.java:47)
	at io.cucumber.java.JavaStepDefinition.execute(JavaStepDefinition.java:29)
	at io.cucumber.core.runner.CoreStepDefinition.execute(CoreStepDefinition.java:66)
	at io.cucumber.core.runner.PickleStepDefinitionMatch.runStep(PickleStepDefinitionMatch.java:62)
	at io.cucumber.core.runner.ExecutionMode$1.execute(ExecutionMode.java:10)
	at io.cucumber.core.runner.TestStep.executeStep(TestStep.java:81)
	at io.cucumber.core.runner.TestStep.run(TestStep.java:53)
	at io.cucumber.core.runner.PickleStepTestStep.run(PickleStepTestStep.java:51)
	at io.cucumber.core.runner.TestCase.run(TestCase.java:84)
	at io.cucumber.core.runner.Runner.runPickle(Runner.java:75)
	at io.cucumber.junit.PickleRunners$NoStepDescriptions.lambda$run$0(PickleRunners.java:151)
	at io.cucumber.core.runtime.CucumberExecutionContext.lambda$runTestCase$5(CucumberExecutionContext.java:136)
	at io.cucumber.core.runtime.RethrowingThrowableCollector.executeAndThrow(RethrowingThrowableCollector.java:23)
	at io.cucumber.core.runtime.CucumberExecutionContext.runTestCase(CucumberExecutionContext.java:136)
	at io.cucumber.junit.PickleRunners$NoStepDescriptions.run(PickleRunners.java:148)
	at io.cucumber.junit.FeatureRunner.runChild(FeatureRunner.java:144)
	at io.cucumber.junit.FeatureRunner.runChild(FeatureRunner.java:28)
	at org.junit.runners.ParentRunner$4.run(ParentRunner.java:331)
	at org.junit.runners.ParentRunner$1.schedule(ParentRunner.java:79)
	at org.junit.runners.ParentRunner.runChildren(ParentRunner.java:329)
	at org.junit.runners.ParentRunner.access$100(ParentRunner.java:66)
	at org.junit.runners.ParentRunner$2.evaluate(ParentRunner.java:293)
	at org.junit.runners.ParentRunner$3.evaluate(ParentRunner.java:306)
	at org.junit.runners.ParentRunner.run(ParentRunner.java:413)
	at io.cucumber.junit.FeatureRunner.run(FeatureRunner.java:137)
	at io.cucumber.junit.Cucumber.runChild(Cucumber.java:199)
	at io.cucumber.junit.Cucumber.runChild(Cucumber.java:89)
	at org.junit.runners.ParentRunner$4.run(ParentRunner.java:331)
	at org.junit.runners.ParentRunner$1.schedule(ParentRunner.java:79)
	at org.junit.runners.ParentRunner.runChildren(ParentRunner.java:329)
	at org.junit.runners.ParentRunner.access$100(ParentRunner.java:66)
	at org.junit.runners.ParentRunner$2.evaluate(ParentRunner.java:293)
	at io.cucumber.core.runtime.CucumberExecutionContext.lambda$runFeatures$6(CucumberExecutionContext.java:147)
	at io.cucumber.core.runtime.CucumberExecutionContext.execute(CucumberExecutionContext.java:162)
	at io.cucumber.core.runtime.CucumberExecutionContext.runFeatures(CucumberExecutionContext.java:145)
	at io.cucumber.junit.Cucumber$StartAndFinishTestRun.evaluate(Cucumber.java:229)
	at org.junit.runners.ParentRunner$3.evaluate(ParentRunner.java:306)
	at org.junit.runners.ParentRunner.run(ParentRunner.java:413)
	at org.apache.maven.surefire.junit4.JUnit4Provider.execute(JUnit4Provider.java:364)
	at org.apache.maven.surefire.junit4.JUnit4Provider.executeWithRerun(JUnit4Provider.java:272)
	at org.apache.maven.surefire.junit4.JUnit4Provider.executeTestSet(JUnit4Provider.java:237)
	at org.apache.maven.surefire.junit4.JUnit4Provider.invoke(JUnit4Provider.java:158)
	at org.apache.maven.surefire.booter.ForkedBooter.runSuitesInProcess(ForkedBooter.java:428)
	at org.apache.maven.surefire.booter.ForkedBooter.execute(ForkedBooter.java:162)
	at org.apache.maven.surefire.booter.ForkedBooter.run(ForkedBooter.java:562)
	at org.apache.maven.surefire.booter.ForkedBooter.main(ForkedBooter.java:548)
org.openqa.selenium.TimeoutException: Expected condition failed: waiting for element to be clickable: By.xpath: /html/body/div[3]/div/div[6]/button[3] (tried for 10 second(s) with 500 milliseconds interval)
Build info: version: '4.26.0', revision: '8ccf0219d7'
System info: os.name: 'Windows 11', os.arch: 'amd64', os.version: '10.0', java.version: '23.0.1'
Driver info: org.openqa.selenium.chrome.ChromeDriver
Capabilities {acceptInsecureCerts: false, browserName: chrome, browserVersion: 131.0.6778.86, chrome: {chromedriverVersion: 130.0.6723.91 (53ac07678369..., userDataDir: C:\Users\ignac\AppData\Loca...}, fedcm:accounts: true, goog:chromeOptions: {debuggerAddress: localhost:4317}, networkConnectionEnabled: false, pageLoadStrategy: normal, platformName: windows, proxy: Proxy(), se:cdp: ws://localhost:4317/devtool..., se:cdpVersion: 131.0.6778.86, setWindowRect: true, strictFileInteractability: false, timeouts: {implicit: 0, pageLoad: 300000, script: 30000}, unhandledPromptBehavior: dismiss and notify, webauthn:extension:credBlob: true, webauthn:extension:largeBlob: true, webauthn:extension:minPinLength: true, webauthn:extension:prf: true, webauthn:virtualAuthenticators: true}
Session ID: 2c024093108fe845855092ded035b9d7
	at org.openqa.selenium.support.ui.WebDriverWait.timeoutException(WebDriverWait.java:84)
	at org.openqa.selenium.support.ui.FluentWait.until(FluentWait.java:228)
	at DefinicionPasos.EliminarProyecto.hacerClickEnElBotonDeConfirmarQueSeQuiereEliminarElProyecto(EliminarProyecto.java:52)
	at java.base/jdk.internal.reflect.DirectMethodHandleAccessor.invoke(DirectMethodHandleAccessor.java:103)
	at java.base/java.lang.reflect.Method.invoke(Method.java:580)
	at io.cucumber.java.Invoker.doInvoke(Invoker.java:66)
	at io.cucumber.java.Invoker.invoke(Invoker.java:24)
	at io.cucumber.java.AbstractGlueDefinition.invokeMethod(AbstractGlueDefinition.java:47)
	at io.cucumber.java.JavaStepDefinition.execute(JavaStepDefinition.java:29)
	at io.cucumber.core.runner.CoreStepDefinition.execute(CoreStepDefinition.java:66)
	at io.cucumber.core.runner.PickleStepDefinitionMatch.runStep(PickleStepDefinitionMatch.java:62)
	at io.cucumber.core.runner.ExecutionMode$1.execute(ExecutionMode.java:10)
	at io.cucumber.core.runner.TestStep.executeStep(TestStep.java:81)
	at io.cucumber.core.runner.TestStep.run(TestStep.java:53)
	at io.cucumber.core.runner.PickleStepTestStep.run(PickleStepTestStep.java:51)
	at io.cucumber.core.runner.TestCase.run(TestCase.java:84)
	at io.cucumber.core.runner.Runner.runPickle(Runner.java:75)
	at io.cucumber.junit.PickleRunners$NoStepDescriptions.lambda$run$0(PickleRunners.java:151)
	at io.cucumber.core.runtime.CucumberExecutionContext.lambda$runTestCase$5(CucumberExecutionContext.java:136)
	at io.cucumber.core.runtime.RethrowingThrowableCollector.executeAndThrow(RethrowingThrowableCollector.java:23)
	at io.cucumber.core.runtime.CucumberExecutionContext.runTestCase(CucumberExecutionContext.java:136)
	at io.cucumber.junit.PickleRunners$NoStepDescriptions.run(PickleRunners.java:148)
	at io.cucumber.junit.FeatureRunner.runChild(FeatureRunner.java:144)
	at io.cucumber.junit.FeatureRunner.runChild(FeatureRunner.java:28)
	at org.junit.runners.ParentRunner$4.run(ParentRunner.java:331)
	at org.junit.runners.ParentRunner$1.schedule(ParentRunner.java:79)
	at org.junit.runners.ParentRunner.runChildren(ParentRunner.java:329)
	at org.junit.runners.ParentRunner.access$100(ParentRunner.java:66)
	at org.junit.runners.ParentRunner$2.evaluate(ParentRunner.java:293)
	at org.junit.runners.ParentRunner$3.evaluate(ParentRunner.java:306)
	at org.junit.runners.ParentRunner.run(ParentRunner.java:413)
	at io.cucumber.junit.FeatureRunner.run(FeatureRunner.java:137)
	at io.cucumber.junit.Cucumber.runChild(Cucumber.java:199)
	at io.cucumber.junit.Cucumber.runChild(Cucumber.java:89)
	at org.junit.runners.ParentRunner$4.run(ParentRunner.java:331)
	at org.junit.runners.ParentRunner$1.schedule(ParentRunner.java:79)
	at org.junit.runners.ParentRunner.runChildren(ParentRunner.java:329)
	at org.junit.runners.ParentRunner.access$100(ParentRunner.java:66)
	at org.junit.runners.ParentRunner$2.evaluate(ParentRunner.java:293)
	at io.cucumber.core.runtime.CucumberExecutionContext.lambda$runFeatures$6(CucumberExecutionContext.java:147)
	at io.cucumber.core.runtime.CucumberExecutionContext.execute(CucumberExecutionContext.java:162)
	at io.cucumber.core.runtime.CucumberExecutionContext.runFeatures(CucumberExecutionContext.java:145)
	at io.cucumber.junit.Cucumber$StartAndFinishTestRun.evaluate(Cucumber.java:229)
	at org.junit.runners.ParentRunner$3.evaluate(ParentRunner.java:306)
	at org.junit.runners.ParentRunner.run(ParentRunner.java:413)
	at org.apache.maven.surefire.junit4.JUnit4Provider.execute(JUnit4Provider.java:364)
	at org.apache.maven.surefire.junit4.JUnit4Provider.executeWithRerun(JUnit4Provider.java:272)
	at org.apache.maven.surefire.junit4.JUnit4Provider.executeTestSet(JUnit4Provider.java:237)
	at org.apache.maven.surefire.junit4.JUnit4Provider.invoke(JUnit4Provider.java:158)
	at org.apache.maven.surefire.booter.ForkedBooter.runSuitesInProcess(ForkedBooter.java:428)
	at org.apache.maven.surefire.booter.ForkedBooter.execute(ForkedBooter.java:162)
	at org.apache.maven.surefire.booter.ForkedBooter.run(ForkedBooter.java:562)
	at org.apache.maven.surefire.booter.ForkedBooter.main(ForkedBooter.java:548)
]]></system-err>
  </testcase>
  <testcase name="Eliminar un proyecto con fase" classname="Eliminar Proyecto" time="24.126">
    <system-out><![CDATA[
Scenario: Eliminar un proyecto con fase                                                  # src/test/resources/feature/EscenarioEliminarProyecto.feature:18
  Given Navegar a la página principal "https://taskhub.cl/"                              # DefinicionPasos.CrearProyecto.navegarPaginaPrincipal(java.lang.String)
  And Ingresar el usuario en el campo con id "email" con el texto "igna.veliz@duocuc.cl" # DefinicionPasos.CrearProyecto.ingresarUsuario(java.lang.String,java.lang.String)
  And Ingresar la contraseña en el campo con id "password" con el texto "123123123"      # DefinicionPasos.CrearProyecto.ingresarContrasena(java.lang.String,java.lang.String)
  And Hacer clic en el botón con id "login_button"                                       # DefinicionPasos.CrearProyecto.hacerClickBoton(java.lang.String)
  Then Verificar que estamos en la página de inicio "https://taskhub.cl/inicio"          # DefinicionPasos.CrearProyecto.verificarPaginaInicio(java.lang.String)
  Then Verificar que estamos en la página de inicio "https://taskhub.cl/inicio"          # DefinicionPasos.CrearProyecto.verificarPaginaInicio(java.lang.String)
  When Hacer clic en el botón de navegación con id "menu-proyectos"                      # DefinicionPasos.CrearProyecto.hacerClickBotonNavegacion(java.lang.String)
  Then Verificar que ingresamos a la vista de proyectos "https://taskhub.cl/proyecto"    # DefinicionPasos.CrearProyecto.verificarVistaProyectos(java.lang.String)
Error al eliminar el proyecto: Expected condition failed: waiting for element to be clickable: By.id: btn-eliminar-177 (tried for 10 second(s) with 500 milliseconds interval)
Build info: version: '4.26.0', revision: '8ccf0219d7'
System info: os.name: 'Windows 11', os.arch: 'amd64', os.version: '10.0', java.version: '23.0.1'
Driver info: org.openqa.selenium.chrome.ChromeDriver
Capabilities {acceptInsecureCerts: false, browserName: chrome, browserVersion: 131.0.6778.86, chrome: {chromedriverVersion: 130.0.6723.91 (53ac07678369..., userDataDir: C:\Users\ignac\AppData\Loca...}, fedcm:accounts: true, goog:chromeOptions: {debuggerAddress: localhost:4376}, networkConnectionEnabled: false, pageLoadStrategy: normal, platformName: windows, proxy: Proxy(), se:cdp: ws://localhost:4376/devtool..., se:cdpVersion: 131.0.6778.86, setWindowRect: true, strictFileInteractability: false, timeouts: {implicit: 0, pageLoad: 300000, script: 30000}, unhandledPromptBehavior: dismiss and notify, webauthn:extension:credBlob: true, webauthn:extension:largeBlob: true, webauthn:extension:minPinLength: true, webauthn:extension:prf: true, webauthn:virtualAuthenticators: true}
Session ID: e8936b13a384e105bfc8c037364e9665 estas seguro de que existe el identificador btn-eliminar-177
  When Hacer clic en el botón de eliminar proyecto con id "btn-eliminar-177"             # DefinicionPasos.EliminarProyecto.hacerClicEnElBotónDeEliminarProyectoConId(java.lang.String)
Error al confirmar la eliminacion el proyecto: Expected condition failed: waiting for element to be clickable: By.xpath: /html/body/div[3]/div/div[6]/button[3] (tried for 10 second(s) with 500 milliseconds interval)
Build info: version: '4.26.0', revision: '8ccf0219d7'
System info: os.name: 'Windows 11', os.arch: 'amd64', os.version: '10.0', java.version: '23.0.1'
Driver info: org.openqa.selenium.chrome.ChromeDriver
Capabilities {acceptInsecureCerts: false, browserName: chrome, browserVersion: 131.0.6778.86, chrome: {chromedriverVersion: 130.0.6723.91 (53ac07678369..., userDataDir: C:\Users\ignac\AppData\Loca...}, fedcm:accounts: true, goog:chromeOptions: {debuggerAddress: localhost:4376}, networkConnectionEnabled: false, pageLoadStrategy: normal, platformName: windows, proxy: Proxy(), se:cdp: ws://localhost:4376/devtool..., se:cdpVersion: 131.0.6778.86, setWindowRect: true, strictFileInteractability: false, timeouts: {implicit: 0, pageLoad: 300000, script: 30000}, unhandledPromptBehavior: dismiss and notify, webauthn:extension:credBlob: true, webauthn:extension:largeBlob: true, webauthn:extension:minPinLength: true, webauthn:extension:prf: true, webauthn:virtualAuthenticators: true}
Session ID: e8936b13a384e105bfc8c037364e9665
  And hacer click en el boton de confirmar que se quiere eliminar el proyecto            # DefinicionPasos.EliminarProyecto.hacerClickEnElBotonDeConfirmarQueSeQuiereEliminarElProyecto()
  Then Verificar que llegamos a la vista del proyecto con la URL que contiene "proyecto" # DefinicionPasos.CrearProyecto.verificarVistaProyectoShow(java.lang.String)
]]></system-out>
    <system-err><![CDATA[Nov 23, 2024 10:20:02 AM org.openqa.selenium.devtools.CdpVersionFinder findNearestMatch
ADVERTENCIA: Unable to find an exact match for CDP version 131, returning the closest version; found: 130; Please update to a Selenium version that supports CDP version 131
org.openqa.selenium.TimeoutException: Expected condition failed: waiting for element to be clickable: By.id: btn-eliminar-177 (tried for 10 second(s) with 500 milliseconds interval)
Build info: version: '4.26.0', revision: '8ccf0219d7'
System info: os.name: 'Windows 11', os.arch: 'amd64', os.version: '10.0', java.version: '23.0.1'
Driver info: org.openqa.selenium.chrome.ChromeDriver
Capabilities {acceptInsecureCerts: false, browserName: chrome, browserVersion: 131.0.6778.86, chrome: {chromedriverVersion: 130.0.6723.91 (53ac07678369..., userDataDir: C:\Users\ignac\AppData\Loca...}, fedcm:accounts: true, goog:chromeOptions: {debuggerAddress: localhost:4376}, networkConnectionEnabled: false, pageLoadStrategy: normal, platformName: windows, proxy: Proxy(), se:cdp: ws://localhost:4376/devtool..., se:cdpVersion: 131.0.6778.86, setWindowRect: true, strictFileInteractability: false, timeouts: {implicit: 0, pageLoad: 300000, script: 30000}, unhandledPromptBehavior: dismiss and notify, webauthn:extension:credBlob: true, webauthn:extension:largeBlob: true, webauthn:extension:minPinLength: true, webauthn:extension:prf: true, webauthn:virtualAuthenticators: true}
Session ID: e8936b13a384e105bfc8c037364e9665
	at org.openqa.selenium.support.ui.WebDriverWait.timeoutException(WebDriverWait.java:84)
	at org.openqa.selenium.support.ui.FluentWait.until(FluentWait.java:228)
	at DefinicionPasos.EliminarProyecto.hacerClicEnElBotónDeEliminarProyectoConId(EliminarProyecto.java:41)
	at java.base/jdk.internal.reflect.DirectMethodHandleAccessor.invoke(DirectMethodHandleAccessor.java:103)
	at java.base/java.lang.reflect.Method.invoke(Method.java:580)
	at io.cucumber.java.Invoker.doInvoke(Invoker.java:66)
	at io.cucumber.java.Invoker.invoke(Invoker.java:24)
	at io.cucumber.java.AbstractGlueDefinition.invokeMethod(AbstractGlueDefinition.java:47)
	at io.cucumber.java.JavaStepDefinition.execute(JavaStepDefinition.java:29)
	at io.cucumber.core.runner.CoreStepDefinition.execute(CoreStepDefinition.java:66)
	at io.cucumber.core.runner.PickleStepDefinitionMatch.runStep(PickleStepDefinitionMatch.java:62)
	at io.cucumber.core.runner.ExecutionMode$1.execute(ExecutionMode.java:10)
	at io.cucumber.core.runner.TestStep.executeStep(TestStep.java:81)
	at io.cucumber.core.runner.TestStep.run(TestStep.java:53)
	at io.cucumber.core.runner.PickleStepTestStep.run(PickleStepTestStep.java:51)
	at io.cucumber.core.runner.TestCase.run(TestCase.java:84)
	at io.cucumber.core.runner.Runner.runPickle(Runner.java:75)
	at io.cucumber.junit.PickleRunners$NoStepDescriptions.lambda$run$0(PickleRunners.java:151)
	at io.cucumber.core.runtime.CucumberExecutionContext.lambda$runTestCase$5(CucumberExecutionContext.java:136)
	at io.cucumber.core.runtime.RethrowingThrowableCollector.executeAndThrow(RethrowingThrowableCollector.java:23)
	at io.cucumber.core.runtime.CucumberExecutionContext.runTestCase(CucumberExecutionContext.java:136)
	at io.cucumber.junit.PickleRunners$NoStepDescriptions.run(PickleRunners.java:148)
	at io.cucumber.junit.FeatureRunner.runChild(FeatureRunner.java:144)
	at io.cucumber.junit.FeatureRunner.runChild(FeatureRunner.java:28)
	at org.junit.runners.ParentRunner$4.run(ParentRunner.java:331)
	at org.junit.runners.ParentRunner$1.schedule(ParentRunner.java:79)
	at org.junit.runners.ParentRunner.runChildren(ParentRunner.java:329)
	at org.junit.runners.ParentRunner.access$100(ParentRunner.java:66)
	at org.junit.runners.ParentRunner$2.evaluate(ParentRunner.java:293)
	at org.junit.runners.ParentRunner$3.evaluate(ParentRunner.java:306)
	at org.junit.runners.ParentRunner.run(ParentRunner.java:413)
	at io.cucumber.junit.FeatureRunner.run(FeatureRunner.java:137)
	at io.cucumber.junit.Cucumber.runChild(Cucumber.java:199)
	at io.cucumber.junit.Cucumber.runChild(Cucumber.java:89)
	at org.junit.runners.ParentRunner$4.run(ParentRunner.java:331)
	at org.junit.runners.ParentRunner$1.schedule(ParentRunner.java:79)
	at org.junit.runners.ParentRunner.runChildren(ParentRunner.java:329)
	at org.junit.runners.ParentRunner.access$100(ParentRunner.java:66)
	at org.junit.runners.ParentRunner$2.evaluate(ParentRunner.java:293)
	at io.cucumber.core.runtime.CucumberExecutionContext.lambda$runFeatures$6(CucumberExecutionContext.java:147)
	at io.cucumber.core.runtime.CucumberExecutionContext.execute(CucumberExecutionContext.java:162)
	at io.cucumber.core.runtime.CucumberExecutionContext.runFeatures(CucumberExecutionContext.java:145)
	at io.cucumber.junit.Cucumber$StartAndFinishTestRun.evaluate(Cucumber.java:229)
	at org.junit.runners.ParentRunner$3.evaluate(ParentRunner.java:306)
	at org.junit.runners.ParentRunner.run(ParentRunner.java:413)
	at org.apache.maven.surefire.junit4.JUnit4Provider.execute(JUnit4Provider.java:364)
	at org.apache.maven.surefire.junit4.JUnit4Provider.executeWithRerun(JUnit4Provider.java:272)
	at org.apache.maven.surefire.junit4.JUnit4Provider.executeTestSet(JUnit4Provider.java:237)
	at org.apache.maven.surefire.junit4.JUnit4Provider.invoke(JUnit4Provider.java:158)
	at org.apache.maven.surefire.booter.ForkedBooter.runSuitesInProcess(ForkedBooter.java:428)
	at org.apache.maven.surefire.booter.ForkedBooter.execute(ForkedBooter.java:162)
	at org.apache.maven.surefire.booter.ForkedBooter.run(ForkedBooter.java:562)
	at org.apache.maven.surefire.booter.ForkedBooter.main(ForkedBooter.java:548)
org.openqa.selenium.TimeoutException: Expected condition failed: waiting for element to be clickable: By.xpath: /html/body/div[3]/div/div[6]/button[3] (tried for 10 second(s) with 500 milliseconds interval)
Build info: version: '4.26.0', revision: '8ccf0219d7'
System info: os.name: 'Windows 11', os.arch: 'amd64', os.version: '10.0', java.version: '23.0.1'
Driver info: org.openqa.selenium.chrome.ChromeDriver
Capabilities {acceptInsecureCerts: false, browserName: chrome, browserVersion: 131.0.6778.86, chrome: {chromedriverVersion: 130.0.6723.91 (53ac07678369..., userDataDir: C:\Users\ignac\AppData\Loca...}, fedcm:accounts: true, goog:chromeOptions: {debuggerAddress: localhost:4376}, networkConnectionEnabled: false, pageLoadStrategy: normal, platformName: windows, proxy: Proxy(), se:cdp: ws://localhost:4376/devtool..., se:cdpVersion: 131.0.6778.86, setWindowRect: true, strictFileInteractability: false, timeouts: {implicit: 0, pageLoad: 300000, script: 30000}, unhandledPromptBehavior: dismiss and notify, webauthn:extension:credBlob: true, webauthn:extension:largeBlob: true, webauthn:extension:minPinLength: true, webauthn:extension:prf: true, webauthn:virtualAuthenticators: true}
Session ID: e8936b13a384e105bfc8c037364e9665
	at org.openqa.selenium.support.ui.WebDriverWait.timeoutException(WebDriverWait.java:84)
	at org.openqa.selenium.support.ui.FluentWait.until(FluentWait.java:228)
	at DefinicionPasos.EliminarProyecto.hacerClickEnElBotonDeConfirmarQueSeQuiereEliminarElProyecto(EliminarProyecto.java:52)
	at java.base/jdk.internal.reflect.DirectMethodHandleAccessor.invoke(DirectMethodHandleAccessor.java:103)
	at java.base/java.lang.reflect.Method.invoke(Method.java:580)
	at io.cucumber.java.Invoker.doInvoke(Invoker.java:66)
	at io.cucumber.java.Invoker.invoke(Invoker.java:24)
	at io.cucumber.java.AbstractGlueDefinition.invokeMethod(AbstractGlueDefinition.java:47)
	at io.cucumber.java.JavaStepDefinition.execute(JavaStepDefinition.java:29)
	at io.cucumber.core.runner.CoreStepDefinition.execute(CoreStepDefinition.java:66)
	at io.cucumber.core.runner.PickleStepDefinitionMatch.runStep(PickleStepDefinitionMatch.java:62)
	at io.cucumber.core.runner.ExecutionMode$1.execute(ExecutionMode.java:10)
	at io.cucumber.core.runner.TestStep.executeStep(TestStep.java:81)
	at io.cucumber.core.runner.TestStep.run(TestStep.java:53)
	at io.cucumber.core.runner.PickleStepTestStep.run(PickleStepTestStep.java:51)
	at io.cucumber.core.runner.TestCase.run(TestCase.java:84)
	at io.cucumber.core.runner.Runner.runPickle(Runner.java:75)
	at io.cucumber.junit.PickleRunners$NoStepDescriptions.lambda$run$0(PickleRunners.java:151)
	at io.cucumber.core.runtime.CucumberExecutionContext.lambda$runTestCase$5(CucumberExecutionContext.java:136)
	at io.cucumber.core.runtime.RethrowingThrowableCollector.executeAndThrow(RethrowingThrowableCollector.java:23)
	at io.cucumber.core.runtime.CucumberExecutionContext.runTestCase(CucumberExecutionContext.java:136)
	at io.cucumber.junit.PickleRunners$NoStepDescriptions.run(PickleRunners.java:148)
	at io.cucumber.junit.FeatureRunner.runChild(FeatureRunner.java:144)
	at io.cucumber.junit.FeatureRunner.runChild(FeatureRunner.java:28)
	at org.junit.runners.ParentRunner$4.run(ParentRunner.java:331)
	at org.junit.runners.ParentRunner$1.schedule(ParentRunner.java:79)
	at org.junit.runners.ParentRunner.runChildren(ParentRunner.java:329)
	at org.junit.runners.ParentRunner.access$100(ParentRunner.java:66)
	at org.junit.runners.ParentRunner$2.evaluate(ParentRunner.java:293)
	at org.junit.runners.ParentRunner$3.evaluate(ParentRunner.java:306)
	at org.junit.runners.ParentRunner.run(ParentRunner.java:413)
	at io.cucumber.junit.FeatureRunner.run(FeatureRunner.java:137)
	at io.cucumber.junit.Cucumber.runChild(Cucumber.java:199)
	at io.cucumber.junit.Cucumber.runChild(Cucumber.java:89)
	at org.junit.runners.ParentRunner$4.run(ParentRunner.java:331)
	at org.junit.runners.ParentRunner$1.schedule(ParentRunner.java:79)
	at org.junit.runners.ParentRunner.runChildren(ParentRunner.java:329)
	at org.junit.runners.ParentRunner.access$100(ParentRunner.java:66)
	at org.junit.runners.ParentRunner$2.evaluate(ParentRunner.java:293)
	at io.cucumber.core.runtime.CucumberExecutionContext.lambda$runFeatures$6(CucumberExecutionContext.java:147)
	at io.cucumber.core.runtime.CucumberExecutionContext.execute(CucumberExecutionContext.java:162)
	at io.cucumber.core.runtime.CucumberExecutionContext.runFeatures(CucumberExecutionContext.java:145)
	at io.cucumber.junit.Cucumber$StartAndFinishTestRun.evaluate(Cucumber.java:229)
	at org.junit.runners.ParentRunner$3.evaluate(ParentRunner.java:306)
	at org.junit.runners.ParentRunner.run(ParentRunner.java:413)
	at org.apache.maven.surefire.junit4.JUnit4Provider.execute(JUnit4Provider.java:364)
	at org.apache.maven.surefire.junit4.JUnit4Provider.executeWithRerun(JUnit4Provider.java:272)
	at org.apache.maven.surefire.junit4.JUnit4Provider.executeTestSet(JUnit4Provider.java:237)
	at org.apache.maven.surefire.junit4.JUnit4Provider.invoke(JUnit4Provider.java:158)
	at org.apache.maven.surefire.booter.ForkedBooter.runSuitesInProcess(ForkedBooter.java:428)
	at org.apache.maven.surefire.booter.ForkedBooter.execute(ForkedBooter.java:162)
	at org.apache.maven.surefire.booter.ForkedBooter.run(ForkedBooter.java:562)
	at org.apache.maven.surefire.booter.ForkedBooter.main(ForkedBooter.java:548)
]]></system-err>
  </testcase>
  <testcase name="Inicio de sesión exitoso con correo y contraseña correctos" classname="Inicio de sesión de usuario" time="3.128">
    <system-out><![CDATA[
Scenario: Inicio de sesión exitoso con correo y contraseña correctos                           # src/test/resources/feature/EscenarioLogin.feature:3
Navegando a la URL: https://taskhub.cl/
  Given navego a la URL "https://taskhub.cl/"                                                  # DefinicionPasos.Login.navego_a_la_url(java.lang.String)
Texto ingresado en el campo usuario: igna.veliz@duocuc.cl
  When ingreso en el campo de nombre de usuario con id "email" el texto "igna.veliz@duocuc.cl" # DefinicionPasos.Login.ingreso_en_el_campo_de_nombre_de_usuario_con_id_el_texto(java.lang.String,java.lang.String)
Texto ingresado en el campo contraseña: 123123123
  And ingreso en el campo de contraseña con id "password" el texto "123123123"                 # DefinicionPasos.Login.ingreso_en_el_campo_de_contraseña_con_id_el_texto(java.lang.String,java.lang.String)
Haciendo clic en el botón de inicio de sesión.
  And hago clic en el botón de inicio de sesión con id "login_button"                          # DefinicionPasos.Login.hago_clic_en_el_boton_de_inicio_de_sesion_con_id(java.lang.String)
Redirigido exitosamente a la URL: https://taskhub.cl/inicio
  Then debería ser redirigido a la URL "https://taskhub.cl/inicio"                             # DefinicionPasos.Login.deberia_ser_redirigido_a_la_url(java.lang.String)
]]></system-out>
    <system-err><![CDATA[Nov 23, 2024 10:20:26 AM org.openqa.selenium.devtools.CdpVersionFinder findNearestMatch
ADVERTENCIA: Unable to find an exact match for CDP version 131, returning the closest version; found: 130; Please update to a Selenium version that supports CDP version 131
]]></system-err>
  </testcase>
  <testcase name="Inicio de sesión fallido con correo correcto pero contraseña incorrecta" classname="Inicio de sesión de usuario" time="3.505">
    <system-out><![CDATA[
Scenario: Inicio de sesión fallido con correo correcto pero contraseña incorrecta              # src/test/resources/feature/EscenarioLogin.feature:10
Navegando a la URL: https://taskhub.cl/
  Given navego a la URL "https://taskhub.cl/"                                                  # DefinicionPasos.Login.navego_a_la_url(java.lang.String)
Texto ingresado en el campo usuario: igna.veliz@duocuc.cl
  When ingreso en el campo de nombre de usuario con id "email" el texto "igna.veliz@duocuc.cl" # DefinicionPasos.Login.ingreso_en_el_campo_de_nombre_de_usuario_con_id_el_texto(java.lang.String,java.lang.String)
Texto ingresado en el campo contraseña: incorrect_password
  And ingreso en el campo de contraseña con id "password" el texto "incorrect_password"        # DefinicionPasos.Login.ingreso_en_el_campo_de_contraseña_con_id_el_texto(java.lang.String,java.lang.String)
Haciendo clic en el botón de inicio de sesión.
  And hago clic en el botón de inicio de sesión con id "login_button"                          # DefinicionPasos.Login.hago_clic_en_el_boton_de_inicio_de_sesion_con_id(java.lang.String)
Permanece en la URL esperada: https://taskhub.cl/
  Then debería permanecer en la URL "https://taskhub.cl/"                                      # DefinicionPasos.Login.deberia_permanecer_en_la_url(java.lang.String)
]]></system-out>
    <system-err><![CDATA[Nov 23, 2024 10:20:30 AM org.openqa.selenium.devtools.CdpVersionFinder findNearestMatch
ADVERTENCIA: Unable to find an exact match for CDP version 131, returning the closest version; found: 130; Please update to a Selenium version that supports CDP version 131
]]></system-err>
  </testcase>
  <testcase name="Inicio de sesión fallido con correo incorrecto pero contraseña correcta" classname="Inicio de sesión de usuario" time="3.206">
    <system-out><![CDATA[
Scenario: Inicio de sesión fallido con correo incorrecto pero contraseña correcta                     # src/test/resources/feature/EscenarioLogin.feature:17
Navegando a la URL: https://taskhub.cl/
  Given navego a la URL "https://taskhub.cl/"                                                         # DefinicionPasos.Login.navego_a_la_url(java.lang.String)
Texto ingresado en el campo usuario: incorrect_email@example.com
  When ingreso en el campo de nombre de usuario con id "email" el texto "incorrect_email@example.com" # DefinicionPasos.Login.ingreso_en_el_campo_de_nombre_de_usuario_con_id_el_texto(java.lang.String,java.lang.String)
Texto ingresado en el campo contraseña: 123123123
  And ingreso en el campo de contraseña con id "password" el texto "123123123"                        # DefinicionPasos.Login.ingreso_en_el_campo_de_contraseña_con_id_el_texto(java.lang.String,java.lang.String)
Haciendo clic en el botón de inicio de sesión.
  And hago clic en el botón de inicio de sesión con id "login_button"                                 # DefinicionPasos.Login.hago_clic_en_el_boton_de_inicio_de_sesion_con_id(java.lang.String)
Permanece en la URL esperada: https://taskhub.cl/
  Then debería permanecer en la URL "https://taskhub.cl/"                                             # DefinicionPasos.Login.deberia_permanecer_en_la_url(java.lang.String)
]]></system-out>
    <system-err><![CDATA[Nov 23, 2024 10:20:33 AM org.openqa.selenium.devtools.CdpVersionFinder findNearestMatch
ADVERTENCIA: Unable to find an exact match for CDP version 131, returning the closest version; found: 130; Please update to a Selenium version that supports CDP version 131
]]></system-err>
  </testcase>
  <testcase name="Inicio de sesión fallido con correo y contraseña incorrectos" classname="Inicio de sesión de usuario" time="3.349">
    <system-out><![CDATA[
Scenario: Inicio de sesión fallido con correo y contraseña incorrectos                                # src/test/resources/feature/EscenarioLogin.feature:24
Navegando a la URL: https://taskhub.cl/
  Given navego a la URL "https://taskhub.cl/"                                                         # DefinicionPasos.Login.navego_a_la_url(java.lang.String)
Texto ingresado en el campo usuario: incorrect_email@example.com
  When ingreso en el campo de nombre de usuario con id "email" el texto "incorrect_email@example.com" # DefinicionPasos.Login.ingreso_en_el_campo_de_nombre_de_usuario_con_id_el_texto(java.lang.String,java.lang.String)
Texto ingresado en el campo contraseña: incorrect_password
  And ingreso en el campo de contraseña con id "password" el texto "incorrect_password"               # DefinicionPasos.Login.ingreso_en_el_campo_de_contraseña_con_id_el_texto(java.lang.String,java.lang.String)
Haciendo clic en el botón de inicio de sesión.
  And hago clic en el botón de inicio de sesión con id "login_button"                                 # DefinicionPasos.Login.hago_clic_en_el_boton_de_inicio_de_sesion_con_id(java.lang.String)
Permanece en la URL esperada: https://taskhub.cl/
  Then debería permanecer en la URL "https://taskhub.cl/"                                             # DefinicionPasos.Login.deberia_permanecer_en_la_url(java.lang.String)
]]></system-out>
    <system-err><![CDATA[Nov 23, 2024 10:20:36 AM org.openqa.selenium.devtools.CdpVersionFinder findNearestMatch
ADVERTENCIA: Unable to find an exact match for CDP version 131, returning the closest version; found: 130; Please update to a Selenium version that supports CDP version 131
]]></system-err>
  </testcase>
  <testcase name="Inicio de sesión fallido con el campo de correo vacío" classname="Inicio de sesión de usuario" time="2.644">
    <system-out><![CDATA[
Scenario: Inicio de sesión fallido con el campo de correo vacío                # src/test/resources/feature/EscenarioLogin.feature:31
Navegando a la URL: https://taskhub.cl/
  Given navego a la URL "https://taskhub.cl/"                                  # DefinicionPasos.Login.navego_a_la_url(java.lang.String)
Texto ingresado en el campo usuario: 
  When ingreso en el campo de nombre de usuario con id "email" el texto ""     # DefinicionPasos.Login.ingreso_en_el_campo_de_nombre_de_usuario_con_id_el_texto(java.lang.String,java.lang.String)
Texto ingresado en el campo contraseña: 123123123
  And ingreso en el campo de contraseña con id "password" el texto "123123123" # DefinicionPasos.Login.ingreso_en_el_campo_de_contraseña_con_id_el_texto(java.lang.String,java.lang.String)
Haciendo clic en el botón de inicio de sesión.
  And hago clic en el botón de inicio de sesión con id "login_button"          # DefinicionPasos.Login.hago_clic_en_el_boton_de_inicio_de_sesion_con_id(java.lang.String)
Permanece en la URL esperada: https://taskhub.cl/
  Then debería permanecer en la URL "https://taskhub.cl/"                      # DefinicionPasos.Login.deberia_permanecer_en_la_url(java.lang.String)
]]></system-out>
    <system-err><![CDATA[Nov 23, 2024 10:20:40 AM org.openqa.selenium.devtools.CdpVersionFinder findNearestMatch
ADVERTENCIA: Unable to find an exact match for CDP version 131, returning the closest version; found: 130; Please update to a Selenium version that supports CDP version 131
]]></system-err>
  </testcase>
  <testcase name="Inicio de sesión fallido con correo correcto pero contraseña vacía" classname="Inicio de sesión de usuario" time="2.475">
    <system-out><![CDATA[
Scenario: Inicio de sesión fallido con correo correcto pero contraseña vacía                   # src/test/resources/feature/EscenarioLogin.feature:38
Navegando a la URL: https://taskhub.cl/
  Given navego a la URL "https://taskhub.cl/"                                                  # DefinicionPasos.Login.navego_a_la_url(java.lang.String)
Texto ingresado en el campo usuario: igna.veliz@duocuc.cl
  When ingreso en el campo de nombre de usuario con id "email" el texto "igna.veliz@duocuc.cl" # DefinicionPasos.Login.ingreso_en_el_campo_de_nombre_de_usuario_con_id_el_texto(java.lang.String,java.lang.String)
Texto ingresado en el campo contraseña: 
  And ingreso en el campo de contraseña con id "password" el texto ""                          # DefinicionPasos.Login.ingreso_en_el_campo_de_contraseña_con_id_el_texto(java.lang.String,java.lang.String)
Haciendo clic en el botón de inicio de sesión.
  And hago clic en el botón de inicio de sesión con id "login_button"                          # DefinicionPasos.Login.hago_clic_en_el_boton_de_inicio_de_sesion_con_id(java.lang.String)
Permanece en la URL esperada: https://taskhub.cl/
  Then debería permanecer en la URL "https://taskhub.cl/"                                      # DefinicionPasos.Login.deberia_permanecer_en_la_url(java.lang.String)
]]></system-out>
    <system-err><![CDATA[Nov 23, 2024 10:20:42 AM org.openqa.selenium.devtools.CdpVersionFinder findNearestMatch
ADVERTENCIA: Unable to find an exact match for CDP version 131, returning the closest version; found: 130; Please update to a Selenium version that supports CDP version 131
]]></system-err>
  </testcase>
  <testcase name="Inicio de sesión fallido con ambos campos vacíos" classname="Inicio de sesión de usuario" time="2.407">
    <system-out><![CDATA[
Scenario: Inicio de sesión fallido con ambos campos vacíos                 # src/test/resources/feature/EscenarioLogin.feature:45
Navegando a la URL: https://taskhub.cl/
  Given navego a la URL "https://taskhub.cl/"                              # DefinicionPasos.Login.navego_a_la_url(java.lang.String)
Texto ingresado en el campo usuario: 
  When ingreso en el campo de nombre de usuario con id "email" el texto "" # DefinicionPasos.Login.ingreso_en_el_campo_de_nombre_de_usuario_con_id_el_texto(java.lang.String,java.lang.String)
Texto ingresado en el campo contraseña: 
  And ingreso en el campo de contraseña con id "password" el texto ""      # DefinicionPasos.Login.ingreso_en_el_campo_de_contraseña_con_id_el_texto(java.lang.String,java.lang.String)
Haciendo clic en el botón de inicio de sesión.
  And hago clic en el botón de inicio de sesión con id "login_button"      # DefinicionPasos.Login.hago_clic_en_el_boton_de_inicio_de_sesion_con_id(java.lang.String)
Permanece en la URL esperada: https://taskhub.cl/
  Then debería permanecer en la URL "https://taskhub.cl/"                  # DefinicionPasos.Login.deberia_permanecer_en_la_url(java.lang.String)
]]></system-out>
    <system-err><![CDATA[Nov 23, 2024 10:20:45 AM org.openqa.selenium.devtools.CdpVersionFinder findNearestMatch
ADVERTENCIA: Unable to find an exact match for CDP version 131, returning the closest version; found: 130; Please update to a Selenium version that supports CDP version 131
]]></system-err>
  </testcase>
  <testcase name="Inicio de sesión fallido con intento de inyección SQL" classname="Inicio de sesión de usuario" time="2.463">
    <system-out><![CDATA[
Scenario: Inicio de sesión fallido con intento de inyección SQL                       # src/test/resources/feature/EscenarioLogin.feature:52
Navegando a la URL: https://taskhub.cl/
  Given navego a la URL "https://taskhub.cl/"                                         # DefinicionPasos.Login.navego_a_la_url(java.lang.String)
Texto ingresado en el campo usuario: ' OR '1'='1
  When ingreso en el campo de nombre de usuario con id "email" el texto "' OR '1'='1" # DefinicionPasos.Login.ingreso_en_el_campo_de_nombre_de_usuario_con_id_el_texto(java.lang.String,java.lang.String)
Texto ingresado en el campo contraseña: ' OR '1'='1
  And ingreso en el campo de contraseña con id "password" el texto "' OR '1'='1"      # DefinicionPasos.Login.ingreso_en_el_campo_de_contraseña_con_id_el_texto(java.lang.String,java.lang.String)
Haciendo clic en el botón de inicio de sesión.
  And hago clic en el botón de inicio de sesión con id "login_button"                 # DefinicionPasos.Login.hago_clic_en_el_boton_de_inicio_de_sesion_con_id(java.lang.String)
Permanece en la URL esperada: https://taskhub.cl/
  Then debería permanecer en la URL "https://taskhub.cl/"                             # DefinicionPasos.Login.deberia_permanecer_en_la_url(java.lang.String)
]]></system-out>
    <system-err><![CDATA[Nov 23, 2024 10:20:47 AM org.openqa.selenium.devtools.CdpVersionFinder findNearestMatch
ADVERTENCIA: Unable to find an exact match for CDP version 131, returning the closest version; found: 130; Please update to a Selenium version that supports CDP version 131
]]></system-err>
  </testcase>
  <testcase name="Modificar el nombre de un proyecto existente" classname="Modificar Proyecto" time="9.919">
    <system-out><![CDATA[
Scenario: Modificar el nombre de un proyecto existente                                                           # src/test/resources/feature/EscenarioModificarProyecto.feature:10
  Given Navegar a la página principal "https://taskhub.cl/"                                                      # DefinicionPasos.CrearProyecto.navegarPaginaPrincipal(java.lang.String)
  And Ingresar el usuario en el campo con id "email" con el texto "igna.veliz@duocuc.cl"                         # DefinicionPasos.CrearProyecto.ingresarUsuario(java.lang.String,java.lang.String)
  And Ingresar la contraseña en el campo con id "password" con el texto "123123123"                              # DefinicionPasos.CrearProyecto.ingresarContrasena(java.lang.String,java.lang.String)
  And Hacer clic en el botón con id "login_button"                                                               # DefinicionPasos.CrearProyecto.hacerClickBoton(java.lang.String)
  Then Verificar que estamos en la página de inicio "https://taskhub.cl/inicio"                                  # DefinicionPasos.CrearProyecto.verificarPaginaInicio(java.lang.String)
  When Hacer clic en el botón de navegación con id "menu-proyectos"                                              # DefinicionPasos.CrearProyecto.hacerClickBotonNavegacion(java.lang.String)
  Then Verificar que ingresamos a la vista de proyectos "https://taskhub.cl/proyecto"                            # DefinicionPasos.CrearProyecto.verificarVistaProyectos(java.lang.String)
  When Seleccionar el proyecto con nombre "Nescafessss" y hacer clic en "btn-editar-1"                           # DefinicionPasos.ModificarProyecto.seleccionar_el_proyecto_con_nombre_y_hacer_clic_en(java.lang.String,java.lang.String)
  Then Verificar que ingresamos a la vista de edición del proyecto "https://taskhub.cl/proyecto/edit/1"          # DefinicionPasos.ModificarProyecto.verificar_que_ingresamos_a_la_vista_de_edicion_del_proyecto(java.lang.String)
  And Cambiar el nombre del proyecto con id "nombre" al texto "Proyecto modificado"                              # DefinicionPasos.ModificarProyecto.cambiar_el_nombre_del_proyecto_con_id_al_texto(java.lang.String,java.lang.String)
  When Hacer clic en el botón de guardar con id "btn-guardar-proyecto"                                           # DefinicionPasos.CrearProyecto.hacerClickGuardar(java.lang.String)
  Then Verificar que aparece el mensaje de éxito "Proyecto modificado exitosamente" en el elemento "swal2-title" # DefinicionPasos.ModificarProyecto.verificarQueApareceElMensajeDeÉxitoEnElElemento(java.lang.String,java.lang.String)
  And Aceptar la alerta                                                                                          # DefinicionPasos.ModificarProyecto.aceptarLaAlerta()
  Then Verificar que el proyecto se actualizó con el nombre "Proyecto modificado"                                # DefinicionPasos.ModificarProyecto.verificarQueElProyectoSeActualizóConElNombre(java.lang.String)
  And Verificar que llegamos a la vista del proyecto para modificar con la URL que contiene "show"               # DefinicionPasos.ModificarProyecto.verificar_que_llegamos_a_la_vista_del_proyecto_para_modificar_con_la_url_que_contiene(java.lang.String)
]]></system-out>
    <system-err><![CDATA[Nov 23, 2024 10:20:50 AM org.openqa.selenium.devtools.CdpVersionFinder findNearestMatch
ADVERTENCIA: Unable to find an exact match for CDP version 131, returning the closest version; found: 130; Please update to a Selenium version that supports CDP version 131
]]></system-err>
  </testcase>
  <testcase name="Modificar el tipo de un proyecto existente" classname="Modificar Proyecto" time="9.719">
    <system-out><![CDATA[
Scenario: Modificar el tipo de un proyecto existente                                                             # src/test/resources/feature/EscenarioModificarProyecto.feature:22
  Given Navegar a la página principal "https://taskhub.cl/"                                                      # DefinicionPasos.CrearProyecto.navegarPaginaPrincipal(java.lang.String)
  And Ingresar el usuario en el campo con id "email" con el texto "igna.veliz@duocuc.cl"                         # DefinicionPasos.CrearProyecto.ingresarUsuario(java.lang.String,java.lang.String)
  And Ingresar la contraseña en el campo con id "password" con el texto "123123123"                              # DefinicionPasos.CrearProyecto.ingresarContrasena(java.lang.String,java.lang.String)
  And Hacer clic en el botón con id "login_button"                                                               # DefinicionPasos.CrearProyecto.hacerClickBoton(java.lang.String)
  Then Verificar que estamos en la página de inicio "https://taskhub.cl/inicio"                                  # DefinicionPasos.CrearProyecto.verificarPaginaInicio(java.lang.String)
  When Hacer clic en el botón de navegación con id "menu-proyectos"                                              # DefinicionPasos.CrearProyecto.hacerClickBotonNavegacion(java.lang.String)
  Then Verificar que ingresamos a la vista de proyectos "https://taskhub.cl/proyecto"                            # DefinicionPasos.CrearProyecto.verificarVistaProyectos(java.lang.String)
  When Seleccionar el proyecto con nombre "Nescafessss" y hacer clic en "btn-editar-1"                           # DefinicionPasos.ModificarProyecto.seleccionar_el_proyecto_con_nombre_y_hacer_clic_en(java.lang.String,java.lang.String)
  Then Verificar que ingresamos a la vista de edición del proyecto "https://taskhub.cl/proyecto/edit/1"          # DefinicionPasos.ModificarProyecto.verificar_que_ingresamos_a_la_vista_de_edicion_del_proyecto(java.lang.String)
  And Seleccionar la opcion "2" del selector con id "tipo_proyecto_id"                                           # DefinicionPasos.ModificarProyecto.seleccionarLaOpcionDelSelectorConId(java.lang.String,java.lang.String)
  When Hacer clic en el botón de guardar con id "btn-guardar-proyecto"                                           # DefinicionPasos.CrearProyecto.hacerClickGuardar(java.lang.String)
  Then Verificar que aparece el mensaje de éxito "Proyecto modificado exitosamente" en el elemento "swal2-title" # DefinicionPasos.ModificarProyecto.verificarQueApareceElMensajeDeÉxitoEnElElemento(java.lang.String,java.lang.String)
  And Aceptar la alerta                                                                                          # DefinicionPasos.ModificarProyecto.aceptarLaAlerta()
  Then Verificar que el tipo de proyecto se actualizó a "Interno"                                                # DefinicionPasos.ModificarProyecto.verificarQueElTipoDeProyectoSeActualizóA(java.lang.String)
  And Verificar que llegamos a la vista del proyecto para modificar con la URL que contiene "show"               # DefinicionPasos.ModificarProyecto.verificar_que_llegamos_a_la_vista_del_proyecto_para_modificar_con_la_url_que_contiene(java.lang.String)
]]></system-out>
    <system-err><![CDATA[Nov 23, 2024 10:21:00 AM org.openqa.selenium.devtools.CdpVersionFinder findNearestMatch
ADVERTENCIA: Unable to find an exact match for CDP version 131, returning the closest version; found: 130; Please update to a Selenium version that supports CDP version 131
]]></system-err>
  </testcase>
  <testcase name="Modificar el jefe de un proyecto existente" classname="Modificar Proyecto" time="9.746">
    <system-out><![CDATA[
Scenario: Modificar el jefe de un proyecto existente                                                             # src/test/resources/feature/EscenarioModificarProyecto.feature:34
  Given Navegar a la página principal "https://taskhub.cl/"                                                      # DefinicionPasos.CrearProyecto.navegarPaginaPrincipal(java.lang.String)
  And Ingresar el usuario en el campo con id "email" con el texto "igna.veliz@duocuc.cl"                         # DefinicionPasos.CrearProyecto.ingresarUsuario(java.lang.String,java.lang.String)
  And Ingresar la contraseña en el campo con id "password" con el texto "123123123"                              # DefinicionPasos.CrearProyecto.ingresarContrasena(java.lang.String,java.lang.String)
  And Hacer clic en el botón con id "login_button"                                                               # DefinicionPasos.CrearProyecto.hacerClickBoton(java.lang.String)
  Then Verificar que estamos en la página de inicio "https://taskhub.cl/inicio"                                  # DefinicionPasos.CrearProyecto.verificarPaginaInicio(java.lang.String)
  When Hacer clic en el botón de navegación con id "menu-proyectos"                                              # DefinicionPasos.CrearProyecto.hacerClickBotonNavegacion(java.lang.String)
  Then Verificar que ingresamos a la vista de proyectos "https://taskhub.cl/proyecto"                            # DefinicionPasos.CrearProyecto.verificarVistaProyectos(java.lang.String)
  When Seleccionar el proyecto con nombre "Nescafessss" y hacer clic en "btn-editar-1"                           # DefinicionPasos.ModificarProyecto.seleccionar_el_proyecto_con_nombre_y_hacer_clic_en(java.lang.String,java.lang.String)
  Then Verificar que ingresamos a la vista de edición del proyecto "https://taskhub.cl/proyecto/edit/1"          # DefinicionPasos.ModificarProyecto.verificar_que_ingresamos_a_la_vista_de_edicion_del_proyecto(java.lang.String)
  And Seleccionar la opcion "2" del selector con id "jefe_proyecto_id"                                           # DefinicionPasos.ModificarProyecto.seleccionarLaOpcionDelSelectorConId(java.lang.String,java.lang.String)
  When Hacer clic en el botón de guardar con id "btn-guardar-proyecto"                                           # DefinicionPasos.CrearProyecto.hacerClickGuardar(java.lang.String)
  Then Verificar que aparece el mensaje de éxito "Proyecto modificado exitosamente" en el elemento "swal2-title" # DefinicionPasos.ModificarProyecto.verificarQueApareceElMensajeDeÉxitoEnElElemento(java.lang.String,java.lang.String)
  And Aceptar la alerta                                                                                          # DefinicionPasos.ModificarProyecto.aceptarLaAlerta()
  Then Verificar que el jefe de proyecto se actualizó a "Alessandro Halvorson"                                   # DefinicionPasos.ModificarProyecto.verificarQueElJefeDeProyectoSeActualizóA(java.lang.String)
  And Verificar que llegamos a la vista del proyecto para modificar con la URL que contiene "show"               # DefinicionPasos.ModificarProyecto.verificar_que_llegamos_a_la_vista_del_proyecto_para_modificar_con_la_url_que_contiene(java.lang.String)
]]></system-out>
    <system-err><![CDATA[Nov 23, 2024 10:21:09 AM org.openqa.selenium.devtools.CdpVersionFinder findNearestMatch
ADVERTENCIA: Unable to find an exact match for CDP version 131, returning the closest version; found: 130; Please update to a Selenium version that supports CDP version 131
]]></system-err>
  </testcase>
  <testcase name="Modificar el la fecha de un proyecto existente" classname="Modificar Proyecto" time="10.068">
    <system-out><![CDATA[
Scenario: Modificar el la fecha de un proyecto existente                                                         # src/test/resources/feature/EscenarioModificarProyecto.feature:46
  Given Navegar a la página principal "https://taskhub.cl/"                                                      # DefinicionPasos.CrearProyecto.navegarPaginaPrincipal(java.lang.String)
  And Ingresar el usuario en el campo con id "email" con el texto "igna.veliz@duocuc.cl"                         # DefinicionPasos.CrearProyecto.ingresarUsuario(java.lang.String,java.lang.String)
  And Ingresar la contraseña en el campo con id "password" con el texto "123123123"                              # DefinicionPasos.CrearProyecto.ingresarContrasena(java.lang.String,java.lang.String)
  And Hacer clic en el botón con id "login_button"                                                               # DefinicionPasos.CrearProyecto.hacerClickBoton(java.lang.String)
  Then Verificar que estamos en la página de inicio "https://taskhub.cl/inicio"                                  # DefinicionPasos.CrearProyecto.verificarPaginaInicio(java.lang.String)
  When Hacer clic en el botón de navegación con id "menu-proyectos"                                              # DefinicionPasos.CrearProyecto.hacerClickBotonNavegacion(java.lang.String)
  Then Verificar que ingresamos a la vista de proyectos "https://taskhub.cl/proyecto"                            # DefinicionPasos.CrearProyecto.verificarVistaProyectos(java.lang.String)
  When Seleccionar el proyecto con nombre "Nescafessss" y hacer clic en "btn-editar-1"                           # DefinicionPasos.ModificarProyecto.seleccionar_el_proyecto_con_nombre_y_hacer_clic_en(java.lang.String,java.lang.String)
  Then Verificar que ingresamos a la vista de edición del proyecto "https://taskhub.cl/proyecto/edit/1"          # DefinicionPasos.ModificarProyecto.verificar_que_ingresamos_a_la_vista_de_edicion_del_proyecto(java.lang.String)
  And Modificar la fecha con el campo "daterange" del proyecto a "25/11/2024 - 30/11/2024"                       # DefinicionPasos.ModificarProyecto.modificarLaFechaConElCampoIdCampoDelProyectoAString(java.lang.String,java.lang.String)
  When Hacer clic en el botón de guardar con id "btn-guardar-proyecto"                                           # DefinicionPasos.CrearProyecto.hacerClickGuardar(java.lang.String)
  Then Verificar que aparece el mensaje de éxito "Proyecto modificado exitosamente" en el elemento "swal2-title" # DefinicionPasos.ModificarProyecto.verificarQueApareceElMensajeDeÉxitoEnElElemento(java.lang.String,java.lang.String)
  And Aceptar la alerta                                                                                          # DefinicionPasos.ModificarProyecto.aceptarLaAlerta()
  Then Verificar que fecha de inicio proyecto se actualizó a "2024-11-25"                                        # DefinicionPasos.ModificarProyecto.verificarQueFechaDeInicioProyectoSeActualizóA(java.lang.String)
  Then Verificar que fecha de termino proyecto se actualizó a "2024-11-30"                                       # DefinicionPasos.ModificarProyecto.verificarQueFechaDeTerminoProyectoSeActualizóA(java.lang.String)
  And Verificar que llegamos a la vista del proyecto para modificar con la URL que contiene "show"               # DefinicionPasos.ModificarProyecto.verificar_que_llegamos_a_la_vista_del_proyecto_para_modificar_con_la_url_que_contiene(java.lang.String)
]]></system-out>
    <system-err><![CDATA[Nov 23, 2024 10:21:19 AM org.openqa.selenium.devtools.CdpVersionFinder findNearestMatch
ADVERTENCIA: Unable to find an exact match for CDP version 131, returning the closest version; found: 130; Please update to a Selenium version that supports CDP version 131
]]></system-err>
  </testcase>
  <testcase name="Modificar un proyecto existente dejando el nombre vacio" classname="Modificar Proyecto" time="8.955">
    <system-out><![CDATA[
Scenario: Modificar un proyecto existente dejando el nombre vacio                                       # src/test/resources/feature/EscenarioModificarProyecto.feature:59
  Given Navegar a la página principal "https://taskhub.cl/"                                             # DefinicionPasos.CrearProyecto.navegarPaginaPrincipal(java.lang.String)
  And Ingresar el usuario en el campo con id "email" con el texto "igna.veliz@duocuc.cl"                # DefinicionPasos.CrearProyecto.ingresarUsuario(java.lang.String,java.lang.String)
  And Ingresar la contraseña en el campo con id "password" con el texto "123123123"                     # DefinicionPasos.CrearProyecto.ingresarContrasena(java.lang.String,java.lang.String)
  And Hacer clic en el botón con id "login_button"                                                      # DefinicionPasos.CrearProyecto.hacerClickBoton(java.lang.String)
  Then Verificar que estamos en la página de inicio "https://taskhub.cl/inicio"                         # DefinicionPasos.CrearProyecto.verificarPaginaInicio(java.lang.String)
  When Hacer clic en el botón de navegación con id "menu-proyectos"                                     # DefinicionPasos.CrearProyecto.hacerClickBotonNavegacion(java.lang.String)
  Then Verificar que ingresamos a la vista de proyectos "https://taskhub.cl/proyecto"                   # DefinicionPasos.CrearProyecto.verificarVistaProyectos(java.lang.String)
  When Seleccionar el proyecto con nombre "Nescafessss" y hacer clic en "btn-editar-1"                  # DefinicionPasos.ModificarProyecto.seleccionar_el_proyecto_con_nombre_y_hacer_clic_en(java.lang.String,java.lang.String)
  Then Verificar que ingresamos a la vista de edición del proyecto "https://taskhub.cl/proyecto/edit/1" # DefinicionPasos.ModificarProyecto.verificar_que_ingresamos_a_la_vista_de_edicion_del_proyecto(java.lang.String)
  And Dejar el campo vacío con id "nombre"                                                              # DefinicionPasos.CrearProyecto.dejarCampoNombreVacio(java.lang.String)
  When Hacer clic en el botón de guardar con id "btn-guardar-proyecto"                                  # DefinicionPasos.CrearProyecto.hacerClickGuardar(java.lang.String)
  And Permanecer en la vista de modificaion de proyectos "https://taskhub.cl/proyecto/edit/1"           # DefinicionPasos.ModificarProyecto.permanecerEnVistaCreacion(java.lang.String)
]]></system-out>
    <system-err><![CDATA[Nov 23, 2024 10:21:29 AM org.openqa.selenium.devtools.CdpVersionFinder findNearestMatch
ADVERTENCIA: Unable to find an exact match for CDP version 131, returning the closest version; found: 130; Please update to a Selenium version that supports CDP version 131
]]></system-err>
  </testcase>
  <testcase name="Modificar un proyecto existente dejando el cliente vacio" classname="Modificar Proyecto" time="9.055">
    <system-out><![CDATA[
Scenario: Modificar un proyecto existente dejando el cliente vacio                                      # src/test/resources/feature/EscenarioModificarProyecto.feature:68
  Given Navegar a la página principal "https://taskhub.cl/"                                             # DefinicionPasos.CrearProyecto.navegarPaginaPrincipal(java.lang.String)
  And Ingresar el usuario en el campo con id "email" con el texto "igna.veliz@duocuc.cl"                # DefinicionPasos.CrearProyecto.ingresarUsuario(java.lang.String,java.lang.String)
  And Ingresar la contraseña en el campo con id "password" con el texto "123123123"                     # DefinicionPasos.CrearProyecto.ingresarContrasena(java.lang.String,java.lang.String)
  And Hacer clic en el botón con id "login_button"                                                      # DefinicionPasos.CrearProyecto.hacerClickBoton(java.lang.String)
  Then Verificar que estamos en la página de inicio "https://taskhub.cl/inicio"                         # DefinicionPasos.CrearProyecto.verificarPaginaInicio(java.lang.String)
  When Hacer clic en el botón de navegación con id "menu-proyectos"                                     # DefinicionPasos.CrearProyecto.hacerClickBotonNavegacion(java.lang.String)
  Then Verificar que ingresamos a la vista de proyectos "https://taskhub.cl/proyecto"                   # DefinicionPasos.CrearProyecto.verificarVistaProyectos(java.lang.String)
  When Seleccionar el proyecto con nombre "Nescafessss" y hacer clic en "btn-editar-1"                  # DefinicionPasos.ModificarProyecto.seleccionar_el_proyecto_con_nombre_y_hacer_clic_en(java.lang.String,java.lang.String)
  Then Verificar que ingresamos a la vista de edición del proyecto "https://taskhub.cl/proyecto/edit/1" # DefinicionPasos.ModificarProyecto.verificar_que_ingresamos_a_la_vista_de_edicion_del_proyecto(java.lang.String)
No se seleccionó ninguna opción para el campo: cliente
  And No seleccionar cliente en el selector con id "cliente_id"                                         # DefinicionPasos.CrearProyecto.noSeleccionarCliente(java.lang.String)
  When Hacer clic en el botón de guardar con id "btn-guardar-proyecto"                                  # DefinicionPasos.CrearProyecto.hacerClickGuardar(java.lang.String)
  And Permanecer en la vista de modificaion de proyectos "https://taskhub.cl/proyecto/edit/1"           # DefinicionPasos.ModificarProyecto.permanecerEnVistaCreacion(java.lang.String)
]]></system-out>
    <system-err><![CDATA[Nov 23, 2024 10:21:38 AM org.openqa.selenium.devtools.CdpVersionFinder findNearestMatch
ADVERTENCIA: Unable to find an exact match for CDP version 131, returning the closest version; found: 130; Please update to a Selenium version that supports CDP version 131
]]></system-err>
  </testcase>
  <testcase name="Modificar un proyecto existente dejando el jefe de proyecto vacio" classname="Modificar Proyecto" time="8.987">
    <system-out><![CDATA[
Scenario: Modificar un proyecto existente dejando el jefe de proyecto vacio                             # src/test/resources/feature/EscenarioModificarProyecto.feature:77
  Given Navegar a la página principal "https://taskhub.cl/"                                             # DefinicionPasos.CrearProyecto.navegarPaginaPrincipal(java.lang.String)
  And Ingresar el usuario en el campo con id "email" con el texto "igna.veliz@duocuc.cl"                # DefinicionPasos.CrearProyecto.ingresarUsuario(java.lang.String,java.lang.String)
  And Ingresar la contraseña en el campo con id "password" con el texto "123123123"                     # DefinicionPasos.CrearProyecto.ingresarContrasena(java.lang.String,java.lang.String)
  And Hacer clic en el botón con id "login_button"                                                      # DefinicionPasos.CrearProyecto.hacerClickBoton(java.lang.String)
  Then Verificar que estamos en la página de inicio "https://taskhub.cl/inicio"                         # DefinicionPasos.CrearProyecto.verificarPaginaInicio(java.lang.String)
  When Hacer clic en el botón de navegación con id "menu-proyectos"                                     # DefinicionPasos.CrearProyecto.hacerClickBotonNavegacion(java.lang.String)
  Then Verificar que ingresamos a la vista de proyectos "https://taskhub.cl/proyecto"                   # DefinicionPasos.CrearProyecto.verificarVistaProyectos(java.lang.String)
  When Seleccionar el proyecto con nombre "Nescafessss" y hacer clic en "btn-editar-1"                  # DefinicionPasos.ModificarProyecto.seleccionar_el_proyecto_con_nombre_y_hacer_clic_en(java.lang.String,java.lang.String)
  Then Verificar que ingresamos a la vista de edición del proyecto "https://taskhub.cl/proyecto/edit/1" # DefinicionPasos.ModificarProyecto.verificar_que_ingresamos_a_la_vista_de_edicion_del_proyecto(java.lang.String)
No se seleccionó ninguna opción para el campo: jefe de proyecto
  And No seleccionar jefe de proyecto en el selector con id "jefe_proyecto_id"                          # DefinicionPasos.CrearProyecto.noSeleccionarJefeDeProyecto(java.lang.String)
  When Hacer clic en el botón de guardar con id "btn-guardar-proyecto"                                  # DefinicionPasos.CrearProyecto.hacerClickGuardar(java.lang.String)
  And Permanecer en la vista de modificaion de proyectos "https://taskhub.cl/proyecto/edit/1"           # DefinicionPasos.ModificarProyecto.permanecerEnVistaCreacion(java.lang.String)
]]></system-out>
    <system-err><![CDATA[Nov 23, 2024 10:21:47 AM org.openqa.selenium.devtools.CdpVersionFinder findNearestMatch
ADVERTENCIA: Unable to find an exact match for CDP version 131, returning the closest version; found: 130; Please update to a Selenium version that supports CDP version 131
]]></system-err>
  </testcase>
  <testcase name="Modificar un proyecto existente dejando el tipo de proyecto vacio" classname="Modificar Proyecto" time="9.02">
    <system-out><![CDATA[
Scenario: Modificar un proyecto existente dejando el tipo de proyecto vacio                             # src/test/resources/feature/EscenarioModificarProyecto.feature:86
  Given Navegar a la página principal "https://taskhub.cl/"                                             # DefinicionPasos.CrearProyecto.navegarPaginaPrincipal(java.lang.String)
  And Ingresar el usuario en el campo con id "email" con el texto "igna.veliz@duocuc.cl"                # DefinicionPasos.CrearProyecto.ingresarUsuario(java.lang.String,java.lang.String)
  And Ingresar la contraseña en el campo con id "password" con el texto "123123123"                     # DefinicionPasos.CrearProyecto.ingresarContrasena(java.lang.String,java.lang.String)
  And Hacer clic en el botón con id "login_button"                                                      # DefinicionPasos.CrearProyecto.hacerClickBoton(java.lang.String)
  Then Verificar que estamos en la página de inicio "https://taskhub.cl/inicio"                         # DefinicionPasos.CrearProyecto.verificarPaginaInicio(java.lang.String)
  When Hacer clic en el botón de navegación con id "menu-proyectos"                                     # DefinicionPasos.CrearProyecto.hacerClickBotonNavegacion(java.lang.String)
  Then Verificar que ingresamos a la vista de proyectos "https://taskhub.cl/proyecto"                   # DefinicionPasos.CrearProyecto.verificarVistaProyectos(java.lang.String)
  When Seleccionar el proyecto con nombre "Nescafessss" y hacer clic en "btn-editar-1"                  # DefinicionPasos.ModificarProyecto.seleccionar_el_proyecto_con_nombre_y_hacer_clic_en(java.lang.String,java.lang.String)
  Then Verificar que ingresamos a la vista de edición del proyecto "https://taskhub.cl/proyecto/edit/1" # DefinicionPasos.ModificarProyecto.verificar_que_ingresamos_a_la_vista_de_edicion_del_proyecto(java.lang.String)
No se seleccionó ninguna opción para el campo: tipo de proyecto
  And No seleccionar tipo de proyecto en el selector con id "tipo_proyecto_id"                          # DefinicionPasos.CrearProyecto.noSeleccionarTipoDeProyecto(java.lang.String)
  When Hacer clic en el botón de guardar con id "btn-guardar-proyecto"                                  # DefinicionPasos.CrearProyecto.hacerClickGuardar(java.lang.String)
  And Permanecer en la vista de modificaion de proyectos "https://taskhub.cl/proyecto/edit/1"           # DefinicionPasos.ModificarProyecto.permanecerEnVistaCreacion(java.lang.String)
]]></system-out>
    <system-err><![CDATA[Nov 23, 2024 10:21:56 AM org.openqa.selenium.devtools.CdpVersionFinder findNearestMatch
ADVERTENCIA: Unable to find an exact match for CDP version 131, returning the closest version; found: 130; Please update to a Selenium version that supports CDP version 131
]]></system-err>
  </testcase>
  <testcase name="Modificar un proyecto existente dejando el nombre de proyecto y cliente vacio" classname="Modificar Proyecto" time="9.136">
    <system-out><![CDATA[
Scenario: Modificar un proyecto existente dejando el nombre de proyecto y cliente vacio                 # src/test/resources/feature/EscenarioModificarProyecto.feature:95
  Given Navegar a la página principal "https://taskhub.cl/"                                             # DefinicionPasos.CrearProyecto.navegarPaginaPrincipal(java.lang.String)
  And Ingresar el usuario en el campo con id "email" con el texto "igna.veliz@duocuc.cl"                # DefinicionPasos.CrearProyecto.ingresarUsuario(java.lang.String,java.lang.String)
  And Ingresar la contraseña en el campo con id "password" con el texto "123123123"                     # DefinicionPasos.CrearProyecto.ingresarContrasena(java.lang.String,java.lang.String)
  And Hacer clic en el botón con id "login_button"                                                      # DefinicionPasos.CrearProyecto.hacerClickBoton(java.lang.String)
  Then Verificar que estamos en la página de inicio "https://taskhub.cl/inicio"                         # DefinicionPasos.CrearProyecto.verificarPaginaInicio(java.lang.String)
  When Hacer clic en el botón de navegación con id "menu-proyectos"                                     # DefinicionPasos.CrearProyecto.hacerClickBotonNavegacion(java.lang.String)
  Then Verificar que ingresamos a la vista de proyectos "https://taskhub.cl/proyecto"                   # DefinicionPasos.CrearProyecto.verificarVistaProyectos(java.lang.String)
  When Seleccionar el proyecto con nombre "Nescafessss" y hacer clic en "btn-editar-1"                  # DefinicionPasos.ModificarProyecto.seleccionar_el_proyecto_con_nombre_y_hacer_clic_en(java.lang.String,java.lang.String)
  Then Verificar que ingresamos a la vista de edición del proyecto "https://taskhub.cl/proyecto/edit/1" # DefinicionPasos.ModificarProyecto.verificar_que_ingresamos_a_la_vista_de_edicion_del_proyecto(java.lang.String)
  And Dejar el campo vacío con id "nombre"                                                              # DefinicionPasos.CrearProyecto.dejarCampoNombreVacio(java.lang.String)
No se seleccionó ninguna opción para el campo: cliente
  And No seleccionar cliente en el selector con id "cliente_id"                                         # DefinicionPasos.CrearProyecto.noSeleccionarCliente(java.lang.String)
  When Hacer clic en el botón de guardar con id "btn-guardar-proyecto"                                  # DefinicionPasos.CrearProyecto.hacerClickGuardar(java.lang.String)
  And Permanecer en la vista de modificaion de proyectos "https://taskhub.cl/proyecto/edit/1"           # DefinicionPasos.ModificarProyecto.permanecerEnVistaCreacion(java.lang.String)
]]></system-out>
    <system-err><![CDATA[Nov 23, 2024 10:22:05 AM org.openqa.selenium.devtools.CdpVersionFinder findNearestMatch
ADVERTENCIA: Unable to find an exact match for CDP version 131, returning the closest version; found: 130; Please update to a Selenium version that supports CDP version 131
]]></system-err>
  </testcase>
  <testcase name="Modificar un proyecto existente dejando el nombre de proyecto y jefe de proyecto vacio" classname="Modificar Proyecto" time="9.19">
    <system-out><![CDATA[
Scenario: Modificar un proyecto existente dejando el nombre de proyecto y jefe de proyecto vacio        # src/test/resources/feature/EscenarioModificarProyecto.feature:105
  Given Navegar a la página principal "https://taskhub.cl/"                                             # DefinicionPasos.CrearProyecto.navegarPaginaPrincipal(java.lang.String)
  And Ingresar el usuario en el campo con id "email" con el texto "igna.veliz@duocuc.cl"                # DefinicionPasos.CrearProyecto.ingresarUsuario(java.lang.String,java.lang.String)
  And Ingresar la contraseña en el campo con id "password" con el texto "123123123"                     # DefinicionPasos.CrearProyecto.ingresarContrasena(java.lang.String,java.lang.String)
  And Hacer clic en el botón con id "login_button"                                                      # DefinicionPasos.CrearProyecto.hacerClickBoton(java.lang.String)
  Then Verificar que estamos en la página de inicio "https://taskhub.cl/inicio"                         # DefinicionPasos.CrearProyecto.verificarPaginaInicio(java.lang.String)
  When Hacer clic en el botón de navegación con id "menu-proyectos"                                     # DefinicionPasos.CrearProyecto.hacerClickBotonNavegacion(java.lang.String)
  Then Verificar que ingresamos a la vista de proyectos "https://taskhub.cl/proyecto"                   # DefinicionPasos.CrearProyecto.verificarVistaProyectos(java.lang.String)
  When Seleccionar el proyecto con nombre "Nescafessss" y hacer clic en "btn-editar-1"                  # DefinicionPasos.ModificarProyecto.seleccionar_el_proyecto_con_nombre_y_hacer_clic_en(java.lang.String,java.lang.String)
  Then Verificar que ingresamos a la vista de edición del proyecto "https://taskhub.cl/proyecto/edit/1" # DefinicionPasos.ModificarProyecto.verificar_que_ingresamos_a_la_vista_de_edicion_del_proyecto(java.lang.String)
  And Dejar el campo vacío con id "nombre"                                                              # DefinicionPasos.CrearProyecto.dejarCampoNombreVacio(java.lang.String)
No se seleccionó ninguna opción para el campo: jefe de proyecto
  And No seleccionar jefe de proyecto en el selector con id "jefe_proyecto_id"                          # DefinicionPasos.CrearProyecto.noSeleccionarJefeDeProyecto(java.lang.String)
  When Hacer clic en el botón de guardar con id "btn-guardar-proyecto"                                  # DefinicionPasos.CrearProyecto.hacerClickGuardar(java.lang.String)
  And Permanecer en la vista de modificaion de proyectos "https://taskhub.cl/proyecto/edit/1"           # DefinicionPasos.ModificarProyecto.permanecerEnVistaCreacion(java.lang.String)
]]></system-out>
    <system-err><![CDATA[Nov 23, 2024 10:22:14 AM org.openqa.selenium.devtools.CdpVersionFinder findNearestMatch
ADVERTENCIA: Unable to find an exact match for CDP version 131, returning the closest version; found: 130; Please update to a Selenium version that supports CDP version 131
]]></system-err>
  </testcase>
  <testcase name="Modificar un proyecto existente dejando el nombre de proyecto y tipo de proyecto vacio" classname="Modificar Proyecto" time="9.106">
    <system-out><![CDATA[
Scenario: Modificar un proyecto existente dejando el nombre de proyecto y tipo de proyecto vacio        # src/test/resources/feature/EscenarioModificarProyecto.feature:115
  Given Navegar a la página principal "https://taskhub.cl/"                                             # DefinicionPasos.CrearProyecto.navegarPaginaPrincipal(java.lang.String)
  And Ingresar el usuario en el campo con id "email" con el texto "igna.veliz@duocuc.cl"                # DefinicionPasos.CrearProyecto.ingresarUsuario(java.lang.String,java.lang.String)
  And Ingresar la contraseña en el campo con id "password" con el texto "123123123"                     # DefinicionPasos.CrearProyecto.ingresarContrasena(java.lang.String,java.lang.String)
  And Hacer clic en el botón con id "login_button"                                                      # DefinicionPasos.CrearProyecto.hacerClickBoton(java.lang.String)
  Then Verificar que estamos en la página de inicio "https://taskhub.cl/inicio"                         # DefinicionPasos.CrearProyecto.verificarPaginaInicio(java.lang.String)
  When Hacer clic en el botón de navegación con id "menu-proyectos"                                     # DefinicionPasos.CrearProyecto.hacerClickBotonNavegacion(java.lang.String)
  Then Verificar que ingresamos a la vista de proyectos "https://taskhub.cl/proyecto"                   # DefinicionPasos.CrearProyecto.verificarVistaProyectos(java.lang.String)
  When Seleccionar el proyecto con nombre "Nescafessss" y hacer clic en "btn-editar-1"                  # DefinicionPasos.ModificarProyecto.seleccionar_el_proyecto_con_nombre_y_hacer_clic_en(java.lang.String,java.lang.String)
  Then Verificar que ingresamos a la vista de edición del proyecto "https://taskhub.cl/proyecto/edit/1" # DefinicionPasos.ModificarProyecto.verificar_que_ingresamos_a_la_vista_de_edicion_del_proyecto(java.lang.String)
  And Dejar el campo vacío con id "nombre"                                                              # DefinicionPasos.CrearProyecto.dejarCampoNombreVacio(java.lang.String)
No se seleccionó ninguna opción para el campo: tipo de proyecto
  And No seleccionar tipo de proyecto en el selector con id "tipo_proyecto_id"                          # DefinicionPasos.CrearProyecto.noSeleccionarTipoDeProyecto(java.lang.String)
  When Hacer clic en el botón de guardar con id "btn-guardar-proyecto"                                  # DefinicionPasos.CrearProyecto.hacerClickGuardar(java.lang.String)
  And Permanecer en la vista de modificaion de proyectos "https://taskhub.cl/proyecto/edit/1"           # DefinicionPasos.ModificarProyecto.permanecerEnVistaCreacion(java.lang.String)
]]></system-out>
    <system-err><![CDATA[Nov 23, 2024 10:22:23 AM org.openqa.selenium.devtools.CdpVersionFinder findNearestMatch
ADVERTENCIA: Unable to find an exact match for CDP version 131, returning the closest version; found: 130; Please update to a Selenium version that supports CDP version 131
]]></system-err>
  </testcase>
  <testcase name="Modificar un proyecto existente dejando el nombre de proyecto y tipo de proyecto y jefe de proyecto vacio" classname="Modificar Proyecto" time="9.041">
    <system-out><![CDATA[
Scenario: Modificar un proyecto existente dejando el nombre de proyecto y tipo de proyecto y jefe de proyecto vacio # src/test/resources/feature/EscenarioModificarProyecto.feature:125
  Given Navegar a la página principal "https://taskhub.cl/"                                                         # DefinicionPasos.CrearProyecto.navegarPaginaPrincipal(java.lang.String)
  And Ingresar el usuario en el campo con id "email" con el texto "igna.veliz@duocuc.cl"                            # DefinicionPasos.CrearProyecto.ingresarUsuario(java.lang.String,java.lang.String)
  And Ingresar la contraseña en el campo con id "password" con el texto "123123123"                                 # DefinicionPasos.CrearProyecto.ingresarContrasena(java.lang.String,java.lang.String)
  And Hacer clic en el botón con id "login_button"                                                                  # DefinicionPasos.CrearProyecto.hacerClickBoton(java.lang.String)
  Then Verificar que estamos en la página de inicio "https://taskhub.cl/inicio"                                     # DefinicionPasos.CrearProyecto.verificarPaginaInicio(java.lang.String)
  When Hacer clic en el botón de navegación con id "menu-proyectos"                                                 # DefinicionPasos.CrearProyecto.hacerClickBotonNavegacion(java.lang.String)
  Then Verificar que ingresamos a la vista de proyectos "https://taskhub.cl/proyecto"                               # DefinicionPasos.CrearProyecto.verificarVistaProyectos(java.lang.String)
  When Seleccionar el proyecto con nombre "Nescafessss" y hacer clic en "btn-editar-1"                              # DefinicionPasos.ModificarProyecto.seleccionar_el_proyecto_con_nombre_y_hacer_clic_en(java.lang.String,java.lang.String)
  Then Verificar que ingresamos a la vista de edición del proyecto "https://taskhub.cl/proyecto/edit/1"             # DefinicionPasos.ModificarProyecto.verificar_que_ingresamos_a_la_vista_de_edicion_del_proyecto(java.lang.String)
  And Dejar el campo vacío con id "nombre"                                                                          # DefinicionPasos.CrearProyecto.dejarCampoNombreVacio(java.lang.String)
No se seleccionó ninguna opción para el campo: tipo de proyecto
  And No seleccionar tipo de proyecto en el selector con id "tipo_proyecto_id"                                      # DefinicionPasos.CrearProyecto.noSeleccionarTipoDeProyecto(java.lang.String)
No se seleccionó ninguna opción para el campo: jefe de proyecto
  And No seleccionar jefe de proyecto en el selector con id "jefe_proyecto_id"                                      # DefinicionPasos.CrearProyecto.noSeleccionarJefeDeProyecto(java.lang.String)
  When Hacer clic en el botón de guardar con id "btn-guardar-proyecto"                                              # DefinicionPasos.CrearProyecto.hacerClickGuardar(java.lang.String)
  And Permanecer en la vista de modificaion de proyectos "https://taskhub.cl/proyecto/edit/1"                       # DefinicionPasos.ModificarProyecto.permanecerEnVistaCreacion(java.lang.String)
]]></system-out>
    <system-err><![CDATA[Nov 23, 2024 10:22:33 AM org.openqa.selenium.devtools.CdpVersionFinder findNearestMatch
ADVERTENCIA: Unable to find an exact match for CDP version 131, returning the closest version; found: 130; Please update to a Selenium version that supports CDP version 131
]]></system-err>
  </testcase>
  <testcase name="Modificar un proyecto existente dejando el nombre de proyecto y tipo de proyecto y jefe de proyecto y cliente vacio" classname="Modificar Proyecto" time="9.148">
    <system-out><![CDATA[
Scenario: Modificar un proyecto existente dejando el nombre de proyecto y tipo de proyecto y jefe de proyecto y cliente vacio # src/test/resources/feature/EscenarioModificarProyecto.feature:136
  Given Navegar a la página principal "https://taskhub.cl/"                                                                   # DefinicionPasos.CrearProyecto.navegarPaginaPrincipal(java.lang.String)
  And Ingresar el usuario en el campo con id "email" con el texto "igna.veliz@duocuc.cl"                                      # DefinicionPasos.CrearProyecto.ingresarUsuario(java.lang.String,java.lang.String)
  And Ingresar la contraseña en el campo con id "password" con el texto "123123123"                                           # DefinicionPasos.CrearProyecto.ingresarContrasena(java.lang.String,java.lang.String)
  And Hacer clic en el botón con id "login_button"                                                                            # DefinicionPasos.CrearProyecto.hacerClickBoton(java.lang.String)
  Then Verificar que estamos en la página de inicio "https://taskhub.cl/inicio"                                               # DefinicionPasos.CrearProyecto.verificarPaginaInicio(java.lang.String)
  When Hacer clic en el botón de navegación con id "menu-proyectos"                                                           # DefinicionPasos.CrearProyecto.hacerClickBotonNavegacion(java.lang.String)
  Then Verificar que ingresamos a la vista de proyectos "https://taskhub.cl/proyecto"                                         # DefinicionPasos.CrearProyecto.verificarVistaProyectos(java.lang.String)
  When Seleccionar el proyecto con nombre "Nescafessss" y hacer clic en "btn-editar-1"                                        # DefinicionPasos.ModificarProyecto.seleccionar_el_proyecto_con_nombre_y_hacer_clic_en(java.lang.String,java.lang.String)
  Then Verificar que ingresamos a la vista de edición del proyecto "https://taskhub.cl/proyecto/edit/1"                       # DefinicionPasos.ModificarProyecto.verificar_que_ingresamos_a_la_vista_de_edicion_del_proyecto(java.lang.String)
  And Dejar el campo vacío con id "nombre"                                                                                    # DefinicionPasos.CrearProyecto.dejarCampoNombreVacio(java.lang.String)
No se seleccionó ninguna opción para el campo: tipo de proyecto
  And No seleccionar tipo de proyecto en el selector con id "tipo_proyecto_id"                                                # DefinicionPasos.CrearProyecto.noSeleccionarTipoDeProyecto(java.lang.String)
No se seleccionó ninguna opción para el campo: jefe de proyecto
  And No seleccionar jefe de proyecto en el selector con id "jefe_proyecto_id"                                                # DefinicionPasos.CrearProyecto.noSeleccionarJefeDeProyecto(java.lang.String)
No se seleccionó ninguna opción para el campo: cliente
  And No seleccionar cliente en el selector con id "cliente_id"                                                               # DefinicionPasos.CrearProyecto.noSeleccionarCliente(java.lang.String)
  When Hacer clic en el botón de guardar con id "btn-guardar-proyecto"                                                        # DefinicionPasos.CrearProyecto.hacerClickGuardar(java.lang.String)
  And Permanecer en la vista de modificaion de proyectos "https://taskhub.cl/proyecto/edit/1"                                 # DefinicionPasos.ModificarProyecto.permanecerEnVistaCreacion(java.lang.String)
]]></system-out>
    <system-err><![CDATA[Nov 23, 2024 10:22:42 AM org.openqa.selenium.devtools.CdpVersionFinder findNearestMatch
ADVERTENCIA: Unable to find an exact match for CDP version 131, returning the closest version; found: 130; Please update to a Selenium version that supports CDP version 131
]]></system-err>
  </testcase>
  <testcase name="Revertir el nombre del proyecto al anterior" classname="Modificar Proyecto" time="9.891">
    <system-out><![CDATA[
Scenario: Revertir el nombre del proyecto al anterior                                                   # src/test/resources/feature/EscenarioModificarProyecto.feature:148
  Given Navegar a la página principal "https://taskhub.cl/"                                             # DefinicionPasos.CrearProyecto.navegarPaginaPrincipal(java.lang.String)
  And Ingresar el usuario en el campo con id "email" con el texto "igna.veliz@duocuc.cl"                # DefinicionPasos.CrearProyecto.ingresarUsuario(java.lang.String,java.lang.String)
  And Ingresar la contraseña en el campo con id "password" con el texto "123123123"                     # DefinicionPasos.CrearProyecto.ingresarContrasena(java.lang.String,java.lang.String)
  And Hacer clic en el botón con id "login_button"                                                      # DefinicionPasos.CrearProyecto.hacerClickBoton(java.lang.String)
  Then Verificar que estamos en la página de inicio "https://taskhub.cl/inicio"                         # DefinicionPasos.CrearProyecto.verificarPaginaInicio(java.lang.String)
  When Hacer clic en el botón de navegación con id "menu-proyectos"                                     # DefinicionPasos.CrearProyecto.hacerClickBotonNavegacion(java.lang.String)
  Then Verificar que ingresamos a la vista de proyectos "https://taskhub.cl/proyecto"                   # DefinicionPasos.CrearProyecto.verificarVistaProyectos(java.lang.String)
  When Seleccionar el proyecto con nombre "Proyecto modificado" y hacer clic en "btn-editar-1"          # DefinicionPasos.ModificarProyecto.seleccionar_el_proyecto_con_nombre_y_hacer_clic_en(java.lang.String,java.lang.String)
  Then Verificar que ingresamos a la vista de edición del proyecto "https://taskhub.cl/proyecto/edit/1" # DefinicionPasos.ModificarProyecto.verificar_que_ingresamos_a_la_vista_de_edicion_del_proyecto(java.lang.String)
  And Cambiar el nombre del proyecto con id "nombre" al texto "Nescafessss"                             # DefinicionPasos.ModificarProyecto.cambiar_el_nombre_del_proyecto_con_id_al_texto(java.lang.String,java.lang.String)
  When Hacer clic en el botón de guardar con id "btn-guardar-proyecto"                                  # DefinicionPasos.CrearProyecto.hacerClickGuardar(java.lang.String)
  And Aceptar la alerta de éxito                                                                        # DefinicionPasos.ModificarProyecto.aceptarLaAlertaDeÉxito()
  Then Verificar que el proyecto se actualizó con el nombre "Nescafessss"                               # DefinicionPasos.ModificarProyecto.verificarQueElProyectoSeActualizóConElNombre(java.lang.String)
  And Verificar que llegamos a la vista del proyecto para modificar con la URL que contiene "show"      # DefinicionPasos.ModificarProyecto.verificar_que_llegamos_a_la_vista_del_proyecto_para_modificar_con_la_url_que_contiene(java.lang.String)
]]></system-out>
    <system-err><![CDATA[Nov 23, 2024 10:22:51 AM org.openqa.selenium.devtools.CdpVersionFinder findNearestMatch
ADVERTENCIA: Unable to find an exact match for CDP version 131, returning the closest version; found: 130; Please update to a Selenium version that supports CDP version 131
]]></system-err>
  </testcase>
</testsuite>